[2019-09-07 13:58:19.941] [renderer3] [error] name must not be falsy: Error: name must not be falsy
	at Function.validate (/usr/lib/code/out/vs/workbench/services/extensions/node/extensionHostProcess.js:356:724)
	at new w (/usr/lib/code/out/vs/workbench/services/extensions/node/extensionHostProcess.js:356:673)
	at new w (/usr/lib/code/out/vs/workbench/services/extensions/node/extensionHostProcess.js:345:619)
	at asSymbolInformation (/home/ward/.vscode-oss/extensions/octref.vetur-0.22.2/node_modules/vscode-languageclient/lib/protocolConverter.js:411:22)
	at values.map.information (/home/ward/.vscode-oss/extensions/octref.vetur-0.22.2/node_modules/vscode-languageclient/lib/protocolConverter.js:400:42)
	at Array.map (<anonymous>)
	at Object.asSymbolInformations (/home/ward/.vscode-oss/extensions/octref.vetur-0.22.2/node_modules/vscode-languageclient/lib/protocolConverter.js:400:23)
	at registerLanguageProvider.client.sendRequest.then (/home/ward/.vscode-oss/extensions/octref.vetur-0.22.2/node_modules/vscode-languageclient/lib/client.js:1005:62)
[2019-09-07 13:58:25.022] [renderer3] [error] name must not be falsy: Error: name must not be falsy
	at Function.validate (/usr/lib/code/out/vs/workbench/services/extensions/node/extensionHostProcess.js:356:724)
	at new w (/usr/lib/code/out/vs/workbench/services/extensions/node/extensionHostProcess.js:356:673)
	at new w (/usr/lib/code/out/vs/workbench/services/extensions/node/extensionHostProcess.js:345:619)
	at asSymbolInformation (/home/ward/.vscode-oss/extensions/octref.vetur-0.22.2/node_modules/vscode-languageclient/lib/protocolConverter.js:411:22)
	at values.map.information (/home/ward/.vscode-oss/extensions/octref.vetur-0.22.2/node_modules/vscode-languageclient/lib/protocolConverter.js:400:42)
	at Array.map (<anonymous>)
	at Object.asSymbolInformations (/home/ward/.vscode-oss/extensions/octref.vetur-0.22.2/node_modules/vscode-languageclient/lib/protocolConverter.js:400:23)
	at registerLanguageProvider.client.sendRequest.then (/home/ward/.vscode-oss/extensions/octref.vetur-0.22.2/node_modules/vscode-languageclient/lib/client.js:1005:62)
[2019-09-07 14:01:26.617] [renderer3] [error] name must not be falsy: Error: name must not be falsy
	at Function.validate (/usr/lib/code/out/vs/workbench/services/extensions/node/extensionHostProcess.js:356:724)
	at new w (/usr/lib/code/out/vs/workbench/services/extensions/node/extensionHostProcess.js:356:673)
	at new w (/usr/lib/code/out/vs/workbench/services/extensions/node/extensionHostProcess.js:345:619)
	at asSymbolInformation (/home/ward/.vscode-oss/extensions/octref.vetur-0.22.2/node_modules/vscode-languageclient/lib/protocolConverter.js:411:22)
	at values.map.information (/home/ward/.vscode-oss/extensions/octref.vetur-0.22.2/node_modules/vscode-languageclient/lib/protocolConverter.js:400:42)
	at Array.map (<anonymous>)
	at Object.asSymbolInformations (/home/ward/.vscode-oss/extensions/octref.vetur-0.22.2/node_modules/vscode-languageclient/lib/protocolConverter.js:400:23)
	at registerLanguageProvider.client.sendRequest.then (/home/ward/.vscode-oss/extensions/octref.vetur-0.22.2/node_modules/vscode-languageclient/lib/client.js:1005:62)
[2019-09-07 14:43:59.912] [renderer3] [error] name must not be falsy: Error: name must not be falsy
	at Function.validate (/usr/lib/code/out/vs/workbench/services/extensions/node/extensionHostProcess.js:356:724)
	at new w (/usr/lib/code/out/vs/workbench/services/extensions/node/extensionHostProcess.js:356:673)
	at new w (/usr/lib/code/out/vs/workbench/services/extensions/node/extensionHostProcess.js:345:619)
	at asSymbolInformation (/home/ward/.vscode-oss/extensions/octref.vetur-0.22.2/node_modules/vscode-languageclient/lib/protocolConverter.js:411:22)
	at values.map.information (/home/ward/.vscode-oss/extensions/octref.vetur-0.22.2/node_modules/vscode-languageclient/lib/protocolConverter.js:400:42)
	at Array.map (<anonymous>)
	at Object.asSymbolInformations (/home/ward/.vscode-oss/extensions/octref.vetur-0.22.2/node_modules/vscode-languageclient/lib/protocolConverter.js:400:23)
	at registerLanguageProvider.client.sendRequest.then (/home/ward/.vscode-oss/extensions/octref.vetur-0.22.2/node_modules/vscode-languageclient/lib/client.js:1005:62)
[2019-09-07 16:46:38.693] [renderer3] [error] name must not be falsy: Error: name must not be falsy
	at Function.validate (/usr/lib/code/out/vs/workbench/services/extensions/node/extensionHostProcess.js:356:724)
	at new w (/usr/lib/code/out/vs/workbench/services/extensions/node/extensionHostProcess.js:356:673)
	at new w (/usr/lib/code/out/vs/workbench/services/extensions/node/extensionHostProcess.js:345:619)
	at asSymbolInformation (/home/ward/.vscode-oss/extensions/octref.vetur-0.22.2/node_modules/vscode-languageclient/lib/protocolConverter.js:411:22)
	at values.map.information (/home/ward/.vscode-oss/extensions/octref.vetur-0.22.2/node_modules/vscode-languageclient/lib/protocolConverter.js:400:42)
	at Array.map (<anonymous>)
	at Object.asSymbolInformations (/home/ward/.vscode-oss/extensions/octref.vetur-0.22.2/node_modules/vscode-languageclient/lib/protocolConverter.js:400:23)
	at registerLanguageProvider.client.sendRequest.then (/home/ward/.vscode-oss/extensions/octref.vetur-0.22.2/node_modules/vscode-languageclient/lib/client.js:1005:62)
[2019-09-07 17:03:23.875] [renderer3] [error] name must not be falsy: Error: name must not be falsy
	at Function.validate (/usr/lib/code/out/vs/workbench/services/extensions/node/extensionHostProcess.js:356:724)
	at new w (/usr/lib/code/out/vs/workbench/services/extensions/node/extensionHostProcess.js:356:673)
	at new w (/usr/lib/code/out/vs/workbench/services/extensions/node/extensionHostProcess.js:345:619)
	at asSymbolInformation (/home/ward/.vscode-oss/extensions/octref.vetur-0.22.2/node_modules/vscode-languageclient/lib/protocolConverter.js:411:22)
	at values.map.information (/home/ward/.vscode-oss/extensions/octref.vetur-0.22.2/node_modules/vscode-languageclient/lib/protocolConverter.js:400:42)
	at Array.map (<anonymous>)
	at Object.asSymbolInformations (/home/ward/.vscode-oss/extensions/octref.vetur-0.22.2/node_modules/vscode-languageclient/lib/protocolConverter.js:400:23)
	at registerLanguageProvider.client.sendRequest.then (/home/ward/.vscode-oss/extensions/octref.vetur-0.22.2/node_modules/vscode-languageclient/lib/client.js:1005:62)
