[2019-09-05 15:19:42.308] [exthost] [info] extension host started
[2019-09-05 15:19:42.325] [exthost] [info] ExtensionService#_doActivateExtension octref.vetur {"startup":false,"activationEvent":"onLanguage:vue"}
[2019-09-05 15:19:42.325] [exthost] [info] ExtensionService#loadCommonJSModule /home/ward/.vscode-oss/extensions/octref.vetur-0.22.2/dist/client/vueMain
[2019-09-05 15:19:42.404] [exthost] [info] ExtensionService#_doActivateExtension vscode.debug-auto-launch {"startup":true,"activationEvent":"*"}
[2019-09-05 15:19:42.405] [exthost] [info] ExtensionService#loadCommonJSModule /usr/lib/code/extensions/debug-auto-launch/dist/extension
[2019-09-05 15:19:42.409] [exthost] [info] ExtensionService#_doActivateExtension vscode.emmet {"startup":true,"activationEvent":"*"}
[2019-09-05 15:19:42.409] [exthost] [info] ExtensionService#loadCommonJSModule /usr/lib/code/extensions/emmet/dist/extension
[2019-09-05 15:19:42.471] [exthost] [info] ExtensionService#_doActivateExtension vscode.git {"startup":true,"activationEvent":"*"}
[2019-09-05 15:19:42.471] [exthost] [info] ExtensionService#loadCommonJSModule /usr/lib/code/extensions/git/dist/main
[2019-09-05 15:19:42.571] [exthost] [info] ExtensionService#_doActivateExtension vscode.merge-conflict {"startup":true,"activationEvent":"*"}
[2019-09-05 15:19:42.571] [exthost] [info] ExtensionService#loadCommonJSModule /usr/lib/code/extensions/merge-conflict/dist/extension
[2019-09-05 15:19:42.577] [exthost] [info] ExtensionService#_doActivateExtension HookyQR.beautify {"startup":true,"activationEvent":"*"}
[2019-09-05 15:19:42.578] [exthost] [info] ExtensionService#loadCommonJSModule /home/ward/.vscode-oss/extensions/hookyqr.beautify-1.5.0/extension
[2019-09-05 15:19:42.619] [exthost] [info] ExtensionService#_doActivateExtension ritwickdey.LiveServer {"startup":true,"activationEvent":"*"}
[2019-09-05 15:19:42.619] [exthost] [info] ExtensionService#loadCommonJSModule /home/ward/.vscode-oss/extensions/ritwickdey.liveserver-5.6.1/out/src/extension
[2019-09-05 15:19:42.902] [exthost] [info] ExtensionService#_doActivateExtension vscode.npm {"startup":true,"activationEvent":"workspaceContains:package.json"}
[2019-09-05 15:19:42.902] [exthost] [info] ExtensionService#loadCommonJSModule /usr/lib/code/extensions/npm/dist/main
[2019-09-05 15:19:42.926] [exthost] [info] ExtensionService#_doActivateExtension yzhang.markdown-all-in-one {"startup":true,"activationEvent":"workspaceContains:README.md"}
[2019-09-05 15:19:42.926] [exthost] [info] ExtensionService#loadCommonJSModule /home/ward/.vscode-oss/extensions/yzhang.markdown-all-in-one-2.4.2/dist/extension
[2019-09-05 15:19:43.250] [exthost] [info] eager extensions activated
[2019-09-05 15:22:53.077] [exthost] [info] ExtensionService#_doActivateExtension vscode.typescript-language-features {"startup":false,"activationEvent":"onLanguage:javascript"}
[2019-09-05 15:22:53.077] [exthost] [info] ExtensionService#loadCommonJSModule /usr/lib/code/extensions/typescript-language-features/dist/extension
[2019-09-05 15:26:01.437] [exthost] [info] ExtensionService#_doActivateExtension vscode.extension-editing {"startup":false,"activationEvent":"onLanguage:typescript"}
[2019-09-05 15:26:01.437] [exthost] [info] ExtensionService#loadCommonJSModule /usr/lib/code/extensions/extension-editing/dist/extension
[2019-09-05 15:50:06.111] [exthost] [info] ExtensionService#_doActivateExtension vscode.html-language-features {"startup":false,"activationEvent":"onLanguage:html"}
[2019-09-05 15:50:06.111] [exthost] [info] ExtensionService#loadCommonJSModule /usr/lib/code/extensions/html-language-features/client/dist/htmlMain
