Looking for git in: git
Using git 2.22.1 from git
> git rev-parse --show-toplevel
> git rev-parse --git-dir
> git config --get commit.template
Open repository: /home/ward/disk/repos/cb-app-test/ionic-vue-example
> git status -z -u
> git symbolic-ref --short HEAD
> git rev-parse master
> git rev-parse --symbolic-full-name master@{u}
> git rev-list --left-right master...refs/remotes/origin/master
> git for-each-ref --format %(refname) %(objectname) --sort -committerdate
> git remote --verbose
Failed to watch ref '/home/ward/disk/repos/cb-app-test/ionic-vue-example/.git/refs/remotes/origin/master', is most likely packed.
Error: ENOENT: no such file or directory, watch '/home/ward/disk/repos/cb-app-test/ionic-vue-example/.git/refs/remotes/origin/master'
	at FSWatcher.start (internal/fs/watchers.js:164:26)
	at Object.watch (fs.js:1232:11)
	at Object.t.watch (/usr/lib/code/extensions/git/dist/main.js:1:6950)
	at E.updateTransientWatchers (/usr/lib/code/extensions/git/dist/main.js:1:97463)
	at u.fire (/usr/lib/code/out/vs/workbench/services/extensions/node/extensionHostProcess.js:50:227)
	at T.updateModelState (/usr/lib/code/extensions/git/dist/main.js:1:114843)
> git show :src/App.vue
> git check-ignore -v -z --stdin
