[2019-09-04 19:36:59.027] [renderer3] [error] name must not be falsy: Error: name must not be falsy
	at Function.validate (/usr/lib/code/out/vs/workbench/services/extensions/node/extensionHostProcess.js:356:724)
	at new w (/usr/lib/code/out/vs/workbench/services/extensions/node/extensionHostProcess.js:356:673)
	at new w (/usr/lib/code/out/vs/workbench/services/extensions/node/extensionHostProcess.js:345:619)
	at asSymbolInformation (/home/ward/.vscode-oss/extensions/octref.vetur-0.22.2/node_modules/vscode-languageclient/lib/protocolConverter.js:411:22)
	at values.map.information (/home/ward/.vscode-oss/extensions/octref.vetur-0.22.2/node_modules/vscode-languageclient/lib/protocolConverter.js:400:42)
	at Array.map (<anonymous>)
	at Object.asSymbolInformations (/home/ward/.vscode-oss/extensions/octref.vetur-0.22.2/node_modules/vscode-languageclient/lib/protocolConverter.js:400:23)
	at registerLanguageProvider.client.sendRequest.then (/home/ward/.vscode-oss/extensions/octref.vetur-0.22.2/node_modules/vscode-languageclient/lib/client.js:1005:62)
[2019-09-04 19:37:11.251] [renderer3] [error] name must not be falsy: Error: name must not be falsy
	at Function.validate (/usr/lib/code/out/vs/workbench/services/extensions/node/extensionHostProcess.js:356:724)
	at new w (/usr/lib/code/out/vs/workbench/services/extensions/node/extensionHostProcess.js:356:673)
	at new w (/usr/lib/code/out/vs/workbench/services/extensions/node/extensionHostProcess.js:345:619)
	at asSymbolInformation (/home/ward/.vscode-oss/extensions/octref.vetur-0.22.2/node_modules/vscode-languageclient/lib/protocolConverter.js:411:22)
	at values.map.information (/home/ward/.vscode-oss/extensions/octref.vetur-0.22.2/node_modules/vscode-languageclient/lib/protocolConverter.js:400:42)
	at Array.map (<anonymous>)
	at Object.asSymbolInformations (/home/ward/.vscode-oss/extensions/octref.vetur-0.22.2/node_modules/vscode-languageclient/lib/protocolConverter.js:400:23)
	at registerLanguageProvider.client.sendRequest.then (/home/ward/.vscode-oss/extensions/octref.vetur-0.22.2/node_modules/vscode-languageclient/lib/client.js:1005:62)
[2019-09-04 19:37:18.568] [renderer3] [error] name must not be falsy: Error: name must not be falsy
	at Function.validate (/usr/lib/code/out/vs/workbench/services/extensions/node/extensionHostProcess.js:356:724)
	at new w (/usr/lib/code/out/vs/workbench/services/extensions/node/extensionHostProcess.js:356:673)
	at new w (/usr/lib/code/out/vs/workbench/services/extensions/node/extensionHostProcess.js:345:619)
	at asSymbolInformation (/home/ward/.vscode-oss/extensions/octref.vetur-0.22.2/node_modules/vscode-languageclient/lib/protocolConverter.js:411:22)
	at values.map.information (/home/ward/.vscode-oss/extensions/octref.vetur-0.22.2/node_modules/vscode-languageclient/lib/protocolConverter.js:400:42)
	at Array.map (<anonymous>)
	at Object.asSymbolInformations (/home/ward/.vscode-oss/extensions/octref.vetur-0.22.2/node_modules/vscode-languageclient/lib/protocolConverter.js:400:23)
	at registerLanguageProvider.client.sendRequest.then (/home/ward/.vscode-oss/extensions/octref.vetur-0.22.2/node_modules/vscode-languageclient/lib/client.js:1005:62)
[2019-09-04 20:37:05.311] [renderer3] [error] name must not be falsy: Error: name must not be falsy
	at Function.validate (/usr/lib/code/out/vs/workbench/services/extensions/node/extensionHostProcess.js:356:724)
	at new w (/usr/lib/code/out/vs/workbench/services/extensions/node/extensionHostProcess.js:356:673)
	at new w (/usr/lib/code/out/vs/workbench/services/extensions/node/extensionHostProcess.js:345:619)
	at asSymbolInformation (/home/ward/.vscode-oss/extensions/octref.vetur-0.22.2/node_modules/vscode-languageclient/lib/protocolConverter.js:411:22)
	at values.map.information (/home/ward/.vscode-oss/extensions/octref.vetur-0.22.2/node_modules/vscode-languageclient/lib/protocolConverter.js:400:42)
	at Array.map (<anonymous>)
	at Object.asSymbolInformations (/home/ward/.vscode-oss/extensions/octref.vetur-0.22.2/node_modules/vscode-languageclient/lib/protocolConverter.js:400:23)
	at registerLanguageProvider.client.sendRequest.then (/home/ward/.vscode-oss/extensions/octref.vetur-0.22.2/node_modules/vscode-languageclient/lib/client.js:1005:62)
