INFO 9/19/2019, 4:38:46 PM  cannot parse user config, use the default one
INFO 9/19/2019, 4:38:46 PM  luanchFromDiffVersion, pre version is undefined
INFO 9/19/2019, 4:38:46 PM  overwriteThemeFolder
INFO 9/19/2019, 4:38:46 PM  ------------------start------------------
INFO 9/19/2019, 4:38:46 PM  typora version: 0.9.77
DEBUG 9/19/2019, 4:38:46 PM  [ '/usr/share/typora/Typora' ]
ERROR 9/19/2019, 4:38:46 PM  (node:256215) [DEP0005] DeprecationWarning: Buffer() is deprecated due to security and usability issues. Please use the Buffer.alloc(), Buffer.allocUnsafe(), or Buffer.from() methods instead.
DEBUG 9/19/2019, 4:38:46 PM  app.openFile
INFO 9/19/2019, 4:38:47 PM  [focus] 1
INFO 9/19/2019, 4:38:47 PM  [blur] 1
INFO 9/19/2019, 4:38:47 PM  [focus] 1
INFO 9/19/2019, 4:38:47 PM  [blur] 1
INFO 9/19/2019, 4:38:53 PM  ------------------start------------------
INFO 9/19/2019, 4:38:53 PM  typora version: 0.9.77
DEBUG 9/19/2019, 4:38:53 PM  [ '/usr/share/typora/Typora' ]
ERROR 9/19/2019, 4:38:53 PM  (node:256400) [DEP0005] DeprecationWarning: Buffer() is deprecated due to security and usability issues. Please use the Buffer.alloc(), Buffer.allocUnsafe(), or Buffer.from() methods instead.
DEBUG 9/19/2019, 4:38:53 PM  app.openFile
INFO 9/19/2019, 4:38:53 PM  [focus] 1
INFO 9/19/2019, 4:39:10 PM  [blur] 1
INFO 9/19/2019, 4:39:10 PM  [focus] 1
INFO 9/19/2019, 4:39:10 PM  [blur] 1
INFO 9/19/2019, 4:39:10 PM  [focus] 1
INFO 9/19/2019, 4:39:11 PM  [blur] 1
INFO 9/19/2019, 4:39:11 PM  [focus] 1
INFO 9/19/2019, 4:39:11 PM  [blur] 1
INFO 9/19/2019, 4:39:11 PM  [focus] 1
INFO 9/19/2019, 4:39:11 PM  [blur] 1
INFO 9/19/2019, 4:39:11 PM  [focus] 1
INFO 9/19/2019, 4:39:12 PM  [blur] 1
INFO 9/19/2019, 4:39:12 PM  [focus] 1
INFO 9/19/2019, 4:39:12 PM  [blur] 1
INFO 9/19/2019, 4:39:12 PM  [focus] 1
INFO 9/19/2019, 4:39:12 PM  [blur] 1
INFO 9/19/2019, 4:39:12 PM  [focus] 1
INFO 9/19/2019, 4:39:13 PM  [blur] 1
INFO 9/19/2019, 4:39:13 PM  [focus] 1
INFO 9/19/2019, 4:39:13 PM  [blur] 1
INFO 9/19/2019, 4:39:14 PM  [focus] 1
INFO 9/19/2019, 4:39:14 PM  [blur] 1
INFO 9/19/2019, 4:39:14 PM  [focus] 1
INFO 9/19/2019, 4:39:14 PM  [blur] 1
INFO 9/19/2019, 4:39:14 PM  [focus] 1
INFO 9/19/2019, 4:39:14 PM  [blur] 1
INFO 9/19/2019, 4:39:14 PM  [focus] 1
INFO 9/19/2019, 4:39:15 PM  [blur] 1
INFO 9/19/2019, 4:39:15 PM  [focus] 1
INFO 9/19/2019, 4:39:15 PM  [blur] 1
INFO 9/19/2019, 4:39:15 PM  [focus] 1
INFO 9/19/2019, 4:39:15 PM  [blur] 1
INFO 9/19/2019, 4:39:15 PM  [focus] 1
INFO 9/19/2019, 4:39:16 PM  [blur] 1
INFO 9/19/2019, 4:39:16 PM  [focus] 1
INFO 9/19/2019, 4:39:16 PM  [blur] 1
INFO 9/19/2019, 4:39:16 PM  [focus] 1
INFO 9/19/2019, 4:39:17 PM  [blur] 1
INFO 9/19/2019, 4:39:17 PM  [focus] 1
INFO 9/19/2019, 4:39:17 PM  [blur] 1
INFO 9/19/2019, 4:39:17 PM  [focus] 1
INFO 9/19/2019, 4:40:06 PM  [blur] 1
INFO 9/19/2019, 4:40:06 PM  [focus] 1
INFO 9/19/2019, 4:40:06 PM  [blur] 1
INFO 9/19/2019, 4:40:06 PM  [focus] 1
INFO 9/19/2019, 4:40:07 PM  [blur] 1
INFO 9/19/2019, 4:40:07 PM  [focus] 1
INFO 9/19/2019, 4:40:07 PM  [blur] 1
INFO 9/19/2019, 4:40:07 PM  [focus] 1
INFO 9/19/2019, 4:40:08 PM  [blur] 1
INFO 9/19/2019, 4:40:08 PM  [focus] 1
INFO 9/19/2019, 4:40:08 PM  [blur] 1
INFO 9/19/2019, 4:40:08 PM  [focus] 1
INFO 9/19/2019, 4:40:08 PM  [blur] 1
INFO 9/19/2019, 4:40:08 PM  [focus] 1
INFO 9/19/2019, 4:40:09 PM  [blur] 1
INFO 9/19/2019, 4:40:09 PM  [focus] 1
INFO 9/19/2019, 4:40:09 PM  [blur] 1
INFO 9/19/2019, 4:40:09 PM  [focus] 1
INFO 9/19/2019, 4:40:10 PM  [blur] 1
INFO 9/19/2019, 4:40:10 PM  [focus] 1
INFO 9/19/2019, 4:40:51 PM  ------------------quit------------------
INFO 9/19/2019, 4:40:51 PM  ------------------will-quit------------------
