00:00:00.393360 VirtualBox GUI VM Selector Window 6.0.10 r132055 linux.amd64 (Jul 16 2019 13:49:20) release log
00:00:00.393361 Log opened 2019-09-19T11:41:23.389603000Z
00:00:00.393362 Build Type: release
00:00:00.393364 OS Product: Linux
00:00:00.393364 OS Release: 5.2.8-arch1-1-ARCH
00:00:00.393365 OS Version: #1 SMP PREEMPT Fri Aug 9 21:36:07 UTC 2019
00:00:00.393381 DMI Product Name: HP Pavilion Notebook
00:00:00.393387 DMI Product Version: Type1ProductConfigId
00:00:00.393414 Host RAM: 15929MB (15.5GB) total, 13968MB (13.6GB) available
00:00:00.393416 Executable: /usr/lib/virtualbox/VirtualBox
00:00:00.393417 Process ID: 17949
00:00:00.393417 Package type: LINUX_64BITS_GENERIC (OSE)
00:00:00.393435 Qt version: 5.13.0
00:00:00.440039 GUI: UIMediumEnumerator: Medium-enumeration started...
00:00:00.915009 GUI: UIDesktopWidgetWatchdog::sltHandleHostScreenAvailableGeometryCalculated: Screen 1 work area is actually resized to: 960x1099 x 480x1061
00:00:00.915443 GUI: UIDesktopWidgetWatchdog::sltHandleHostScreenAvailableGeometryCalculated: Screen 0 work area is actually resized to: 480x1099 x 480x1061
00:00:00.936457 Failed to open "/dev/vboxdrv", errno=13, rc=VERR_VM_DRIVER_NOT_ACCESSIBLE
00:00:00.936635 GUI: UIMediumEnumerator: Medium-enumeration finished!
00:00:00.987010 refreshCertificates/#1: Certificate '/etc/ca-certificates/extracted/objsign-ca-bundle.pem' is empty
00:00:01.019076 refreshCertificates/#3: Found 1/306 SSL certs we/you trust (previously 1/308).
00:00:06.774499 GUI: UIMediumEnumerator: Medium-enumeration started...
00:00:06.815133 GUI: UIMediumEnumerator: Medium-enumeration finished!
00:00:39.296945 GUI: UIMediumEnumerator: Medium with key={{4ed95db4-c8f8-45dd-ab5b-2d728a145531}} created
00:00:39.499076 GUI: UIMediumEnumerator: Medium-enumeration finished!
