00:00:00.003368 main     VirtualBox XPCOM Server 6.0.10 r132055 linux.amd64 (Jul 16 2019 13:49:20) release log
00:00:00.003373 main     Log opened 2019-08-30T16:03:51.182192000Z
00:00:00.003375 main     Build Type: release
00:00:00.003380 main     OS Product: Linux
00:00:00.003382 main     OS Release: 5.2.8-arch1-1-ARCH
00:00:00.003384 main     OS Version: #1 SMP PREEMPT Fri Aug 9 21:36:07 UTC 2019
00:00:00.003423 main     DMI Product Name: HP Pavilion Notebook
00:00:00.003445 main     DMI Product Version: Type1ProductConfigId
00:00:00.003509 main     Host RAM: 15929MB (15.5GB) total, 15001MB (14.6GB) available
00:00:00.003515 main     Executable: /usr/lib/virtualbox/VBoxSVC
00:00:00.003516 main     Process ID: 24177
00:00:00.003517 main     Package type: LINUX_64BITS_GENERIC (OSE)
00:00:00.006407 main     IPC socket path: /tmp/.vbox-ward-ipc/ipcd
00:00:00.129149 nspr-2   VirtualBox: object creation starts
00:00:00.129289 nspr-2   Home directory: '/home/ward/.config/VirtualBox'
00:00:00.130063 nspr-2   Loading settings file "/home/ward/.config/VirtualBox/VirtualBox.xml" with version "1.12-linux"
00:00:00.146432 nspr-2   NetIfAdpCtlOut: VBoxNetAdpCtl: Error while retrieving link speed for wlo1: VBoxNetAdpCtl: ioctl failed: Operation not supported
00:00:00.148435 nspr-2   NAT: resolv.conf: nameserver 192.168.1.1
00:00:00.148481 nspr-2   HostDnsMonitor::updateInfo
00:00:00.148514 nspr-2   HostDnsMonitor: old information
00:00:00.148521 nspr-2     no server entries
00:00:00.148529 nspr-2     no domain set
00:00:00.148534 nspr-2     no search string entries
00:00:00.148540 nspr-2   HostDnsMonitor: new information
00:00:00.148546 nspr-2     server 1: 192.168.1.1
00:00:00.148553 nspr-2     domain: home
00:00:00.148559 nspr-2     search string 1: home
00:00:00.157188 nspr-2   VD: VDInit finished with VINF_SUCCESS
00:00:00.158871 nspr-2   ERROR [COM]: aRC=NS_ERROR_FAILURE (0x80004005) aIID={d55176e5-6730-4e9e-fc1f-a59b1f44f78f} aComponent={SystemPropertiesWrap} aText={Cannot determine default Guest Additions ISO location. Most likely they are not available}, preserve=false aResultDetail=0
00:00:00.173106 nspr-2   Loading settings file "/home/ward/windows-vm/windows-vm/windows-vm.vbox" with version "1.17-linux"
00:00:00.182925 nspr-2   ERROR [COM]: aRC=NS_ERROR_FAILURE (0x80004005) aIID={5047460a-265d-4538-b23e-ddba5fb84976} aComponent={MachineWrap} aText={Runtime error opening '/home/ward/ubuntu-vm/ubuntu-vm/ubuntu-vm.vbox' for reading: -102 (File not found.).
00:00:00.182939 nspr-2   /build/virtualbox/src/VirtualBox-6.0.10/src/VBox/Main/src-server/MachineImpl.cpp[752] (nsresult Machine::i_registeredInit())}, preserve=false aResultDetail=0
00:00:00.184968 nspr-2   Loading settings file "/home/ward/disk/kali-vm/kali-vm/kali-vm.vbox" with version "1.16-linux"
00:00:00.187936 nspr-2   Loading settings file "/home/ward/disk/protostar-vm/protostar-vm/protostar-vm.vbox" with version "1.16-linux"
00:00:00.189611 nspr-2   VirtualBox: object created
00:00:00.706579 nspr-4   ERROR [COM]: aRC=NS_ERROR_FAILURE (0x80004005) aIID={5047460a-265d-4538-b23e-ddba5fb84976} aComponent={MachineWrap} aText={Runtime error opening '/home/ward/ubuntu-vm/ubuntu-vm/ubuntu-vm.vbox' for reading: -102 (File not found.).
00:00:00.706584 nspr-4   /build/virtualbox/src/VirtualBox-6.0.10/src/VBox/Main/src-server/MachineImpl.cpp[752] (nsresult Machine::i_registeredInit())}, preserve=false aResultDetail=0
00:00:00.706801 nspr-4   ERROR [COM]: aRC=NS_ERROR_FAILURE (0x80004005) aIID={5047460a-265d-4538-b23e-ddba5fb84976} aComponent={MachineWrap} aText={Runtime error opening '/home/ward/ubuntu-vm/ubuntu-vm/ubuntu-vm.vbox' for reading: -102 (File not found.).
00:00:00.706803 nspr-4   /build/virtualbox/src/VirtualBox-6.0.10/src/VBox/Main/src-server/MachineImpl.cpp[752] (nsresult Machine::i_registeredInit())}, preserve=false aResultDetail=0
00:00:00.707375 nspr-4   ERROR [COM]: aRC=NS_ERROR_FAILURE (0x80004005) aIID={5047460a-265d-4538-b23e-ddba5fb84976} aComponent={MachineWrap} aText={Runtime error opening '/home/ward/ubuntu-vm/ubuntu-vm/ubuntu-vm.vbox' for reading: -102 (File not found.).
00:00:00.707378 nspr-4   /build/virtualbox/src/VirtualBox-6.0.10/src/VBox/Main/src-server/MachineImpl.cpp[752] (nsresult Machine::i_registeredInit())}, preserve=false aResultDetail=0
00:00:00.713086 nspr-4   ERROR [COM]: aRC=E_ACCESSDENIED (0x80070005) aIID={5047460a-265d-4538-b23e-ddba5fb84976} aComponent={MachineWrap} aText={The object functionality is limited}, preserve=false aResultDetail=0
00:00:00.792224 nspr-4   WARNING [COM]: aRC=NS_ERROR_FAILURE (0x80004005) aIID={dbe11e5f-7f10-46e7-94c4-1e95bf4b6627} aComponent={HostWrap} aText={VirtualBox is not currently allowed to access USB devices.  You can change this by adding your user to the 'vboxusers' group.  Please see the user manual for a more detailed explanation}, preserve=true  aResultDetail=0
00:00:00.881726 nspr-4   WARNING [COM]: aRC=NS_ERROR_FAILURE (0x80004005) aIID={dbe11e5f-7f10-46e7-94c4-1e95bf4b6627} aComponent={HostWrap} aText={VirtualBox is not currently allowed to access USB devices.  You can change this by adding your user to the 'vboxusers' group.  Please see the user manual for a more detailed explanation}, preserve=true  aResultDetail=0
00:00:00.882403 nspr-4   WARNING [COM]: aRC=NS_ERROR_FAILURE (0x80004005) aIID={dbe11e5f-7f10-46e7-94c4-1e95bf4b6627} aComponent={HostWrap} aText={VirtualBox is not currently allowed to access USB devices.  You can change this by adding your user to the 'vboxusers' group.  Please see the user manual for a more detailed explanation}, preserve=true  aResultDetail=0
00:00:01.995729 nspr-3   Saving settings file "/home/ward/.config/VirtualBox/VirtualBox.xml" with version "1.12-linux"
00:00:02.011103 nspr-2   Saving settings file "/home/ward/.config/VirtualBox/VirtualBox.xml" with version "1.12-linux"
00:00:02.155856 nspr-2   WARNING [COM]: aRC=NS_ERROR_FAILURE (0x80004005) aIID={dbe11e5f-7f10-46e7-94c4-1e95bf4b6627} aComponent={HostWrap} aText={VirtualBox is not currently allowed to access USB devices.  You can change this by adding your user to the 'vboxusers' group.  Please see the user manual for a more detailed explanation}, preserve=true  aResultDetail=0
00:00:02.208266 nspr-2   WARNING [COM]: aRC=NS_ERROR_FAILURE (0x80004005) aIID={dbe11e5f-7f10-46e7-94c4-1e95bf4b6627} aComponent={HostWrap} aText={VirtualBox is not currently allowed to access USB devices.  You can change this by adding your user to the 'vboxusers' group.  Please see the user manual for a more detailed explanation}, preserve=true  aResultDetail=0
00:00:02.208850 nspr-2   WARNING [COM]: aRC=NS_ERROR_FAILURE (0x80004005) aIID={dbe11e5f-7f10-46e7-94c4-1e95bf4b6627} aComponent={HostWrap} aText={VirtualBox is not currently allowed to access USB devices.  You can change this by adding your user to the 'vboxusers' group.  Please see the user manual for a more detailed explanation}, preserve=true  aResultDetail=0
00:00:02.583255 nspr-3   ERROR [COM]: aRC=E_ACCESSDENIED (0x80070005) aIID={5047460a-265d-4538-b23e-ddba5fb84976} aComponent={MachineWrap} aText={The object functionality is limited}, preserve=false aResultDetail=0
00:00:02.588102 nspr-2   ERROR [COM]: aRC=NS_ERROR_FAILURE (0x80004005) aIID={5047460a-265d-4538-b23e-ddba5fb84976} aComponent={MachineWrap} aText={Runtime error opening '/home/ward/ubuntu-vm/ubuntu-vm/ubuntu-vm.vbox' for reading: -102 (File not found.).
00:00:02.588108 nspr-2   /build/virtualbox/src/VirtualBox-6.0.10/src/VBox/Main/src-server/MachineImpl.cpp[752] (nsresult Machine::i_registeredInit())}, preserve=false aResultDetail=0
00:00:02.589742 nspr-3   ERROR [COM]: aRC=NS_ERROR_FAILURE (0x80004005) aIID={5047460a-265d-4538-b23e-ddba5fb84976} aComponent={MachineWrap} aText={Runtime error opening '/home/ward/ubuntu-vm/ubuntu-vm/ubuntu-vm.vbox' for reading: -102 (File not found.).
00:00:02.589747 nspr-3   /build/virtualbox/src/VirtualBox-6.0.10/src/VBox/Main/src-server/MachineImpl.cpp[752] (nsresult Machine::i_registeredInit())}, preserve=false aResultDetail=0
00:00:02.590473 nspr-2   ERROR [COM]: aRC=NS_ERROR_FAILURE (0x80004005) aIID={5047460a-265d-4538-b23e-ddba5fb84976} aComponent={MachineWrap} aText={Runtime error opening '/home/ward/ubuntu-vm/ubuntu-vm/ubuntu-vm.vbox' for reading: -102 (File not found.).
00:00:02.590477 nspr-2   /build/virtualbox/src/VirtualBox-6.0.10/src/VBox/Main/src-server/MachineImpl.cpp[752] (nsresult Machine::i_registeredInit())}, preserve=false aResultDetail=0
00:00:02.591168 nspr-3   ERROR [COM]: aRC=E_ACCESSDENIED (0x80070005) aIID={5047460a-265d-4538-b23e-ddba5fb84976} aComponent={MachineWrap} aText={The object functionality is limited}, preserve=false aResultDetail=0
00:00:02.592500 nspr-2   ERROR [COM]: aRC=E_ACCESSDENIED (0x80070005) aIID={5047460a-265d-4538-b23e-ddba5fb84976} aComponent={MachineWrap} aText={The object functionality is limited}, preserve=false aResultDetail=0
00:00:02.593305 nspr-3   ERROR [COM]: aRC=NS_ERROR_FAILURE (0x80004005) aIID={5047460a-265d-4538-b23e-ddba5fb84976} aComponent={MachineWrap} aText={Runtime error opening '/home/ward/ubuntu-vm/ubuntu-vm/ubuntu-vm.vbox' for reading: -102 (File not found.).
00:00:02.593308 nspr-3   /build/virtualbox/src/VirtualBox-6.0.10/src/VBox/Main/src-server/MachineImpl.cpp[752] (nsresult Machine::i_registeredInit())}, preserve=false aResultDetail=0
00:00:02.594023 nspr-2   ERROR [COM]: aRC=NS_ERROR_FAILURE (0x80004005) aIID={5047460a-265d-4538-b23e-ddba5fb84976} aComponent={MachineWrap} aText={Runtime error opening '/home/ward/ubuntu-vm/ubuntu-vm/ubuntu-vm.vbox' for reading: -102 (File not found.).
00:00:02.594025 nspr-2   /build/virtualbox/src/VirtualBox-6.0.10/src/VBox/Main/src-server/MachineImpl.cpp[752] (nsresult Machine::i_registeredInit())}, preserve=false aResultDetail=0
00:00:02.594513 nspr-3   ERROR [COM]: aRC=NS_ERROR_FAILURE (0x80004005) aIID={5047460a-265d-4538-b23e-ddba5fb84976} aComponent={MachineWrap} aText={Runtime error opening '/home/ward/ubuntu-vm/ubuntu-vm/ubuntu-vm.vbox' for reading: -102 (File not found.).
00:00:02.594515 nspr-3   /build/virtualbox/src/VirtualBox-6.0.10/src/VBox/Main/src-server/MachineImpl.cpp[752] (nsresult Machine::i_registeredInit())}, preserve=false aResultDetail=0
00:00:02.594925 nspr-2   ERROR [COM]: aRC=NS_ERROR_FAILURE (0x80004005) aIID={5047460a-265d-4538-b23e-ddba5fb84976} aComponent={MachineWrap} aText={Runtime error opening '/home/ward/ubuntu-vm/ubuntu-vm/ubuntu-vm.vbox' for reading: -102 (File not found.).
00:00:02.594928 nspr-2   /build/virtualbox/src/VirtualBox-6.0.10/src/VBox/Main/src-server/MachineImpl.cpp[752] (nsresult Machine::i_registeredInit())}, preserve=false aResultDetail=0
00:00:02.595646 nspr-3   ERROR [COM]: aRC=NS_ERROR_FAILURE (0x80004005) aIID={5047460a-265d-4538-b23e-ddba5fb84976} aComponent={MachineWrap} aText={Runtime error opening '/home/ward/ubuntu-vm/ubuntu-vm/ubuntu-vm.vbox' for reading: -102 (File not found.).
00:00:02.595649 nspr-3   /build/virtualbox/src/VirtualBox-6.0.10/src/VBox/Main/src-server/MachineImpl.cpp[752] (nsresult Machine::i_registeredInit())}, preserve=false aResultDetail=0
00:00:02.596015 nspr-2   ERROR [COM]: aRC=NS_ERROR_FAILURE (0x80004005) aIID={5047460a-265d-4538-b23e-ddba5fb84976} aComponent={MachineWrap} aText={Runtime error opening '/home/ward/ubuntu-vm/ubuntu-vm/ubuntu-vm.vbox' for reading: -102 (File not found.).
00:00:02.596018 nspr-2   /build/virtualbox/src/VirtualBox-6.0.10/src/VBox/Main/src-server/MachineImpl.cpp[752] (nsresult Machine::i_registeredInit())}, preserve=false aResultDetail=0
00:00:03.122846 nspr-2   WARNING [COM]: aRC=NS_ERROR_FAILURE (0x80004005) aIID={dbe11e5f-7f10-46e7-94c4-1e95bf4b6627} aComponent={HostWrap} aText={VirtualBox is not currently allowed to access USB devices.  You can change this by adding your user to the 'vboxusers' group.  Please see the user manual for a more detailed explanation}, preserve=true  aResultDetail=0
00:00:03.161268 nspr-2   WARNING [COM]: aRC=NS_ERROR_FAILURE (0x80004005) aIID={dbe11e5f-7f10-46e7-94c4-1e95bf4b6627} aComponent={HostWrap} aText={VirtualBox is not currently allowed to access USB devices.  You can change this by adding your user to the 'vboxusers' group.  Please see the user manual for a more detailed explanation}, preserve=true  aResultDetail=0
00:00:03.162139 nspr-2   WARNING [COM]: aRC=NS_ERROR_FAILURE (0x80004005) aIID={dbe11e5f-7f10-46e7-94c4-1e95bf4b6627} aComponent={HostWrap} aText={VirtualBox is not currently allowed to access USB devices.  You can change this by adding your user to the 'vboxusers' group.  Please see the user manual for a more detailed explanation}, preserve=true  aResultDetail=0
00:00:03.646035 nspr-2   WARNING [COM]: aRC=NS_ERROR_FAILURE (0x80004005) aIID={dbe11e5f-7f10-46e7-94c4-1e95bf4b6627} aComponent={HostWrap} aText={VirtualBox is not currently allowed to access USB devices.  You can change this by adding your user to the 'vboxusers' group.  Please see the user manual for a more detailed explanation}, preserve=true  aResultDetail=0
00:00:03.693658 nspr-2   WARNING [COM]: aRC=NS_ERROR_FAILURE (0x80004005) aIID={dbe11e5f-7f10-46e7-94c4-1e95bf4b6627} aComponent={HostWrap} aText={VirtualBox is not currently allowed to access USB devices.  You can change this by adding your user to the 'vboxusers' group.  Please see the user manual for a more detailed explanation}, preserve=true  aResultDetail=0
00:00:03.695930 nspr-2   WARNING [COM]: aRC=NS_ERROR_FAILURE (0x80004005) aIID={dbe11e5f-7f10-46e7-94c4-1e95bf4b6627} aComponent={HostWrap} aText={VirtualBox is not currently allowed to access USB devices.  You can change this by adding your user to the 'vboxusers' group.  Please see the user manual for a more detailed explanation}, preserve=true  aResultDetail=0
00:00:04.622781 nspr-4   WARNING [COM]: aRC=NS_ERROR_FAILURE (0x80004005) aIID={dbe11e5f-7f10-46e7-94c4-1e95bf4b6627} aComponent={HostWrap} aText={VirtualBox is not currently allowed to access USB devices.  You can change this by adding your user to the 'vboxusers' group.  Please see the user manual for a more detailed explanation}, preserve=true  aResultDetail=0
00:00:04.623719 nspr-4   WARNING [COM]: aRC=NS_ERROR_FAILURE (0x80004005) aIID={dbe11e5f-7f10-46e7-94c4-1e95bf4b6627} aComponent={HostWrap} aText={VirtualBox is not currently allowed to access USB devices.  You can change this by adding your user to the 'vboxusers' group.  Please see the user manual for a more detailed explanation}, preserve=true  aResultDetail=0
00:00:04.751301 nspr-6   WARNING [COM]: aRC=NS_ERROR_FAILURE (0x80004005) aIID={dbe11e5f-7f10-46e7-94c4-1e95bf4b6627} aComponent={HostWrap} aText={VirtualBox is not currently allowed to access USB devices.  You can change this by adding your user to the 'vboxusers' group.  Please see the user manual for a more detailed explanation}, preserve=true  aResultDetail=0
00:00:04.752030 nspr-6   WARNING [COM]: aRC=NS_ERROR_FAILURE (0x80004005) aIID={dbe11e5f-7f10-46e7-94c4-1e95bf4b6627} aComponent={HostWrap} aText={VirtualBox is not currently allowed to access USB devices.  You can change this by adding your user to the 'vboxusers' group.  Please see the user manual for a more detailed explanation}, preserve=true  aResultDetail=0
00:00:04.940412 nspr-5   WARNING [COM]: aRC=NS_ERROR_FAILURE (0x80004005) aIID={dbe11e5f-7f10-46e7-94c4-1e95bf4b6627} aComponent={HostWrap} aText={VirtualBox is not currently allowed to access USB devices.  You can change this by adding your user to the 'vboxusers' group.  Please see the user manual for a more detailed explanation}, preserve=true  aResultDetail=0
00:00:04.941246 nspr-6   WARNING [COM]: aRC=NS_ERROR_FAILURE (0x80004005) aIID={dbe11e5f-7f10-46e7-94c4-1e95bf4b6627} aComponent={HostWrap} aText={VirtualBox is not currently allowed to access USB devices.  You can change this by adding your user to the 'vboxusers' group.  Please see the user manual for a more detailed explanation}, preserve=true  aResultDetail=0
00:00:04.941528 nspr-6   ERROR [COM]: aRC=VBOX_E_OBJECT_NOT_FOUND (0x80bb0001) aIID={70401eef-c8e9-466b-9660-45cb3e9979e4} aComponent={ExtPackManagerWrap} aText={No extension pack by the name 'Oracle VM VirtualBox Extension Pack' was found}, preserve=false aResultDetail=0
00:00:04.979335 nspr-6   WARNING [COM]: aRC=NS_ERROR_FAILURE (0x80004005) aIID={dbe11e5f-7f10-46e7-94c4-1e95bf4b6627} aComponent={HostWrap} aText={VirtualBox is not currently allowed to access USB devices.  You can change this by adding your user to the 'vboxusers' group.  Please see the user manual for a more detailed explanation}, preserve=true  aResultDetail=0
00:00:04.980062 nspr-5   WARNING [COM]: aRC=NS_ERROR_FAILURE (0x80004005) aIID={dbe11e5f-7f10-46e7-94c4-1e95bf4b6627} aComponent={HostWrap} aText={VirtualBox is not currently allowed to access USB devices.  You can change this by adding your user to the 'vboxusers' group.  Please see the user manual for a more detailed explanation}, preserve=true  aResultDetail=0
00:00:04.998276 nspr-5   ERROR [COM]: aRC=VBOX_E_IPRT_ERROR (0x80bb0005) aIID={5047460a-265d-4538-b23e-ddba5fb84976} aComponent={SessionMachine} aText={Saved screenshot data is not available (VERR_NOT_SUPPORTED)}, preserve=false aResultDetail=-37
00:00:05.008099 nspr-5   NetIfAdpCtlOut: VBoxNetAdpCtl: Error while retrieving link speed for wlo1: VBoxNetAdpCtl: ioctl failed: Operation not supported
00:00:05.047766 nspr-3   WARNING [COM]: aRC=NS_ERROR_FAILURE (0x80004005) aIID={dbe11e5f-7f10-46e7-94c4-1e95bf4b6627} aComponent={HostWrap} aText={VirtualBox is not currently allowed to access USB devices.  You can change this by adding your user to the 'vboxusers' group.  Please see the user manual for a more detailed explanation}, preserve=true  aResultDetail=0
00:00:05.049340 nspr-3   WARNING [COM]: aRC=NS_ERROR_FAILURE (0x80004005) aIID={dbe11e5f-7f10-46e7-94c4-1e95bf4b6627} aComponent={HostWrap} aText={VirtualBox is not currently allowed to access USB devices.  You can change this by adding your user to the 'vboxusers' group.  Please see the user manual for a more detailed explanation}, preserve=true  aResultDetail=0
00:00:05.050255 nspr-5   WARNING [COM]: aRC=NS_ERROR_FAILURE (0x80004005) aIID={dbe11e5f-7f10-46e7-94c4-1e95bf4b6627} aComponent={HostWrap} aText={VirtualBox is not currently allowed to access USB devices.  You can change this by adding your user to the 'vboxusers' group.  Please see the user manual for a more detailed explanation}, preserve=true  aResultDetail=0
00:00:05.871510 nspr-5   WARNING [COM]: aRC=NS_ERROR_FAILURE (0x80004005) aIID={dbe11e5f-7f10-46e7-94c4-1e95bf4b6627} aComponent={HostWrap} aText={VirtualBox is not currently allowed to access USB devices.  You can change this by adding your user to the 'vboxusers' group.  Please see the user manual for a more detailed explanation}, preserve=true  aResultDetail=0
00:00:05.872136 nspr-5   WARNING [COM]: aRC=NS_ERROR_FAILURE (0x80004005) aIID={dbe11e5f-7f10-46e7-94c4-1e95bf4b6627} aComponent={HostWrap} aText={VirtualBox is not currently allowed to access USB devices.  You can change this by adding your user to the 'vboxusers' group.  Please see the user manual for a more detailed explanation}, preserve=true  aResultDetail=0
00:09:32.601505 nspr-2   WARNING [COM]: aRC=NS_ERROR_FAILURE (0x80004005) aIID={dbe11e5f-7f10-46e7-94c4-1e95bf4b6627} aComponent={HostWrap} aText={VirtualBox is not currently allowed to access USB devices.  You can change this by adding your user to the 'vboxusers' group.  Please see the user manual for a more detailed explanation}, preserve=true  aResultDetail=0
00:09:32.902342 nspr-5   NetIfAdpCtlOut: VBoxNetAdpCtl: Error while retrieving link speed for wlo1: VBoxNetAdpCtl: ioctl failed: Operation not supported
00:09:32.903529 nspr-3   ERROR [COM]: aRC=E_ACCESSDENIED (0x80070005) aIID={5047460a-265d-4538-b23e-ddba5fb84976} aComponent={MachineWrap} aText={The object functionality is limited}, preserve=false aResultDetail=0
00:09:32.907208 nspr-5   NetIfAdpCtlOut: VBoxNetAdpCtl: Error while retrieving link speed for wlo1: VBoxNetAdpCtl: ioctl failed: Operation not supported
00:09:32.908074 nspr-5   ERROR [COM]: aRC=E_ACCESSDENIED (0x80070005) aIID={5047460a-265d-4538-b23e-ddba5fb84976} aComponent={MachineWrap} aText={The object functionality is limited}, preserve=false aResultDetail=0
00:09:32.919674 nspr-2   WARNING [COM]: aRC=NS_ERROR_FAILURE (0x80004005) aIID={dbe11e5f-7f10-46e7-94c4-1e95bf4b6627} aComponent={HostWrap} aText={VirtualBox is not currently allowed to access USB devices.  You can change this by adding your user to the 'vboxusers' group.  Please see the user manual for a more detailed explanation}, preserve=true  aResultDetail=0
00:09:32.920134 nspr-2   WARNING [COM]: aRC=NS_ERROR_FAILURE (0x80004005) aIID={dbe11e5f-7f10-46e7-94c4-1e95bf4b6627} aComponent={HostWrap} aText={VirtualBox is not currently allowed to access USB devices.  You can change this by adding your user to the 'vboxusers' group.  Please see the user manual for a more detailed explanation}, preserve=true  aResultDetail=0
00:09:33.011164 nspr-2   WARNING [COM]: aRC=NS_ERROR_FAILURE (0x80004005) aIID={dbe11e5f-7f10-46e7-94c4-1e95bf4b6627} aComponent={HostWrap} aText={VirtualBox is not currently allowed to access USB devices.  You can change this by adding your user to the 'vboxusers' group.  Please see the user manual for a more detailed explanation}, preserve=true  aResultDetail=0
00:09:33.012059 nspr-7   WARNING [COM]: aRC=NS_ERROR_FAILURE (0x80004005) aIID={dbe11e5f-7f10-46e7-94c4-1e95bf4b6627} aComponent={HostWrap} aText={VirtualBox is not currently allowed to access USB devices.  You can change this by adding your user to the 'vboxusers' group.  Please see the user manual for a more detailed explanation}, preserve=true  aResultDetail=0
00:10:33.900588 nspr-3   WARNING [COM]: aRC=NS_ERROR_FAILURE (0x80004005) aIID={dbe11e5f-7f10-46e7-94c4-1e95bf4b6627} aComponent={HostWrap} aText={VirtualBox is not currently allowed to access USB devices.  You can change this by adding your user to the 'vboxusers' group.  Please see the user manual for a more detailed explanation}, preserve=true  aResultDetail=0
00:10:33.900827 nspr-6   Saving settings file "/home/ward/windows-vm/windows-vm/windows-vm.vbox" with version "1.17-linux"
00:10:33.967975 nspr-7   WARNING [COM]: aRC=NS_ERROR_FAILURE (0x80004005) aIID={dbe11e5f-7f10-46e7-94c4-1e95bf4b6627} aComponent={HostWrap} aText={VirtualBox is not currently allowed to access USB devices.  You can change this by adding your user to the 'vboxusers' group.  Please see the user manual for a more detailed explanation}, preserve=true  aResultDetail=0
00:10:33.968880 nspr-7   WARNING [COM]: aRC=NS_ERROR_FAILURE (0x80004005) aIID={dbe11e5f-7f10-46e7-94c4-1e95bf4b6627} aComponent={HostWrap} aText={VirtualBox is not currently allowed to access USB devices.  You can change this by adding your user to the 'vboxusers' group.  Please see the user manual for a more detailed explanation}, preserve=true  aResultDetail=0
00:14:04.507068 nspr-8   WARNING [COM]: aRC=NS_ERROR_FAILURE (0x80004005) aIID={dbe11e5f-7f10-46e7-94c4-1e95bf4b6627} aComponent={HostWrap} aText={VirtualBox is not currently allowed to access USB devices.  You can change this by adding your user to the 'vboxusers' group.  Please see the user manual for a more detailed explanation}, preserve=false aResultDetail=0
00:14:06.036616 nspr-2   WARNING [COM]: aRC=NS_ERROR_FAILURE (0x80004005) aIID={dbe11e5f-7f10-46e7-94c4-1e95bf4b6627} aComponent={HostWrap} aText={VirtualBox is not currently allowed to access USB devices.  You can change this by adding your user to the 'vboxusers' group.  Please see the user manual for a more detailed explanation}, preserve=true  aResultDetail=0
00:14:06.296294 nspr-8   NetIfAdpCtlOut: VBoxNetAdpCtl: Error while retrieving link speed for wlo1: VBoxNetAdpCtl: ioctl failed: Operation not supported
00:14:06.297344 nspr-4   ERROR [COM]: aRC=E_ACCESSDENIED (0x80070005) aIID={5047460a-265d-4538-b23e-ddba5fb84976} aComponent={MachineWrap} aText={The object functionality is limited}, preserve=false aResultDetail=0
00:14:06.300794 nspr-8   NetIfAdpCtlOut: VBoxNetAdpCtl: Error while retrieving link speed for wlo1: VBoxNetAdpCtl: ioctl failed: Operation not supported
00:14:06.301674 nspr-8   ERROR [COM]: aRC=E_ACCESSDENIED (0x80070005) aIID={5047460a-265d-4538-b23e-ddba5fb84976} aComponent={MachineWrap} aText={The object functionality is limited}, preserve=false aResultDetail=0
00:14:06.311925 nspr-5   WARNING [COM]: aRC=NS_ERROR_FAILURE (0x80004005) aIID={dbe11e5f-7f10-46e7-94c4-1e95bf4b6627} aComponent={HostWrap} aText={VirtualBox is not currently allowed to access USB devices.  You can change this by adding your user to the 'vboxusers' group.  Please see the user manual for a more detailed explanation}, preserve=true  aResultDetail=0
00:14:06.312392 nspr-5   WARNING [COM]: aRC=NS_ERROR_FAILURE (0x80004005) aIID={dbe11e5f-7f10-46e7-94c4-1e95bf4b6627} aComponent={HostWrap} aText={VirtualBox is not currently allowed to access USB devices.  You can change this by adding your user to the 'vboxusers' group.  Please see the user manual for a more detailed explanation}, preserve=true  aResultDetail=0
00:14:57.179341 nspr-3   WARNING [COM]: aRC=NS_ERROR_FAILURE (0x80004005) aIID={dbe11e5f-7f10-46e7-94c4-1e95bf4b6627} aComponent={HostWrap} aText={VirtualBox is not currently allowed to access USB devices.  You can change this by adding your user to the 'vboxusers' group.  Please see the user manual for a more detailed explanation}, preserve=true  aResultDetail=0
00:14:57.179592 nspr-5   Saving settings file "/home/ward/windows-vm/windows-vm/windows-vm.vbox" with version "1.17-linux"
00:14:57.237414 nspr-5   WARNING [COM]: aRC=NS_ERROR_FAILURE (0x80004005) aIID={dbe11e5f-7f10-46e7-94c4-1e95bf4b6627} aComponent={HostWrap} aText={VirtualBox is not currently allowed to access USB devices.  You can change this by adding your user to the 'vboxusers' group.  Please see the user manual for a more detailed explanation}, preserve=true  aResultDetail=0
00:14:57.238268 nspr-5   WARNING [COM]: aRC=NS_ERROR_FAILURE (0x80004005) aIID={dbe11e5f-7f10-46e7-94c4-1e95bf4b6627} aComponent={HostWrap} aText={VirtualBox is not currently allowed to access USB devices.  You can change this by adding your user to the 'vboxusers' group.  Please see the user manual for a more detailed explanation}, preserve=true  aResultDetail=0
00:15:00.637003 nspr-5   ERROR [COM]: aRC=NS_ERROR_NOT_IMPLEMENTED (0x80004001) aIID={d55176e5-6730-4e9e-fc1f-a59b1f44f78f} aComponent={SystemPropertiesWrap} aText={Method setDefaultAdditionsISO is not implemented}, preserve=false aResultDetail=0
00:18:37.383282 nspr-8   ERROR [COM]: aRC=NS_ERROR_NOT_IMPLEMENTED (0x80004001) aIID={d55176e5-6730-4e9e-fc1f-a59b1f44f78f} aComponent={SystemPropertiesWrap} aText={Method setDefaultAdditionsISO is not implemented}, preserve=false aResultDetail=0
00:20:29.695069 nspr-2   ERROR [COM]: aRC=NS_ERROR_NOT_IMPLEMENTED (0x80004001) aIID={d55176e5-6730-4e9e-fc1f-a59b1f44f78f} aComponent={SystemPropertiesWrap} aText={Method setDefaultAdditionsISO is not implemented}, preserve=false aResultDetail=0
00:20:56.757558 nspr-2   WARNING [COM]: aRC=NS_ERROR_FAILURE (0x80004005) aIID={dbe11e5f-7f10-46e7-94c4-1e95bf4b6627} aComponent={HostWrap} aText={VirtualBox is not currently allowed to access USB devices.  You can change this by adding your user to the 'vboxusers' group.  Please see the user manual for a more detailed explanation}, preserve=false aResultDetail=0
00:21:00.157351 nspr-6   WARNING [COM]: aRC=NS_ERROR_FAILURE (0x80004005) aIID={dbe11e5f-7f10-46e7-94c4-1e95bf4b6627} aComponent={HostWrap} aText={VirtualBox is not currently allowed to access USB devices.  You can change this by adding your user to the 'vboxusers' group.  Please see the user manual for a more detailed explanation}, preserve=false aResultDetail=0
00:21:01.757308 nspr-2   WARNING [COM]: aRC=NS_ERROR_FAILURE (0x80004005) aIID={dbe11e5f-7f10-46e7-94c4-1e95bf4b6627} aComponent={HostWrap} aText={VirtualBox is not currently allowed to access USB devices.  You can change this by adding your user to the 'vboxusers' group.  Please see the user manual for a more detailed explanation}, preserve=false aResultDetail=0
00:21:02.421545 nspr-7   WARNING [COM]: aRC=NS_ERROR_FAILURE (0x80004005) aIID={dbe11e5f-7f10-46e7-94c4-1e95bf4b6627} aComponent={HostWrap} aText={VirtualBox is not currently allowed to access USB devices.  You can change this by adding your user to the 'vboxusers' group.  Please see the user manual for a more detailed explanation}, preserve=true  aResultDetail=0
00:21:02.651280 nspr-2   WARNING [COM]: aRC=NS_ERROR_FAILURE (0x80004005) aIID={dbe11e5f-7f10-46e7-94c4-1e95bf4b6627} aComponent={HostWrap} aText={VirtualBox is not currently allowed to access USB devices.  You can change this by adding your user to the 'vboxusers' group.  Please see the user manual for a more detailed explanation}, preserve=true  aResultDetail=0
00:21:02.651709 nspr-2   WARNING [COM]: aRC=NS_ERROR_FAILURE (0x80004005) aIID={dbe11e5f-7f10-46e7-94c4-1e95bf4b6627} aComponent={HostWrap} aText={VirtualBox is not currently allowed to access USB devices.  You can change this by adding your user to the 'vboxusers' group.  Please see the user manual for a more detailed explanation}, preserve=true  aResultDetail=0
00:21:02.663032 nspr-7   NetIfAdpCtlOut: VBoxNetAdpCtl: Error while retrieving link speed for wlo1: VBoxNetAdpCtl: ioctl failed: Operation not supported
00:21:02.664229 nspr-3   ERROR [COM]: aRC=E_ACCESSDENIED (0x80070005) aIID={5047460a-265d-4538-b23e-ddba5fb84976} aComponent={MachineWrap} aText={The object functionality is limited}, preserve=false aResultDetail=0
00:21:02.667594 nspr-7   NetIfAdpCtlOut: VBoxNetAdpCtl: Error while retrieving link speed for wlo1: VBoxNetAdpCtl: ioctl failed: Operation not supported
00:21:02.668434 nspr-7   ERROR [COM]: aRC=E_ACCESSDENIED (0x80070005) aIID={5047460a-265d-4538-b23e-ddba5fb84976} aComponent={MachineWrap} aText={The object functionality is limited}, preserve=false aResultDetail=0
00:21:35.338346 nspr-2   Saving settings file "/home/ward/.config/VirtualBox/VirtualBox.xml" with version "1.12-linux"
00:21:35.349419 nspr-5   Saving settings file "/home/ward/.config/VirtualBox/VirtualBox.xml" with version "1.12-linux"
00:21:41.495614 nspr-6   ERROR [COM]: aRC=VBOX_E_OBJECT_NOT_FOUND (0x80bb0001) aIID={5047460a-265d-4538-b23e-ddba5fb84976} aComponent={SessionMachine} aText={No storage device attached to device slot 0 on port 1 of controller 'SATA'}, preserve=false aResultDetail=0
00:21:41.581385 nspr-3   Saving settings file "/home/ward/.config/VirtualBox/VirtualBox.xml" with version "1.12-linux"
00:21:41.585895 nspr-6   WARNING [COM]: aRC=NS_ERROR_FAILURE (0x80004005) aIID={dbe11e5f-7f10-46e7-94c4-1e95bf4b6627} aComponent={HostWrap} aText={VirtualBox is not currently allowed to access USB devices.  You can change this by adding your user to the 'vboxusers' group.  Please see the user manual for a more detailed explanation}, preserve=true  aResultDetail=0
00:21:41.588312 nspr-5   WARNING [COM]: aRC=NS_ERROR_FAILURE (0x80004005) aIID={dbe11e5f-7f10-46e7-94c4-1e95bf4b6627} aComponent={HostWrap} aText={VirtualBox is not currently allowed to access USB devices.  You can change this by adding your user to the 'vboxusers' group.  Please see the user manual for a more detailed explanation}, preserve=true  aResultDetail=0
00:21:41.589317 nspr-6   ERROR [COM]: aRC=VBOX_E_OBJECT_NOT_FOUND (0x80bb0001) aIID={70401eef-c8e9-466b-9660-45cb3e9979e4} aComponent={ExtPackManagerWrap} aText={No extension pack by the name 'Oracle VM VirtualBox Extension Pack' was found}, preserve=false aResultDetail=0
00:21:41.615878 nspr-2   WARNING [COM]: aRC=NS_ERROR_FAILURE (0x80004005) aIID={dbe11e5f-7f10-46e7-94c4-1e95bf4b6627} aComponent={HostWrap} aText={VirtualBox is not currently allowed to access USB devices.  You can change this by adding your user to the 'vboxusers' group.  Please see the user manual for a more detailed explanation}, preserve=true  aResultDetail=0
00:21:41.618988 nspr-6   Saving settings file "/home/ward/windows-vm/windows-vm/windows-vm.vbox" with version "1.17-linux"
00:21:41.674479 nspr-4   WARNING [COM]: aRC=NS_ERROR_FAILURE (0x80004005) aIID={dbe11e5f-7f10-46e7-94c4-1e95bf4b6627} aComponent={HostWrap} aText={VirtualBox is not currently allowed to access USB devices.  You can change this by adding your user to the 'vboxusers' group.  Please see the user manual for a more detailed explanation}, preserve=true  aResultDetail=0
00:21:41.675346 nspr-4   WARNING [COM]: aRC=NS_ERROR_FAILURE (0x80004005) aIID={dbe11e5f-7f10-46e7-94c4-1e95bf4b6627} aComponent={HostWrap} aText={VirtualBox is not currently allowed to access USB devices.  You can change this by adding your user to the 'vboxusers' group.  Please see the user manual for a more detailed explanation}, preserve=true  aResultDetail=0
00:28:07.035293 nspr-7   ERROR [COM]: aRC=NS_ERROR_NOT_IMPLEMENTED (0x80004001) aIID={d55176e5-6730-4e9e-fc1f-a59b1f44f78f} aComponent={SystemPropertiesWrap} aText={Method setDefaultAdditionsISO is not implemented}, preserve=false aResultDetail=0
00:28:07.153103 nspr-8   Saving settings file "/home/ward/windows-vm/windows-vm/windows-vm.vbox" with version "1.17-linux"
00:28:07.202707 nspr-6   WARNING [COM]: aRC=NS_ERROR_FAILURE (0x80004005) aIID={dbe11e5f-7f10-46e7-94c4-1e95bf4b6627} aComponent={HostWrap} aText={VirtualBox is not currently allowed to access USB devices.  You can change this by adding your user to the 'vboxusers' group.  Please see the user manual for a more detailed explanation}, preserve=true  aResultDetail=0
00:28:07.203515 nspr-6   WARNING [COM]: aRC=NS_ERROR_FAILURE (0x80004005) aIID={dbe11e5f-7f10-46e7-94c4-1e95bf4b6627} aComponent={HostWrap} aText={VirtualBox is not currently allowed to access USB devices.  You can change this by adding your user to the 'vboxusers' group.  Please see the user manual for a more detailed explanation}, preserve=true  aResultDetail=0
00:28:37.326103 nspr-7   Saving settings file "/home/ward/.config/VirtualBox/VirtualBox.xml" with version "1.12-linux"
00:28:37.336509 nspr-4   Saving settings file "/home/ward/.config/VirtualBox/VirtualBox.xml" with version "1.12-linux"
00:28:37.343376 nspr-8   Saving settings file "/home/ward/.config/VirtualBox/VirtualBox.xml" with version "1.12-linux"
00:36:08.494586 nspr-7   WARNING [COM]: aRC=NS_ERROR_FAILURE (0x80004005) aIID={dbe11e5f-7f10-46e7-94c4-1e95bf4b6627} aComponent={HostWrap} aText={VirtualBox is not currently allowed to access USB devices.  You can change this by adding your user to the 'vboxusers' group.  Please see the user manual for a more detailed explanation}, preserve=true  aResultDetail=0
00:36:08.731601 nspr-5   NetIfAdpCtlOut: VBoxNetAdpCtl: Error while retrieving link speed for wlo1: VBoxNetAdpCtl: ioctl failed: Operation not supported
00:36:08.732694 nspr-8   ERROR [COM]: aRC=E_ACCESSDENIED (0x80070005) aIID={5047460a-265d-4538-b23e-ddba5fb84976} aComponent={MachineWrap} aText={The object functionality is limited}, preserve=false aResultDetail=0
00:36:08.735971 nspr-3   NetIfAdpCtlOut: VBoxNetAdpCtl: Error while retrieving link speed for wlo1: VBoxNetAdpCtl: ioctl failed: Operation not supported
00:36:08.736628 nspr-5   ERROR [COM]: aRC=E_ACCESSDENIED (0x80070005) aIID={5047460a-265d-4538-b23e-ddba5fb84976} aComponent={MachineWrap} aText={The object functionality is limited}, preserve=false aResultDetail=0
00:36:08.742686 nspr-4   WARNING [COM]: aRC=NS_ERROR_FAILURE (0x80004005) aIID={dbe11e5f-7f10-46e7-94c4-1e95bf4b6627} aComponent={HostWrap} aText={VirtualBox is not currently allowed to access USB devices.  You can change this by adding your user to the 'vboxusers' group.  Please see the user manual for a more detailed explanation}, preserve=true  aResultDetail=0
00:36:08.742995 nspr-3   WARNING [COM]: aRC=NS_ERROR_FAILURE (0x80004005) aIID={dbe11e5f-7f10-46e7-94c4-1e95bf4b6627} aComponent={HostWrap} aText={VirtualBox is not currently allowed to access USB devices.  You can change this by adding your user to the 'vboxusers' group.  Please see the user manual for a more detailed explanation}, preserve=true  aResultDetail=0
00:36:11.984736 nspr-3   WARNING [COM]: aRC=NS_ERROR_FAILURE (0x80004005) aIID={dbe11e5f-7f10-46e7-94c4-1e95bf4b6627} aComponent={HostWrap} aText={VirtualBox is not currently allowed to access USB devices.  You can change this by adding your user to the 'vboxusers' group.  Please see the user manual for a more detailed explanation}, preserve=true  aResultDetail=0
00:36:11.984999 nspr-7   Saving settings file "/home/ward/windows-vm/windows-vm/windows-vm.vbox" with version "1.17-linux"
00:36:56.839760 nspr-4   Saving settings file "/home/ward/windows-vm/windows-vm/windows-vm.vbox" with version "1.17-linux"
00:36:56.881662 nspr-6   Saving settings file "/home/ward/windows-vm/windows-vm/windows-vm.vbox" with version "1.17-linux"
00:37:02.904555 main     VirtualBox: object deletion starts
00:37:02.904629 main     ERROR [COM]: aRC=VBOX_E_OBJECT_IN_USE (0x80bb000c) aIID={ad47ad09-787b-44ab-b343-a082a3f2dfb1} aComponent={MediumWrap} aText={Medium '/home/ward/windows-vm/windows-vm/windows-vm.vdi' cannot be closed because it is still attached to 1 virtual machines}, preserve=false aResultDetail=0
00:37:02.904920 main     ERROR [COM]: aRC=VBOX_E_OBJECT_IN_USE (0x80bb000c) aIID={ad47ad09-787b-44ab-b343-a082a3f2dfb1} aComponent={MediumWrap} aText={Medium '/home/ward/disk/kali-vm/kali-vm/kali-vm.vdi' cannot be closed because it is still attached to 1 virtual machines}, preserve=false aResultDetail=0
00:37:02.905181 main     ERROR [COM]: aRC=VBOX_E_OBJECT_IN_USE (0x80bb000c) aIID={ad47ad09-787b-44ab-b343-a082a3f2dfb1} aComponent={MediumWrap} aText={Medium '/home/ward/disk/protostar-vm/protostar-vm/protostar-vm.vdi' cannot be closed because it is still attached to 1 virtual machines}, preserve=false aResultDetail=0
00:37:03.349010 Watcher  ERROR [COM]: aRC=E_ACCESSDENIED (0x80070005) aIID={d0a0163f-e254-4e5b-a1f2-011cf991c38d} aComponent={VirtualBoxWrap} aText={The object is not ready}, preserve=false aResultDetail=0
00:37:07.906411 main     {00007ffad80191d0} HostPowerServiceLinux::~HostPowerServiceLinux: RTThreadWait() for 5000 ms failed with VERR_TIMEOUT
00:37:07.906887 main     VirtualBox: object deleted
