[2019-09-22 19:29:02.056] [renderer3] [error] spawn git EACCES: Error: spawn git EACCES
	at Process.ChildProcess._handle.onexit (internal/child_process.js:232:19)
	at onErrorNT (internal/child_process.js:407:16)
	at process._tickCallback (internal/process/next_tick.js:63:19)
[2019-09-22 19:29:02.497] [renderer3] [error] <syntax> TypeScript Server Error (3.5.2)
No Project.
Error: No Project.
    at Object.ThrowNoProject (tsserver.js:124624:23)
    at IOSession.Session.getFileAndLanguageServiceForSyntacticOperation (tsserver.js:130973:42)
    at IOSession.Session.getOutliningSpans (tsserver.js:130987:31)
    at Session.handlers.ts.createMapFromTemplate._a.(anonymous function) (tsserver.js:130055:61)
    at tsserver.js:131665:88
    at IOSession.Session.executeWithRequestId (tsserver.js:131656:28)
    at IOSession.Session.executeCommand (tsserver.js:131665:33)
    at IOSession.Session.onMessage (tsserver.js:131687:35)
    at Interface.<anonymous> (tsserver.js:132978:27)
    at Interface.emit (events.js:182:13)
    at Interface._onLine (readline.js:290:10)
    at Interface._normalWrite (readline.js:433:12)
    at Socket.ondata (readline.js:149:10)
    at Socket.emit (events.js:182:13)
    at addChunk (_stream_readable.js:283:12)
    at readableAddChunk (_stream_readable.js:264:11)
    at Socket.Readable.push (_stream_readable.js:219:10)
    at Pipe.onStreamRead [as onread] (internal/stream_base_commons.js:94:17): Error: <syntax> TypeScript Server Error (3.5.2)
No Project.
Error: No Project.
    at Object.ThrowNoProject (tsserver.js:124624:23)
    at IOSession.Session.getFileAndLanguageServiceForSyntacticOperation (tsserver.js:130973:42)
    at IOSession.Session.getOutliningSpans (tsserver.js:130987:31)
    at Session.handlers.ts.createMapFromTemplate._a.(anonymous function) (tsserver.js:130055:61)
    at tsserver.js:131665:88
    at IOSession.Session.executeWithRequestId (tsserver.js:131656:28)
    at IOSession.Session.executeCommand (tsserver.js:131665:33)
    at IOSession.Session.onMessage (tsserver.js:131687:35)
    at Interface.<anonymous> (tsserver.js:132978:27)
    at Interface.emit (events.js:182:13)
    at Interface._onLine (readline.js:290:10)
    at Interface._normalWrite (readline.js:433:12)
    at Socket.ondata (readline.js:149:10)
    at Socket.emit (events.js:182:13)
    at addChunk (_stream_readable.js:283:12)
    at readableAddChunk (_stream_readable.js:264:11)
    at Socket.Readable.push (_stream_readable.js:219:10)
    at Pipe.onStreamRead [as onread] (internal/stream_base_commons.js:94:17)
	at Function.create (/usr/lib/code/extensions/typescript-language-features/dist/extension.js:53:63463)
	at h.dispatchResponse (/usr/lib/code/extensions/typescript-language-features/dist/extension.js:53:56618)
	at h.dispatchMessage (/usr/lib/code/extensions/typescript-language-features/dist/extension.js:53:55516)
	at constructor._reader.onData.e (/usr/lib/code/extensions/typescript-language-features/dist/extension.js:53:54992)
	at u.fire (/usr/lib/code/out/vs/workbench/services/extensions/node/extensionHostProcess.js:50:207)
	at t.Reader.onLengthData (/usr/lib/code/extensions/typescript-language-features/dist/extension.js:53:61683)
	at Socket.t.Reader.constructor.e.on.e (/usr/lib/code/extensions/typescript-language-features/dist/extension.js:53:61331)
	at Socket.emit (events.js:182:13)
	at addChunk (_stream_readable.js:283:12)
	at readableAddChunk (_stream_readable.js:264:11)
	at Socket.Readable.push (_stream_readable.js:219:10)
	at Pipe.onStreamRead [as onread] (internal/stream_base_commons.js:94:17)
