[21936][1563803602654][main][info]["Booting Postman 7.2.2, linux-5.1.12-arch1-1-ARCH on x64"]
[21936][1563803602657][main][info]["EventBus~initialize - Success"]
[21936][1563803602667][main][info]["UpdateHandler~init - Success"]
[21936][1563803602669][main][info]["RuntimeExecutionService~initialized: Success"]
[21936][1563803602671][main][info]["LinuxAutoUpdater~Cleanup - Initial cleanup successful"]
[21936][1563803602696][main][info]["PluginHost~bootHost: Booted - 1"]
[21936][1563803602893][main][info]["Bootstrap-models~bootstrap - Success"]
[22601][1563803610653][main][info]["Booting Postman 7.2.2, linux-5.1.12-arch1-1-ARCH on x64"]
[22601][1563803610657][main][info]["EventBus~initialize - Success"]
[22601][1563803610668][main][info]["UpdateHandler~init - Success"]
[22601][1563803610670][main][info]["RuntimeExecutionService~initialized: Success"]
[22601][1563803610671][main][info]["LinuxAutoUpdater~Cleanup - Initial cleanup successful"]
[22601][1563803610700][main][info]["PluginHost~bootHost: Booted - 1"]
[22601][1563803610881][main][info]["Bootstrap-models~bootstrap - Success"]
[22601][1563803613267][main][info]["Main~AppEvents - Received booted event for process shared"]
[22601][1563803615614][main][info]["UpdateHandler~app-update-events - Received event",{"name":"checkForElectronVersionUpdated","namespace":"appUpdate"}]
[22601][1563803615616][main][info]["Main~AppEvents - Received booted event for process requester"]
[22601][1563805816064][main][info]["WindowManager~closeHandler - Closed Window (id: 3 )"]
[22601][1563805816075][main][info]["Quitting app"]
[22601][1563805816098][main][info][null]
[3588][1563808900258][main][info]["Booting Postman 7.2.2, linux-5.1.12-arch1-1-ARCH on x64"]
[3588][1563808900263][main][info]["EventBus~initialize - Success"]
[3588][1563808900276][main][info]["UpdateHandler~init - Success"]
[3588][1563808900280][main][info]["RuntimeExecutionService~initialized: Success"]
[3588][1563808900281][main][info]["LinuxAutoUpdater~Cleanup - Initial cleanup successful"]
[3588][1563808900308][main][info]["PluginHost~bootHost: Booted - 1"]
[3588][1563808900594][main][info]["Bootstrap-models~bootstrap - Success"]
[3588][1563808902692][main][info]["Main~AppEvents - Received booted event for process shared"]
[3588][1563808904949][main][info]["UpdateHandler~app-update-events - Received event",{"name":"checkForElectronVersionUpdated","namespace":"appUpdate"}]
[3588][1563808904951][main][info]["Main~AppEvents - Received booted event for process requester"]
[3588][1563809048831][main][info]["WindowManager~closeHandler - Closed Window (id: 3 )"]
[3588][1563809048840][main][info]["Quitting app"]
[3588][1563809048845][main][info][null]
[13495][1563819503455][main][info]["Booting Postman 7.2.2, linux-5.1.12-arch1-1-ARCH on x64"]
[13495][1563819503459][main][info]["EventBus~initialize - Success"]
[13495][1563819503471][main][info]["UpdateHandler~init - Success"]
[13495][1563819503478][main][info]["RuntimeExecutionService~initialized: Success"]
[13495][1563819503481][main][info]["LinuxAutoUpdater~Cleanup - Initial cleanup successful"]
[13495][1563819503504][main][info]["PluginHost~bootHost: Booted - 1"]
[13495][1563819503659][main][info]["Bootstrap-models~bootstrap - Success"]
[13495][1563819505896][main][info]["Main~AppEvents - Received booted event for process shared"]
[13495][1563819508106][main][info]["UpdateHandler~app-update-events - Received event",{"name":"checkForElectronVersionUpdated","namespace":"appUpdate"}]
[13495][1563819508109][main][info]["Main~AppEvents - Received booted event for process requester"]
[13477][1563831501964][main][info]["Booting Postman 7.2.2, linux-5.1.12-arch1-1-ARCH on x64"]
[13477][1563831501966][main][info]["EventBus~initialize - Success"]
[13477][1563831501974][main][info]["UpdateHandler~init - Success"]
[13477][1563831501976][main][info]["RuntimeExecutionService~initialized: Success"]
[13477][1563831501978][main][info]["LinuxAutoUpdater~Cleanup - Initial cleanup successful"]
[13477][1563831501999][main][info]["PluginHost~bootHost: Booted - 1"]
[13477][1563831502026][main][info]["Quitting app"]
[13477][1563831502026][main][error]["WindowManager~getSharedWindow: Shared window is not available"]
[13477][1563831502031][main][info][null]
[13684][1563831511599][main][info]["Booting Postman 7.2.2, linux-5.1.12-arch1-1-ARCH on x64"]
[13684][1563831511601][main][info]["EventBus~initialize - Success"]
[13684][1563831511610][main][info]["UpdateHandler~init - Success"]
[13684][1563831511611][main][info]["RuntimeExecutionService~initialized: Success"]
[13684][1563831511613][main][info]["LinuxAutoUpdater~Cleanup - Initial cleanup successful"]
[13684][1563831511636][main][info]["PluginHost~bootHost: Booted - 1"]
[13684][1563831511663][main][info]["Quitting app"]
[13684][1563831511664][main][error]["WindowManager~getSharedWindow: Shared window is not available"]
[13684][1563831511668][main][info][null]
[13495][1563837308199][main][info]["WindowManager~closeHandler - Closed Window (id: 3 )"]
[13495][1563837308228][main][info]["Quitting app"]
[13495][1563837308233][main][info][null]
[4639][1563896999411][main][info]["Booting Postman 7.2.2, linux-5.1.12-arch1-1-ARCH on x64"]
[4639][1563896999414][main][info]["EventBus~initialize - Success"]
[4639][1563896999422][main][info]["UpdateHandler~init - Success"]
[4639][1563896999424][main][info]["RuntimeExecutionService~initialized: Success"]
[4639][1563896999426][main][info]["LinuxAutoUpdater~Cleanup - Initial cleanup successful"]
[4639][1563896999452][main][info]["PluginHost~bootHost: Booted - 1"]
[4639][1563896999562][main][info]["Bootstrap-models~bootstrap - Success"]
[4639][1563897001526][main][info]["Main~AppEvents - Received booted event for process shared"]
[4639][1563897003552][main][info]["UpdateHandler~app-update-events - Received event",{"name":"checkForElectronVersionUpdated","namespace":"appUpdate"}]
[4639][1563897003554][main][info]["Main~AppEvents - Received booted event for process requester"]
[4639][1563897014269][main][info]["UpdateHandler~app-update-events - Received event",{"data":{"additionalParamsString":"installationId=706dcf00-222c-46e5-985f-3ea41079e6c6&userId=0&syncEnabled=false&teamPlan=","appId":"706dcf00-222c-46e5-985f-3ea41079e6c6","arch":"64","channel":"stable","downloadURL":"https://dl.pstmn.io/download/version/7.3.4/linux_64","downloadVersion":"7.3.4","platform":"LINUX","updateServerDomain":"https://dl.pstmn.io/","userAgent":"Mozilla/5.0 (X11; Linux x86_64) AppleWebKit/537.36 (KHTML, like Gecko) Postman/7.2.2 Chrome/61.0.3163.100 Electron/2.0.18 Safari/537.36","userId":"0","version":"7.2.2"},"name":"updateElectron","namespace":"appUpdate"}]
[4639][1563897014270][main][info]["LinuxUpdater~downloadUpdate - UpdateInfo received",{"additionalParamsString":"installationId=706dcf00-222c-46e5-985f-3ea41079e6c6&userId=0&syncEnabled=false&teamPlan=","appId":"706dcf00-222c-46e5-985f-3ea41079e6c6","arch":"64","channel":"stable","downloadURL":"https://dl.pstmn.io/download/version/7.3.4/linux_64","downloadVersion":"7.3.4","platform":"LINUX","updateServerDomain":"https://dl.pstmn.io/","userAgent":"Mozilla/5.0 (X11; Linux x86_64) AppleWebKit/537.36 (KHTML, like Gecko) Postman/7.2.2 Chrome/61.0.3163.100 Electron/2.0.18 Safari/537.36","userId":"0","version":"7.2.2"}]
[4639][1563897015263][main][info]["@postman/app-updater: error",{"errno":-13,"code":"EACCES","syscall":"open","path":"/usr/Postman-1563897014270.tar.gz","name":"Error","message":"EACCES: permission denied, open '/usr/Postman-1563897014270.tar.gz'","stack":"Error: EACCES: permission denied, open '/usr/Postman-1563897014270.tar.gz'"},{"packageName":"Postman","eID":"Postman-1563897014270","downloadURL":"https://dl.pstmn.io/download/version/7.3.4/linux_64","downloadDirectory":"/usr","downloadInfo":{"status":"DOWNLOAD_ERROR","error":{"errno":-13,"code":"EACCES","syscall":"open","path":"/usr/Postman-1563897014270.tar.gz"},"downloadDirectory":"/usr"}}]
[4639][1563897015264][main][info]["UpdateHandler~app-update-events - Received event",{"name":"electronAppUpdateError","namespace":"appUpdate","data":{"error":{"errno":-13,"code":"EACCES","syscall":"open","path":"/usr/Postman-1563897014270.tar.gz","name":"Error","message":"EACCES: permission denied, open '/usr/Postman-1563897014270.tar.gz'","stack":"Error: EACCES: permission denied, open '/usr/Postman-1563897014270.tar.gz'"},"updateData":{"packageName":"Postman","eID":"Postman-1563897014270","downloadURL":"https://dl.pstmn.io/download/version/7.3.4/linux_64","downloadDirectory":"/usr","downloadInfo":{"status":"DOWNLOAD_ERROR","error":{"errno":-13,"code":"EACCES","syscall":"open","path":"/usr/Postman-1563897014270.tar.gz"},"downloadDirectory":"/usr"}}}}]
[4639][1563898010476][main][info]["WindowManager~closeHandler - Closed Window (id: 3 )"]
[4639][1563898010490][main][info]["Quitting app"]
[4639][1563898010505][main][info][null]
[14277][1563898858865][main][info]["Booting Postman 7.2.2, linux-5.1.12-arch1-1-ARCH on x64"]
[14277][1563898858867][main][info]["EventBus~initialize - Success"]
[14277][1563898858875][main][info]["UpdateHandler~init - Success"]
[14277][1563898858877][main][info]["RuntimeExecutionService~initialized: Success"]
[14277][1563898858878][main][info]["LinuxAutoUpdater~Cleanup - Initial cleanup successful"]
[14277][1563898858901][main][info]["PluginHost~bootHost: Booted - 1"]
[14277][1563898859042][main][info]["Bootstrap-models~bootstrap - Success"]
[14277][1563898861022][main][info]["Main~AppEvents - Received booted event for process shared"]
[14277][1563898863053][main][info]["UpdateHandler~app-update-events - Received event",{"name":"checkForElectronVersionUpdated","namespace":"appUpdate"}]
[14277][1563898863055][main][info]["Main~AppEvents - Received booted event for process requester"]
[14277][1563898873579][main][info]["UpdateHandler~app-update-events - Received event",{"data":{"additionalParamsString":"installationId=706dcf00-222c-46e5-985f-3ea41079e6c6&userId=0&syncEnabled=false&teamPlan=","appId":"706dcf00-222c-46e5-985f-3ea41079e6c6","arch":"64","channel":"stable","downloadURL":"https://dl.pstmn.io/download/version/7.3.4/linux_64","downloadVersion":"7.3.4","platform":"LINUX","updateServerDomain":"https://dl.pstmn.io/","userAgent":"Mozilla/5.0 (X11; Linux x86_64) AppleWebKit/537.36 (KHTML, like Gecko) Postman/7.2.2 Chrome/61.0.3163.100 Electron/2.0.18 Safari/537.36","userId":"0","version":"7.2.2"},"name":"updateElectron","namespace":"appUpdate"}]
[14277][1563898873580][main][info]["LinuxUpdater~downloadUpdate - UpdateInfo received",{"additionalParamsString":"installationId=706dcf00-222c-46e5-985f-3ea41079e6c6&userId=0&syncEnabled=false&teamPlan=","appId":"706dcf00-222c-46e5-985f-3ea41079e6c6","arch":"64","channel":"stable","downloadURL":"https://dl.pstmn.io/download/version/7.3.4/linux_64","downloadVersion":"7.3.4","platform":"LINUX","updateServerDomain":"https://dl.pstmn.io/","userAgent":"Mozilla/5.0 (X11; Linux x86_64) AppleWebKit/537.36 (KHTML, like Gecko) Postman/7.2.2 Chrome/61.0.3163.100 Electron/2.0.18 Safari/537.36","userId":"0","version":"7.2.2"}]
[14277][1563898873814][main][info]["@postman/app-updater: error",{"errno":-13,"code":"EACCES","syscall":"open","path":"/usr/Postman-1563898873580.tar.gz","name":"Error","message":"EACCES: permission denied, open '/usr/Postman-1563898873580.tar.gz'","stack":"Error: EACCES: permission denied, open '/usr/Postman-1563898873580.tar.gz'"},{"packageName":"Postman","eID":"Postman-1563898873580","downloadURL":"https://dl.pstmn.io/download/version/7.3.4/linux_64","downloadDirectory":"/usr","downloadInfo":{"status":"DOWNLOAD_ERROR","error":{"errno":-13,"code":"EACCES","syscall":"open","path":"/usr/Postman-1563898873580.tar.gz"},"downloadDirectory":"/usr"}}]
[14277][1563898873816][main][info]["UpdateHandler~app-update-events - Received event",{"name":"electronAppUpdateError","namespace":"appUpdate","data":{"error":{"errno":-13,"code":"EACCES","syscall":"open","path":"/usr/Postman-1563898873580.tar.gz","name":"Error","message":"EACCES: permission denied, open '/usr/Postman-1563898873580.tar.gz'","stack":"Error: EACCES: permission denied, open '/usr/Postman-1563898873580.tar.gz'"},"updateData":{"packageName":"Postman","eID":"Postman-1563898873580","downloadURL":"https://dl.pstmn.io/download/version/7.3.4/linux_64","downloadDirectory":"/usr","downloadInfo":{"status":"DOWNLOAD_ERROR","error":{"errno":-13,"code":"EACCES","syscall":"open","path":"/usr/Postman-1563898873580.tar.gz"},"downloadDirectory":"/usr"}}}}]
[14277][1563912094098][main][info]["WindowManager~closeHandler - Closed Window (id: 3 )"]
[14277][1563912094115][main][info]["Quitting app"]
[14277][1563912094117][main][info][null]
[27752][1566486290811][main][info]["Booting Postman 7.2.2, linux-5.2.8-arch1-1-ARCH on x64"]
[27752][1566486290814][main][info]["EventBus~initialize - Success"]
[27752][1566486290825][main][info]["UpdateHandler~init - Success"]
[27752][1566486290826][main][info]["RuntimeExecutionService~initialized: Success"]
[27752][1566486290828][main][info]["LinuxAutoUpdater~Cleanup - Initial cleanup successful"]
[27752][1566486290855][main][info]["PluginHost~bootHost: Booted - 1"]
[27752][1566486291016][main][info]["Bootstrap-models~bootstrap - Success"]
[27752][1566486293143][main][info]["Main~AppEvents - Received booted event for process shared"]
[27752][1566486295170][main][info]["UpdateHandler~app-update-events - Received event",{"name":"checkForElectronVersionUpdated","namespace":"appUpdate"}]
[27752][1566486295172][main][info]["Main~AppEvents - Received booted event for process requester"]
[27752][1566486305810][main][info]["UpdateHandler~app-update-events - Received event",{"data":{"additionalParamsString":"installationId=706dcf00-222c-46e5-985f-3ea41079e6c6&userId=0&syncEnabled=false&teamPlan=","appId":"706dcf00-222c-46e5-985f-3ea41079e6c6","arch":"64","channel":"stable","downloadURL":"https://dl.pstmn.io/download/version/7.5.0/linux_64","downloadVersion":"7.5.0","platform":"LINUX","updateServerDomain":"https://dl.pstmn.io/","userAgent":"Mozilla/5.0 (X11; Linux x86_64) AppleWebKit/537.36 (KHTML, like Gecko) Postman/7.2.2 Chrome/61.0.3163.100 Electron/2.0.18 Safari/537.36","userId":"0","version":"7.2.2"},"name":"updateElectron","namespace":"appUpdate"}]
[27752][1566486305811][main][info]["LinuxUpdater~downloadUpdate - UpdateInfo received",{"additionalParamsString":"installationId=706dcf00-222c-46e5-985f-3ea41079e6c6&userId=0&syncEnabled=false&teamPlan=","appId":"706dcf00-222c-46e5-985f-3ea41079e6c6","arch":"64","channel":"stable","downloadURL":"https://dl.pstmn.io/download/version/7.5.0/linux_64","downloadVersion":"7.5.0","platform":"LINUX","updateServerDomain":"https://dl.pstmn.io/","userAgent":"Mozilla/5.0 (X11; Linux x86_64) AppleWebKit/537.36 (KHTML, like Gecko) Postman/7.2.2 Chrome/61.0.3163.100 Electron/2.0.18 Safari/537.36","userId":"0","version":"7.2.2"}]
[27752][1566486306106][main][info]["@postman/app-updater: error",{"errno":-13,"code":"EACCES","syscall":"open","path":"/usr/Postman-1566486305811.tar.gz","name":"Error","message":"EACCES: permission denied, open '/usr/Postman-1566486305811.tar.gz'","stack":"Error: EACCES: permission denied, open '/usr/Postman-1566486305811.tar.gz'"},{"packageName":"Postman","eID":"Postman-1566486305811","downloadURL":"https://dl.pstmn.io/download/version/7.5.0/linux_64","downloadDirectory":"/usr","downloadInfo":{"status":"DOWNLOAD_ERROR","error":{"errno":-13,"code":"EACCES","syscall":"open","path":"/usr/Postman-1566486305811.tar.gz"},"downloadDirectory":"/usr"}}]
[27752][1566486306108][main][info]["UpdateHandler~app-update-events - Received event",{"name":"electronAppUpdateError","namespace":"appUpdate","data":{"error":{"errno":-13,"code":"EACCES","syscall":"open","path":"/usr/Postman-1566486305811.tar.gz","name":"Error","message":"EACCES: permission denied, open '/usr/Postman-1566486305811.tar.gz'","stack":"Error: EACCES: permission denied, open '/usr/Postman-1566486305811.tar.gz'"},"updateData":{"packageName":"Postman","eID":"Postman-1566486305811","downloadURL":"https://dl.pstmn.io/download/version/7.5.0/linux_64","downloadDirectory":"/usr","downloadInfo":{"status":"DOWNLOAD_ERROR","error":{"errno":-13,"code":"EACCES","syscall":"open","path":"/usr/Postman-1566486305811.tar.gz"},"downloadDirectory":"/usr"}}}}]
[27752][1566488906805][main][info]["WindowManager~closeHandler - Closed Window (id: 3 )"]
[27752][1566488906828][main][info]["Quitting app"]
[27752][1566488906832][main][info][null]
