[21936][1563803603124][pluginHost][info]["Booting Plugin Host for Postman 7.2.2, linux-5.1.12-arch1-1-ARCH on x64"]
[21936][1563803603129][pluginHost][info]["PluginsHost: Booted"]
[21936][1563803603134][pluginHost][info]["not exist",{"errno":-2,"code":"ENOENT","syscall":"open","path":"/home/ward/.config/Postman/plugins/postman.openApi/version.json","name":"Error","message":"ENOENT: no such file or directory, open '/home/ward/.config/Postman/plugins/postman.openApi/version.json'","stack":"Error: ENOENT: no such file or directory, open '/home/ward/.config/Postman/plugins/postman.openApi/version.json'"}]
[21936][1563803603135][pluginHost][info]["PluginInstallationService~installOrUpdatePlugins Installing plugin",{"version":"0.0.10","pluginId":"postman.openApi","isInstalled":false}]
[21936][1563803603136][pluginHost][info]["PluginInstallationService~installFromLocal",{"pluginZipPath":"/usr/share/postman/app/plugins/postman.openApi.zip","pluginsDir":"/home/ward/.config/Postman/plugins","currVersionDirPath":"/home/ward/.config/Postman/plugins/postman.openApi/0.0.10","tempDir":"/tmp","result":{"pluginId":"postman.openApi","version":"0.0.10","status":null}}]
[21936][1563803603136][pluginHost][info]["PluginInstallationService~installFromLocal extracting"]
[21936][1563803603137][pluginHost][info]["not exist",{"errno":-2,"code":"ENOENT","syscall":"open","path":"/home/ward/.config/Postman/plugins/postman.sample/version.json","name":"Error","message":"ENOENT: no such file or directory, open '/home/ward/.config/Postman/plugins/postman.sample/version.json'","stack":"Error: ENOENT: no such file or directory, open '/home/ward/.config/Postman/plugins/postman.sample/version.json'"}]
[21936][1563803603137][pluginHost][info]["PluginInstallationService~installOrUpdatePlugins Installing plugin",{"version":"0.0.1","pluginId":"postman.sample","isInstalled":false}]
[21936][1563803603137][pluginHost][info]["PluginInstallationService~installFromLocal",{"pluginZipPath":"/usr/share/postman/app/plugins/postman.sample.zip","pluginsDir":"/home/ward/.config/Postman/plugins","currVersionDirPath":"/home/ward/.config/Postman/plugins/postman.sample/0.0.1","tempDir":"/tmp","result":{"pluginId":"postman.sample","version":"0.0.1","status":null}}]
[21936][1563803603137][pluginHost][info]["PluginInstallationService~installFromLocal extracting"]
[21936][1563803603335][pluginHost][info]["PluginInstallationService~installFromLocal extracted",{"pluginId":"postman.openApi","version":"0.0.10","status":null}]
[21936][1563803603335][pluginHost][info]["PluginInstallationService~installFromLocal moving",{"extractedPluginPath":"/tmp/postman.openApi"}]
[21936][1563803603337][pluginHost][info]["PluginInstallationService~installFromLocal extracted",{"pluginId":"postman.sample","version":"0.0.1","status":null}]
[21936][1563803603337][pluginHost][info]["PluginInstallationService~installFromLocal moving",{"extractedPluginPath":"/tmp/postman.sample"}]
[21936][1563803603339][pluginHost][warn]["PluginInstallationService~installFromLocal Caught an error",{"errno":-18,"code":"EXDEV","syscall":"rename","path":"/tmp/postman.openApi","dest":"/home/ward/.config/Postman/plugins/postman.openApi/0.0.10","name":"Error","message":"EXDEV: cross-device link not permitted, rename '/tmp/postman.openApi' -> '/home/ward/.config/Postman/plugins/postman.openApi/0.0.10'","stack":"Error: EXDEV: cross-device link not permitted, rename '/tmp/postman.openApi' -> '/home/ward/.config/Postman/plugins/postman.openApi/0.0.10'"},{"pluginId":"postman.openApi","version":"0.0.10","status":"failed","error":{}}]
[21936][1563803603339][pluginHost][info]["PluginInstallationService~installFromLocal Completed installing plugin",{"pluginId":"postman.openApi","version":"0.0.10","status":"failed","error":{}}]
[21936][1563803603340][pluginHost][warn]["PluginInstallationService~installFromLocal Caught an error",{"errno":-18,"code":"EXDEV","syscall":"rename","path":"/tmp/postman.sample","dest":"/home/ward/.config/Postman/plugins/postman.sample/0.0.1","name":"Error","message":"EXDEV: cross-device link not permitted, rename '/tmp/postman.sample' -> '/home/ward/.config/Postman/plugins/postman.sample/0.0.1'","stack":"Error: EXDEV: cross-device link not permitted, rename '/tmp/postman.sample' -> '/home/ward/.config/Postman/plugins/postman.sample/0.0.1'"},{"pluginId":"postman.sample","version":"0.0.1","status":"failed","error":{}}]
[21936][1563803603340][pluginHost][info]["PluginInstallationService~installFromLocal Completed installing plugin",{"pluginId":"postman.sample","version":"0.0.1","status":"failed","error":{}}]
[21936][1563803603341][pluginHost][info]["PluginsHost~installOrUpdatePlugins: Synced all plugins",[{"pluginId":"postman.openApi","version":"0.0.10","status":"failed","error":{}},{"pluginId":"postman.sample","version":"0.0.1","status":"failed","error":{}}]]
[22601][1563803611054][pluginHost][info]["Booting Plugin Host for Postman 7.2.2, linux-5.1.12-arch1-1-ARCH on x64"]
[22601][1563803611061][pluginHost][info]["PluginsHost: Booted"]
[22601][1563803611065][pluginHost][info]["not exist",{"errno":-2,"code":"ENOENT","syscall":"open","path":"/home/ward/.config/Postman/plugins/postman.openApi/version.json","name":"Error","message":"ENOENT: no such file or directory, open '/home/ward/.config/Postman/plugins/postman.openApi/version.json'","stack":"Error: ENOENT: no such file or directory, open '/home/ward/.config/Postman/plugins/postman.openApi/version.json'"}]
[22601][1563803611065][pluginHost][info]["PluginInstallationService~installOrUpdatePlugins Installing plugin",{"version":"0.0.10","pluginId":"postman.openApi","isInstalled":false}]
[22601][1563803611066][pluginHost][info]["PluginInstallationService~installFromLocal",{"pluginZipPath":"/usr/share/postman/app/plugins/postman.openApi.zip","pluginsDir":"/home/ward/.config/Postman/plugins","currVersionDirPath":"/home/ward/.config/Postman/plugins/postman.openApi/0.0.10","tempDir":"/tmp","result":{"pluginId":"postman.openApi","version":"0.0.10","status":null}}]
[22601][1563803611066][pluginHost][info]["PluginInstallationService~installFromLocal extracting"]
[22601][1563803611067][pluginHost][info]["not exist",{"errno":-2,"code":"ENOENT","syscall":"open","path":"/home/ward/.config/Postman/plugins/postman.sample/version.json","name":"Error","message":"ENOENT: no such file or directory, open '/home/ward/.config/Postman/plugins/postman.sample/version.json'","stack":"Error: ENOENT: no such file or directory, open '/home/ward/.config/Postman/plugins/postman.sample/version.json'"}]
[22601][1563803611067][pluginHost][info]["PluginInstallationService~installOrUpdatePlugins Installing plugin",{"version":"0.0.1","pluginId":"postman.sample","isInstalled":false}]
[22601][1563803611067][pluginHost][info]["PluginInstallationService~installFromLocal",{"pluginZipPath":"/usr/share/postman/app/plugins/postman.sample.zip","pluginsDir":"/home/ward/.config/Postman/plugins","currVersionDirPath":"/home/ward/.config/Postman/plugins/postman.sample/0.0.1","tempDir":"/tmp","result":{"pluginId":"postman.sample","version":"0.0.1","status":null}}]
[22601][1563803611067][pluginHost][info]["PluginInstallationService~installFromLocal extracting"]
[22601][1563803611203][pluginHost][info]["PluginInstallationService~installFromLocal extracted",{"pluginId":"postman.sample","version":"0.0.1","status":null}]
[22601][1563803611203][pluginHost][info]["PluginInstallationService~installFromLocal moving",{"extractedPluginPath":"/tmp/postman.sample"}]
[22601][1563803611204][pluginHost][info]["PluginInstallationService~installFromLocal extracted",{"pluginId":"postman.openApi","version":"0.0.10","status":null}]
[22601][1563803611204][pluginHost][info]["PluginInstallationService~installFromLocal moving",{"extractedPluginPath":"/tmp/postman.openApi"}]
[22601][1563803611205][pluginHost][warn]["PluginInstallationService~installFromLocal Caught an error",{"errno":-18,"code":"EXDEV","syscall":"rename","path":"/tmp/postman.sample","dest":"/home/ward/.config/Postman/plugins/postman.sample/0.0.1","name":"Error","message":"EXDEV: cross-device link not permitted, rename '/tmp/postman.sample' -> '/home/ward/.config/Postman/plugins/postman.sample/0.0.1'","stack":"Error: EXDEV: cross-device link not permitted, rename '/tmp/postman.sample' -> '/home/ward/.config/Postman/plugins/postman.sample/0.0.1'"},{"pluginId":"postman.sample","version":"0.0.1","status":"failed","error":{}}]
[22601][1563803611205][pluginHost][info]["PluginInstallationService~installFromLocal Completed installing plugin",{"pluginId":"postman.sample","version":"0.0.1","status":"failed","error":{}}]
[22601][1563803611205][pluginHost][warn]["PluginInstallationService~installFromLocal Caught an error",{"errno":-18,"code":"EXDEV","syscall":"rename","path":"/tmp/postman.openApi","dest":"/home/ward/.config/Postman/plugins/postman.openApi/0.0.10","name":"Error","message":"EXDEV: cross-device link not permitted, rename '/tmp/postman.openApi' -> '/home/ward/.config/Postman/plugins/postman.openApi/0.0.10'","stack":"Error: EXDEV: cross-device link not permitted, rename '/tmp/postman.openApi' -> '/home/ward/.config/Postman/plugins/postman.openApi/0.0.10'"},{"pluginId":"postman.openApi","version":"0.0.10","status":"failed","error":{}}]
[22601][1563803611205][pluginHost][info]["PluginInstallationService~installFromLocal Completed installing plugin",{"pluginId":"postman.openApi","version":"0.0.10","status":"failed","error":{}}]
[22601][1563803611206][pluginHost][info]["PluginsHost~installOrUpdatePlugins: Synced all plugins",[{"pluginId":"postman.openApi","version":"0.0.10","status":"failed","error":{}},{"pluginId":"postman.sample","version":"0.0.1","status":"failed","error":{}}]]
[3588][1563808900721][pluginHost][info]["Booting Plugin Host for Postman 7.2.2, linux-5.1.12-arch1-1-ARCH on x64"]
[3588][1563808900729][pluginHost][info]["PluginsHost: Booted"]
[3588][1563808900734][pluginHost][info]["not exist",{"errno":-2,"code":"ENOENT","syscall":"open","path":"/home/ward/.config/Postman/plugins/postman.openApi/version.json","name":"Error","message":"ENOENT: no such file or directory, open '/home/ward/.config/Postman/plugins/postman.openApi/version.json'","stack":"Error: ENOENT: no such file or directory, open '/home/ward/.config/Postman/plugins/postman.openApi/version.json'"}]
[3588][1563808900734][pluginHost][info]["PluginInstallationService~installOrUpdatePlugins Installing plugin",{"version":"0.0.10","pluginId":"postman.openApi","isInstalled":false}]
[3588][1563808900735][pluginHost][info]["PluginInstallationService~installFromLocal",{"pluginZipPath":"/usr/share/postman/app/plugins/postman.openApi.zip","pluginsDir":"/home/ward/.config/Postman/plugins","currVersionDirPath":"/home/ward/.config/Postman/plugins/postman.openApi/0.0.10","tempDir":"/tmp","result":{"pluginId":"postman.openApi","version":"0.0.10","status":null}}]
[3588][1563808900735][pluginHost][info]["PluginInstallationService~installFromLocal extracting"]
[3588][1563808900736][pluginHost][info]["not exist",{"errno":-2,"code":"ENOENT","syscall":"open","path":"/home/ward/.config/Postman/plugins/postman.sample/version.json","name":"Error","message":"ENOENT: no such file or directory, open '/home/ward/.config/Postman/plugins/postman.sample/version.json'","stack":"Error: ENOENT: no such file or directory, open '/home/ward/.config/Postman/plugins/postman.sample/version.json'"}]
[3588][1563808900736][pluginHost][info]["PluginInstallationService~installOrUpdatePlugins Installing plugin",{"version":"0.0.1","pluginId":"postman.sample","isInstalled":false}]
[3588][1563808900737][pluginHost][info]["PluginInstallationService~installFromLocal",{"pluginZipPath":"/usr/share/postman/app/plugins/postman.sample.zip","pluginsDir":"/home/ward/.config/Postman/plugins","currVersionDirPath":"/home/ward/.config/Postman/plugins/postman.sample/0.0.1","tempDir":"/tmp","result":{"pluginId":"postman.sample","version":"0.0.1","status":null}}]
[3588][1563808900737][pluginHost][info]["PluginInstallationService~installFromLocal extracting"]
[3588][1563808900872][pluginHost][info]["PluginInstallationService~installFromLocal extracted",{"pluginId":"postman.openApi","version":"0.0.10","status":null}]
[3588][1563808900872][pluginHost][info]["PluginInstallationService~installFromLocal moving",{"extractedPluginPath":"/tmp/postman.openApi"}]
[3588][1563808900874][pluginHost][warn]["PluginInstallationService~installFromLocal Caught an error",{"errno":-18,"code":"EXDEV","syscall":"rename","path":"/tmp/postman.openApi","dest":"/home/ward/.config/Postman/plugins/postman.openApi/0.0.10","name":"Error","message":"EXDEV: cross-device link not permitted, rename '/tmp/postman.openApi' -> '/home/ward/.config/Postman/plugins/postman.openApi/0.0.10'","stack":"Error: EXDEV: cross-device link not permitted, rename '/tmp/postman.openApi' -> '/home/ward/.config/Postman/plugins/postman.openApi/0.0.10'"},{"pluginId":"postman.openApi","version":"0.0.10","status":"failed","error":{}}]
[3588][1563808900874][pluginHost][info]["PluginInstallationService~installFromLocal Completed installing plugin",{"pluginId":"postman.openApi","version":"0.0.10","status":"failed","error":{}}]
[3588][1563808900874][pluginHost][info]["PluginInstallationService~installFromLocal extracted",{"pluginId":"postman.sample","version":"0.0.1","status":null}]
[3588][1563808900874][pluginHost][info]["PluginInstallationService~installFromLocal moving",{"extractedPluginPath":"/tmp/postman.sample"}]
[3588][1563808900875][pluginHost][warn]["PluginInstallationService~installFromLocal Caught an error",{"errno":-18,"code":"EXDEV","syscall":"rename","path":"/tmp/postman.sample","dest":"/home/ward/.config/Postman/plugins/postman.sample/0.0.1","name":"Error","message":"EXDEV: cross-device link not permitted, rename '/tmp/postman.sample' -> '/home/ward/.config/Postman/plugins/postman.sample/0.0.1'","stack":"Error: EXDEV: cross-device link not permitted, rename '/tmp/postman.sample' -> '/home/ward/.config/Postman/plugins/postman.sample/0.0.1'"},{"pluginId":"postman.sample","version":"0.0.1","status":"failed","error":{}}]
[3588][1563808900875][pluginHost][info]["PluginInstallationService~installFromLocal Completed installing plugin",{"pluginId":"postman.sample","version":"0.0.1","status":"failed","error":{}}]
[3588][1563808900875][pluginHost][info]["PluginsHost~installOrUpdatePlugins: Synced all plugins",[{"pluginId":"postman.openApi","version":"0.0.10","status":"failed","error":{}},{"pluginId":"postman.sample","version":"0.0.1","status":"failed","error":{}}]]
[13495][1563819503871][pluginHost][info]["Booting Plugin Host for Postman 7.2.2, linux-5.1.12-arch1-1-ARCH on x64"]
[13495][1563819503876][pluginHost][info]["PluginsHost: Booted"]
[13495][1563819503880][pluginHost][info]["not exist",{"errno":-2,"code":"ENOENT","syscall":"open","path":"/home/ward/.config/Postman/plugins/postman.openApi/version.json","name":"Error","message":"ENOENT: no such file or directory, open '/home/ward/.config/Postman/plugins/postman.openApi/version.json'","stack":"Error: ENOENT: no such file or directory, open '/home/ward/.config/Postman/plugins/postman.openApi/version.json'"}]
[13495][1563819503880][pluginHost][info]["PluginInstallationService~installOrUpdatePlugins Installing plugin",{"version":"0.0.10","pluginId":"postman.openApi","isInstalled":false}]
[13495][1563819503881][pluginHost][info]["PluginInstallationService~installFromLocal",{"pluginZipPath":"/usr/share/postman/app/plugins/postman.openApi.zip","pluginsDir":"/home/ward/.config/Postman/plugins","currVersionDirPath":"/home/ward/.config/Postman/plugins/postman.openApi/0.0.10","tempDir":"/tmp","result":{"pluginId":"postman.openApi","version":"0.0.10","status":null}}]
[13495][1563819503881][pluginHost][info]["PluginInstallationService~installFromLocal extracting"]
[13495][1563819503882][pluginHost][info]["not exist",{"errno":-2,"code":"ENOENT","syscall":"open","path":"/home/ward/.config/Postman/plugins/postman.sample/version.json","name":"Error","message":"ENOENT: no such file or directory, open '/home/ward/.config/Postman/plugins/postman.sample/version.json'","stack":"Error: ENOENT: no such file or directory, open '/home/ward/.config/Postman/plugins/postman.sample/version.json'"}]
[13495][1563819503882][pluginHost][info]["PluginInstallationService~installOrUpdatePlugins Installing plugin",{"version":"0.0.1","pluginId":"postman.sample","isInstalled":false}]
[13495][1563819503882][pluginHost][info]["PluginInstallationService~installFromLocal",{"pluginZipPath":"/usr/share/postman/app/plugins/postman.sample.zip","pluginsDir":"/home/ward/.config/Postman/plugins","currVersionDirPath":"/home/ward/.config/Postman/plugins/postman.sample/0.0.1","tempDir":"/tmp","result":{"pluginId":"postman.sample","version":"0.0.1","status":null}}]
[13495][1563819503882][pluginHost][info]["PluginInstallationService~installFromLocal extracting"]
[13495][1563819504018][pluginHost][info]["PluginInstallationService~installFromLocal extracted",{"pluginId":"postman.openApi","version":"0.0.10","status":null}]
[13495][1563819504018][pluginHost][info]["PluginInstallationService~installFromLocal moving",{"extractedPluginPath":"/tmp/postman.openApi"}]
[13495][1563819504019][pluginHost][info]["PluginInstallationService~installFromLocal extracted",{"pluginId":"postman.sample","version":"0.0.1","status":null}]
[13495][1563819504019][pluginHost][info]["PluginInstallationService~installFromLocal moving",{"extractedPluginPath":"/tmp/postman.sample"}]
[13495][1563819504020][pluginHost][warn]["PluginInstallationService~installFromLocal Caught an error",{"errno":-18,"code":"EXDEV","syscall":"rename","path":"/tmp/postman.openApi","dest":"/home/ward/.config/Postman/plugins/postman.openApi/0.0.10","name":"Error","message":"EXDEV: cross-device link not permitted, rename '/tmp/postman.openApi' -> '/home/ward/.config/Postman/plugins/postman.openApi/0.0.10'","stack":"Error: EXDEV: cross-device link not permitted, rename '/tmp/postman.openApi' -> '/home/ward/.config/Postman/plugins/postman.openApi/0.0.10'"},{"pluginId":"postman.openApi","version":"0.0.10","status":"failed","error":{}}]
[13495][1563819504020][pluginHost][info]["PluginInstallationService~installFromLocal Completed installing plugin",{"pluginId":"postman.openApi","version":"0.0.10","status":"failed","error":{}}]
[13495][1563819504020][pluginHost][warn]["PluginInstallationService~installFromLocal Caught an error",{"errno":-18,"code":"EXDEV","syscall":"rename","path":"/tmp/postman.sample","dest":"/home/ward/.config/Postman/plugins/postman.sample/0.0.1","name":"Error","message":"EXDEV: cross-device link not permitted, rename '/tmp/postman.sample' -> '/home/ward/.config/Postman/plugins/postman.sample/0.0.1'","stack":"Error: EXDEV: cross-device link not permitted, rename '/tmp/postman.sample' -> '/home/ward/.config/Postman/plugins/postman.sample/0.0.1'"},{"pluginId":"postman.sample","version":"0.0.1","status":"failed","error":{}}]
[13495][1563819504020][pluginHost][info]["PluginInstallationService~installFromLocal Completed installing plugin",{"pluginId":"postman.sample","version":"0.0.1","status":"failed","error":{}}]
[13495][1563819504021][pluginHost][info]["PluginsHost~installOrUpdatePlugins: Synced all plugins",[{"pluginId":"postman.openApi","version":"0.0.10","status":"failed","error":{}},{"pluginId":"postman.sample","version":"0.0.1","status":"failed","error":{}}]]
[4639][1563896999813][pluginHost][info]["Booting Plugin Host for Postman 7.2.2, linux-5.1.12-arch1-1-ARCH on x64"]
[4639][1563896999818][pluginHost][info]["PluginsHost: Booted"]
[4639][1563896999821][pluginHost][info]["not exist",{"errno":-2,"code":"ENOENT","syscall":"open","path":"/home/ward/.config/Postman/plugins/postman.openApi/version.json","name":"Error","message":"ENOENT: no such file or directory, open '/home/ward/.config/Postman/plugins/postman.openApi/version.json'","stack":"Error: ENOENT: no such file or directory, open '/home/ward/.config/Postman/plugins/postman.openApi/version.json'"}]
[4639][1563896999822][pluginHost][info]["PluginInstallationService~installOrUpdatePlugins Installing plugin",{"version":"0.0.10","pluginId":"postman.openApi","isInstalled":false}]
[4639][1563896999823][pluginHost][info]["PluginInstallationService~installFromLocal",{"pluginZipPath":"/usr/share/postman/app/plugins/postman.openApi.zip","pluginsDir":"/home/ward/.config/Postman/plugins","currVersionDirPath":"/home/ward/.config/Postman/plugins/postman.openApi/0.0.10","tempDir":"/tmp","result":{"pluginId":"postman.openApi","version":"0.0.10","status":null}}]
[4639][1563896999823][pluginHost][info]["PluginInstallationService~installFromLocal extracting"]
[4639][1563896999823][pluginHost][info]["not exist",{"errno":-2,"code":"ENOENT","syscall":"open","path":"/home/ward/.config/Postman/plugins/postman.sample/version.json","name":"Error","message":"ENOENT: no such file or directory, open '/home/ward/.config/Postman/plugins/postman.sample/version.json'","stack":"Error: ENOENT: no such file or directory, open '/home/ward/.config/Postman/plugins/postman.sample/version.json'"}]
[4639][1563896999823][pluginHost][info]["PluginInstallationService~installOrUpdatePlugins Installing plugin",{"version":"0.0.1","pluginId":"postman.sample","isInstalled":false}]
[4639][1563896999824][pluginHost][info]["PluginInstallationService~installFromLocal",{"pluginZipPath":"/usr/share/postman/app/plugins/postman.sample.zip","pluginsDir":"/home/ward/.config/Postman/plugins","currVersionDirPath":"/home/ward/.config/Postman/plugins/postman.sample/0.0.1","tempDir":"/tmp","result":{"pluginId":"postman.sample","version":"0.0.1","status":null}}]
[4639][1563896999824][pluginHost][info]["PluginInstallationService~installFromLocal extracting"]
[4639][1563896999939][pluginHost][info]["PluginInstallationService~installFromLocal extracted",{"pluginId":"postman.sample","version":"0.0.1","status":null}]
[4639][1563896999940][pluginHost][info]["PluginInstallationService~installFromLocal moving",{"extractedPluginPath":"/tmp/postman.sample"}]
[4639][1563896999941][pluginHost][warn]["PluginInstallationService~installFromLocal Caught an error",{"errno":-18,"code":"EXDEV","syscall":"rename","path":"/tmp/postman.sample","dest":"/home/ward/.config/Postman/plugins/postman.sample/0.0.1","name":"Error","message":"EXDEV: cross-device link not permitted, rename '/tmp/postman.sample' -> '/home/ward/.config/Postman/plugins/postman.sample/0.0.1'","stack":"Error: EXDEV: cross-device link not permitted, rename '/tmp/postman.sample' -> '/home/ward/.config/Postman/plugins/postman.sample/0.0.1'"},{"pluginId":"postman.sample","version":"0.0.1","status":"failed","error":{}}]
[4639][1563896999941][pluginHost][info]["PluginInstallationService~installFromLocal Completed installing plugin",{"pluginId":"postman.sample","version":"0.0.1","status":"failed","error":{}}]
[4639][1563896999942][pluginHost][info]["PluginInstallationService~installFromLocal extracted",{"pluginId":"postman.openApi","version":"0.0.10","status":null}]
[4639][1563896999942][pluginHost][info]["PluginInstallationService~installFromLocal moving",{"extractedPluginPath":"/tmp/postman.openApi"}]
[4639][1563896999942][pluginHost][warn]["PluginInstallationService~installFromLocal Caught an error",{"errno":-18,"code":"EXDEV","syscall":"rename","path":"/tmp/postman.openApi","dest":"/home/ward/.config/Postman/plugins/postman.openApi/0.0.10","name":"Error","message":"EXDEV: cross-device link not permitted, rename '/tmp/postman.openApi' -> '/home/ward/.config/Postman/plugins/postman.openApi/0.0.10'","stack":"Error: EXDEV: cross-device link not permitted, rename '/tmp/postman.openApi' -> '/home/ward/.config/Postman/plugins/postman.openApi/0.0.10'"},{"pluginId":"postman.openApi","version":"0.0.10","status":"failed","error":{}}]
[4639][1563896999943][pluginHost][info]["PluginInstallationService~installFromLocal Completed installing plugin",{"pluginId":"postman.openApi","version":"0.0.10","status":"failed","error":{}}]
[4639][1563896999943][pluginHost][info]["PluginsHost~installOrUpdatePlugins: Synced all plugins",[{"pluginId":"postman.openApi","version":"0.0.10","status":"failed","error":{}},{"pluginId":"postman.sample","version":"0.0.1","status":"failed","error":{}}]]
[14277][1563898859291][pluginHost][info]["Booting Plugin Host for Postman 7.2.2, linux-5.1.12-arch1-1-ARCH on x64"]
[14277][1563898859298][pluginHost][info]["PluginsHost: Booted"]
[14277][1563898859302][pluginHost][info]["not exist",{"errno":-2,"code":"ENOENT","syscall":"open","path":"/home/ward/.config/Postman/plugins/postman.openApi/version.json","name":"Error","message":"ENOENT: no such file or directory, open '/home/ward/.config/Postman/plugins/postman.openApi/version.json'","stack":"Error: ENOENT: no such file or directory, open '/home/ward/.config/Postman/plugins/postman.openApi/version.json'"}]
[14277][1563898859302][pluginHost][info]["PluginInstallationService~installOrUpdatePlugins Installing plugin",{"version":"0.0.10","pluginId":"postman.openApi","isInstalled":false}]
[14277][1563898859303][pluginHost][info]["PluginInstallationService~installFromLocal",{"pluginZipPath":"/usr/share/postman/app/plugins/postman.openApi.zip","pluginsDir":"/home/ward/.config/Postman/plugins","currVersionDirPath":"/home/ward/.config/Postman/plugins/postman.openApi/0.0.10","tempDir":"/tmp","result":{"pluginId":"postman.openApi","version":"0.0.10","status":null}}]
[14277][1563898859303][pluginHost][info]["PluginInstallationService~installFromLocal extracting"]
[14277][1563898859303][pluginHost][info]["not exist",{"errno":-2,"code":"ENOENT","syscall":"open","path":"/home/ward/.config/Postman/plugins/postman.sample/version.json","name":"Error","message":"ENOENT: no such file or directory, open '/home/ward/.config/Postman/plugins/postman.sample/version.json'","stack":"Error: ENOENT: no such file or directory, open '/home/ward/.config/Postman/plugins/postman.sample/version.json'"}]
[14277][1563898859303][pluginHost][info]["PluginInstallationService~installOrUpdatePlugins Installing plugin",{"version":"0.0.1","pluginId":"postman.sample","isInstalled":false}]
[14277][1563898859304][pluginHost][info]["PluginInstallationService~installFromLocal",{"pluginZipPath":"/usr/share/postman/app/plugins/postman.sample.zip","pluginsDir":"/home/ward/.config/Postman/plugins","currVersionDirPath":"/home/ward/.config/Postman/plugins/postman.sample/0.0.1","tempDir":"/tmp","result":{"pluginId":"postman.sample","version":"0.0.1","status":null}}]
[14277][1563898859304][pluginHost][info]["PluginInstallationService~installFromLocal extracting"]
[14277][1563898859423][pluginHost][info]["PluginInstallationService~installFromLocal extracted",{"pluginId":"postman.sample","version":"0.0.1","status":null}]
[14277][1563898859423][pluginHost][info]["PluginInstallationService~installFromLocal moving",{"extractedPluginPath":"/tmp/postman.sample"}]
[14277][1563898859424][pluginHost][info]["PluginInstallationService~installFromLocal extracted",{"pluginId":"postman.openApi","version":"0.0.10","status":null}]
[14277][1563898859424][pluginHost][info]["PluginInstallationService~installFromLocal moving",{"extractedPluginPath":"/tmp/postman.openApi"}]
[14277][1563898859424][pluginHost][warn]["PluginInstallationService~installFromLocal Caught an error",{"errno":-18,"code":"EXDEV","syscall":"rename","path":"/tmp/postman.sample","dest":"/home/ward/.config/Postman/plugins/postman.sample/0.0.1","name":"Error","message":"EXDEV: cross-device link not permitted, rename '/tmp/postman.sample' -> '/home/ward/.config/Postman/plugins/postman.sample/0.0.1'","stack":"Error: EXDEV: cross-device link not permitted, rename '/tmp/postman.sample' -> '/home/ward/.config/Postman/plugins/postman.sample/0.0.1'"},{"pluginId":"postman.sample","version":"0.0.1","status":"failed","error":{}}]
[14277][1563898859425][pluginHost][info]["PluginInstallationService~installFromLocal Completed installing plugin",{"pluginId":"postman.sample","version":"0.0.1","status":"failed","error":{}}]
[14277][1563898859425][pluginHost][warn]["PluginInstallationService~installFromLocal Caught an error",{"errno":-18,"code":"EXDEV","syscall":"rename","path":"/tmp/postman.openApi","dest":"/home/ward/.config/Postman/plugins/postman.openApi/0.0.10","name":"Error","message":"EXDEV: cross-device link not permitted, rename '/tmp/postman.openApi' -> '/home/ward/.config/Postman/plugins/postman.openApi/0.0.10'","stack":"Error: EXDEV: cross-device link not permitted, rename '/tmp/postman.openApi' -> '/home/ward/.config/Postman/plugins/postman.openApi/0.0.10'"},{"pluginId":"postman.openApi","version":"0.0.10","status":"failed","error":{}}]
[14277][1563898859425][pluginHost][info]["PluginInstallationService~installFromLocal Completed installing plugin",{"pluginId":"postman.openApi","version":"0.0.10","status":"failed","error":{}}]
[14277][1563898859425][pluginHost][info]["PluginsHost~installOrUpdatePlugins: Synced all plugins",[{"pluginId":"postman.openApi","version":"0.0.10","status":"failed","error":{}},{"pluginId":"postman.sample","version":"0.0.1","status":"failed","error":{}}]]
[27752][1566486291196][pluginHost][info]["Booting Plugin Host for Postman 7.2.2, linux-5.2.8-arch1-1-ARCH on x64"]
[27752][1566486291200][pluginHost][info]["PluginsHost: Booted"]
[27752][1566486291205][pluginHost][info]["not exist",{"errno":-2,"code":"ENOENT","syscall":"open","path":"/home/ward/.config/Postman/plugins/postman.sample/version.json","name":"Error","message":"ENOENT: no such file or directory, open '/home/ward/.config/Postman/plugins/postman.sample/version.json'","stack":"Error: ENOENT: no such file or directory, open '/home/ward/.config/Postman/plugins/postman.sample/version.json'"}]
[27752][1566486291206][pluginHost][info]["PluginInstallationService~installOrUpdatePlugins Installing plugin",{"version":"0.0.1","pluginId":"postman.sample","isInstalled":false}]
[27752][1566486291206][pluginHost][info]["PluginInstallationService~installFromLocal",{"pluginZipPath":"/usr/share/postman/app/plugins/postman.sample.zip","pluginsDir":"/home/ward/.config/Postman/plugins","currVersionDirPath":"/home/ward/.config/Postman/plugins/postman.sample/0.0.1","tempDir":"/tmp","result":{"pluginId":"postman.sample","version":"0.0.1","status":null}}]
[27752][1566486291207][pluginHost][info]["PluginInstallationService~installFromLocal extracting"]
[27752][1566486291208][pluginHost][info]["not exist",{"errno":-2,"code":"ENOENT","syscall":"open","path":"/home/ward/.config/Postman/plugins/postman.openApi/version.json","name":"Error","message":"ENOENT: no such file or directory, open '/home/ward/.config/Postman/plugins/postman.openApi/version.json'","stack":"Error: ENOENT: no such file or directory, open '/home/ward/.config/Postman/plugins/postman.openApi/version.json'"}]
[27752][1566486291209][pluginHost][info]["PluginInstallationService~installOrUpdatePlugins Installing plugin",{"version":"0.0.10","pluginId":"postman.openApi","isInstalled":false}]
[27752][1566486291209][pluginHost][info]["PluginInstallationService~installFromLocal",{"pluginZipPath":"/usr/share/postman/app/plugins/postman.openApi.zip","pluginsDir":"/home/ward/.config/Postman/plugins","currVersionDirPath":"/home/ward/.config/Postman/plugins/postman.openApi/0.0.10","tempDir":"/tmp","result":{"pluginId":"postman.openApi","version":"0.0.10","status":null}}]
[27752][1566486291209][pluginHost][info]["PluginInstallationService~installFromLocal extracting"]
[27752][1566486291332][pluginHost][info]["PluginInstallationService~installFromLocal extracted",{"pluginId":"postman.sample","version":"0.0.1","status":null}]
[27752][1566486291332][pluginHost][info]["PluginInstallationService~installFromLocal moving",{"extractedPluginPath":"/tmp/postman.sample"}]
[27752][1566486291333][pluginHost][warn]["PluginInstallationService~installFromLocal Caught an error",{"errno":-18,"code":"EXDEV","syscall":"rename","path":"/tmp/postman.sample","dest":"/home/ward/.config/Postman/plugins/postman.sample/0.0.1","name":"Error","message":"EXDEV: cross-device link not permitted, rename '/tmp/postman.sample' -> '/home/ward/.config/Postman/plugins/postman.sample/0.0.1'","stack":"Error: EXDEV: cross-device link not permitted, rename '/tmp/postman.sample' -> '/home/ward/.config/Postman/plugins/postman.sample/0.0.1'"},{"pluginId":"postman.sample","version":"0.0.1","status":"failed","error":{}}]
[27752][1566486291334][pluginHost][info]["PluginInstallationService~installFromLocal Completed installing plugin",{"pluginId":"postman.sample","version":"0.0.1","status":"failed","error":{}}]
[27752][1566486291334][pluginHost][info]["PluginInstallationService~installFromLocal extracted",{"pluginId":"postman.openApi","version":"0.0.10","status":null}]
[27752][1566486291334][pluginHost][info]["PluginInstallationService~installFromLocal moving",{"extractedPluginPath":"/tmp/postman.openApi"}]
[27752][1566486291335][pluginHost][warn]["PluginInstallationService~installFromLocal Caught an error",{"errno":-18,"code":"EXDEV","syscall":"rename","path":"/tmp/postman.openApi","dest":"/home/ward/.config/Postman/plugins/postman.openApi/0.0.10","name":"Error","message":"EXDEV: cross-device link not permitted, rename '/tmp/postman.openApi' -> '/home/ward/.config/Postman/plugins/postman.openApi/0.0.10'","stack":"Error: EXDEV: cross-device link not permitted, rename '/tmp/postman.openApi' -> '/home/ward/.config/Postman/plugins/postman.openApi/0.0.10'"},{"pluginId":"postman.openApi","version":"0.0.10","status":"failed","error":{}}]
[27752][1566486291335][pluginHost][info]["PluginInstallationService~installFromLocal Completed installing plugin",{"pluginId":"postman.openApi","version":"0.0.10","status":"failed","error":{}}]
[27752][1566486291336][pluginHost][info]["PluginsHost~installOrUpdatePlugins: Synced all plugins",[{"pluginId":"postman.openApi","version":"0.0.10","status":"failed","error":{}},{"pluginId":"postman.sample","version":"0.0.1","status":"failed","error":{}}]]
