[22601][1563803615418][requester][info]["EventBus~initialize - Success"]
[22601][1563803615421][requester][info]["Messaging~boot - Success"]
[22601][1563803615443][requester][info]["bootCrashReporter~ Success"]
[22601][1563803615444][requester][info]["Telemetry~boot - Success"]
[22601][1563803615445][requester][info]["bootConfigurations~initialize - Success"]
[22601][1563803615448][requester][info]["Settings~boot - Success"]
[22601][1563803615533][requester][info]["bootstrapModels - Success"]
[22601][1563803615533][requester][info]["WLModels~boot - Success"]
[22601][1563803615592][requester][info]["Session~boot - Success"]
[22601][1563803615595][requester][info]["IndependentServices~boot - Success"]
[22601][1563803615602][requester][info]["AppModels~boot - Success"]
[22601][1563803615602][requester][info]["RuntimeListeners~boot- Success"]
[22601][1563803615603][requester][info]["DBWatcher~boot - Success"]
[22601][1563803615604][requester][info]["ThemeManager~boot - Success"]
[22601][1563803615605][requester][info]["InAppMessaging~boot - Success"]
[22601][1563803615606][requester][info]["Store~boot - Success"]
[22601][1563803615607][requester][info]["Shortcuts~boot - Success"]
[22601][1563803615608][requester][info]["SyncProxy~boot - Success"]
[22601][1563803615615][requester][info]["Requester~boot - Success"]
[22601][1563803615615][requester][info]["booted - requester"]
[3588][1563808904776][requester][info]["EventBus~initialize - Success"]
[3588][1563808904779][requester][info]["Messaging~boot - Success"]
[3588][1563808904805][requester][info]["bootCrashReporter~ Success"]
[3588][1563808904807][requester][info]["Telemetry~boot - Success"]
[3588][1563808904808][requester][info]["bootConfigurations~initialize - Success"]
[3588][1563808904810][requester][info]["Settings~boot - Success"]
[3588][1563808904889][requester][info]["bootstrapModels - Success"]
[3588][1563808904889][requester][info]["WLModels~boot - Success"]
[3588][1563808904926][requester][info]["Session~boot - Success"]
[3588][1563808904929][requester][info]["IndependentServices~boot - Success"]
[3588][1563808904937][requester][info]["AppModels~boot - Success"]
[3588][1563808904937][requester][info]["RuntimeListeners~boot- Success"]
[3588][1563808904938][requester][info]["DBWatcher~boot - Success"]
[3588][1563808904940][requester][info]["ThemeManager~boot - Success"]
[3588][1563808904941][requester][info]["InAppMessaging~boot - Success"]
[3588][1563808904941][requester][info]["Store~boot - Success"]
[3588][1563808904943][requester][info]["Shortcuts~boot - Success"]
[3588][1563808904943][requester][info]["SyncProxy~boot - Success"]
[3588][1563808904950][requester][info]["Requester~boot - Success"]
[3588][1563808904950][requester][info]["booted - requester"]
[13495][1563819507931][requester][info]["EventBus~initialize - Success"]
[13495][1563819507934][requester][info]["Messaging~boot - Success"]
[13495][1563819507957][requester][info]["bootCrashReporter~ Success"]
[13495][1563819507959][requester][info]["Telemetry~boot - Success"]
[13495][1563819507960][requester][info]["bootConfigurations~initialize - Success"]
[13495][1563819507962][requester][info]["Settings~boot - Success"]
[13495][1563819508043][requester][info]["bootstrapModels - Success"]
[13495][1563819508043][requester][info]["WLModels~boot - Success"]
[13495][1563819508083][requester][info]["Session~boot - Success"]
[13495][1563819508086][requester][info]["IndependentServices~boot - Success"]
[13495][1563819508093][requester][info]["AppModels~boot - Success"]
[13495][1563819508094][requester][info]["RuntimeListeners~boot- Success"]
[13495][1563819508094][requester][info]["DBWatcher~boot - Success"]
[13495][1563819508097][requester][info]["ThemeManager~boot - Success"]
[13495][1563819508098][requester][info]["InAppMessaging~boot - Success"]
[13495][1563819508098][requester][info]["Store~boot - Success"]
[13495][1563819508100][requester][info]["Shortcuts~boot - Success"]
[13495][1563819508100][requester][info]["SyncProxy~boot - Success"]
[13495][1563819508107][requester][info]["Requester~boot - Success"]
[13495][1563819508108][requester][info]["booted - requester"]
[4639][1563897003391][requester][info]["EventBus~initialize - Success"]
[4639][1563897003394][requester][info]["Messaging~boot - Success"]
[4639][1563897003414][requester][info]["bootCrashReporter~ Success"]
[4639][1563897003416][requester][info]["Telemetry~boot - Success"]
[4639][1563897003417][requester][info]["bootConfigurations~initialize - Success"]
[4639][1563897003419][requester][info]["Settings~boot - Success"]
[4639][1563897003494][requester][info]["bootstrapModels - Success"]
[4639][1563897003494][requester][info]["WLModels~boot - Success"]
[4639][1563897003532][requester][info]["Session~boot - Success"]
[4639][1563897003535][requester][info]["IndependentServices~boot - Success"]
[4639][1563897003541][requester][info]["AppModels~boot - Success"]
[4639][1563897003541][requester][info]["RuntimeListeners~boot- Success"]
[4639][1563897003542][requester][info]["DBWatcher~boot - Success"]
[4639][1563897003543][requester][info]["ThemeManager~boot - Success"]
[4639][1563897003544][requester][info]["InAppMessaging~boot - Success"]
[4639][1563897003545][requester][info]["Store~boot - Success"]
[4639][1563897003546][requester][info]["Shortcuts~boot - Success"]
[4639][1563897003547][requester][info]["SyncProxy~boot - Success"]
[4639][1563897003553][requester][info]["Requester~boot - Success"]
[4639][1563897003554][requester][info]["booted - requester"]
[4639][1563897015329][requester][error]["Error in update flow: {\"code\":\"EACCES\",\"errno\":-13,\"message\":\"EACCES: permission denied, open '/usr/Postman-1563897014270.tar.gz'\",\"name\":\"Error\",\"path\":\"/usr/Postman-1563897014270.tar.gz\",\"stack\":\"Error: EACCES: permission denied, open '/usr/Postman-1563897014270.tar.gz'\",\"syscall\":\"open\"}"]
[14277][1563898862894][requester][info]["EventBus~initialize - Success"]
[14277][1563898862897][requester][info]["Messaging~boot - Success"]
[14277][1563898862916][requester][info]["bootCrashReporter~ Success"]
[14277][1563898862918][requester][info]["Telemetry~boot - Success"]
[14277][1563898862919][requester][info]["bootConfigurations~initialize - Success"]
[14277][1563898862920][requester][info]["Settings~boot - Success"]
[14277][1563898862990][requester][info]["bootstrapModels - Success"]
[14277][1563898862991][requester][info]["WLModels~boot - Success"]
[14277][1563898863029][requester][info]["Session~boot - Success"]
[14277][1563898863033][requester][info]["IndependentServices~boot - Success"]
[14277][1563898863042][requester][info]["AppModels~boot - Success"]
[14277][1563898863042][requester][info]["RuntimeListeners~boot- Success"]
[14277][1563898863042][requester][info]["DBWatcher~boot - Success"]
[14277][1563898863044][requester][info]["ThemeManager~boot - Success"]
[14277][1563898863045][requester][info]["InAppMessaging~boot - Success"]
[14277][1563898863046][requester][info]["Store~boot - Success"]
[14277][1563898863047][requester][info]["Shortcuts~boot - Success"]
[14277][1563898863047][requester][info]["SyncProxy~boot - Success"]
[14277][1563898863054][requester][info]["Requester~boot - Success"]
[14277][1563898863055][requester][info]["booted - requester"]
[14277][1563898873827][requester][error]["Error in update flow: {\"code\":\"EACCES\",\"errno\":-13,\"message\":\"EACCES: permission denied, open '/usr/Postman-1563898873580.tar.gz'\",\"name\":\"Error\",\"path\":\"/usr/Postman-1563898873580.tar.gz\",\"stack\":\"Error: EACCES: permission denied, open '/usr/Postman-1563898873580.tar.gz'\",\"syscall\":\"open\"}"]
[27752][1566486295002][requester][info]["EventBus~initialize - Success"]
[27752][1566486295005][requester][info]["Messaging~boot - Success"]
[27752][1566486295029][requester][info]["bootCrashReporter~ Success"]
[27752][1566486295030][requester][info]["Telemetry~boot - Success"]
[27752][1566486295031][requester][info]["bootConfigurations~initialize - Success"]
[27752][1566486295033][requester][info]["Settings~boot - Success"]
[27752][1566486295105][requester][info]["bootstrapModels - Success"]
[27752][1566486295106][requester][info]["WLModels~boot - Success"]
[27752][1566486295145][requester][info]["Session~boot - Success"]
[27752][1566486295150][requester][info]["IndependentServices~boot - Success"]
[27752][1566486295157][requester][info]["AppModels~boot - Success"]
[27752][1566486295157][requester][info]["RuntimeListeners~boot- Success"]
[27752][1566486295158][requester][info]["DBWatcher~boot - Success"]
[27752][1566486295160][requester][info]["ThemeManager~boot - Success"]
[27752][1566486295161][requester][info]["InAppMessaging~boot - Success"]
[27752][1566486295161][requester][info]["Store~boot - Success"]
[27752][1566486295163][requester][info]["Shortcuts~boot - Success"]
[27752][1566486295164][requester][info]["SyncProxy~boot - Success"]
[27752][1566486295171][requester][info]["Requester~boot - Success"]
[27752][1566486295171][requester][info]["booted - requester"]
[27752][1566486306116][requester][error]["Error in update flow: {\"code\":\"EACCES\",\"errno\":-13,\"message\":\"EACCES: permission denied, open '/usr/Postman-1566486305811.tar.gz'\",\"name\":\"Error\",\"path\":\"/usr/Postman-1566486305811.tar.gz\",\"stack\":\"Error: EACCES: permission denied, open '/usr/Postman-1566486305811.tar.gz'\",\"syscall\":\"open\"}"]
