[22601][1563803612900][shared][info]["EventBus~initialize - Success"]
[22601][1563803612902][shared][info]["Messaging~boot - Success"]
[22601][1563803612913][shared][info]["bootCrashReporter~ Success"]
[22601][1563803612914][shared][info]["Telemetry~boot - Success"]
[22601][1563803612916][shared][info]["bootConfigurations~initialize - Success"]
[22601][1563803612920][shared][info]["Settings~boot - Success"]
[22601][1563803612921][shared][info]["Migrations: Starting migrations"]
[22601][1563803612921][shared][info]["Migrations: Walking migration","0000_initial"]
[22601][1563803612921][shared][info]["Migrations: Walking migration","0001_add_archived_resources_table"]
[22601][1563803612921][shared][info]["Migrations: Walking migration","0002_add_variable_sessions_table"]
[22601][1563803612921][shared][info]["Migrations: Walking migration","0003_add_editor_tables"]
[22601][1563803612921][shared][info]["Migrations: Walking migration","0004_migrate_ws_session_data"]
[22601][1563803612922][shared][info]["Migrations: Walking migration","0005_cleanup_request_response_and_history_body"]
[22601][1563803612922][shared][info]["Migrations: Walking migration","0006_add_dbp_to_request_response_and_history"]
[22601][1563803612922][shared][info]["Migrations: Walking migration","0007_add_sync_client_buckets_by_order_id_table"]
[22601][1563803612922][shared][info]["Migrations: Walking migration","0008_migrate_to_sync_client_buckets_by_order_id"]
[22601][1563803612922][shared][info]["Migrations: Walking migration","0009_remove_sync_client_buckets_table"]
[22601][1563803612922][shared][info]["Migrations: Walking migration","0010_add_history_owner"]
[22601][1563803612922][shared][info]["Migrations: Walking migration","0011_add_history_response_table"]
[22601][1563803612922][shared][info]["Migrations: Walking migration","0012_add_user_data_table"]
[22601][1563803612922][shared][info]["Migrations: Walking migration","0013_sanitize_request_response_and_history_methods"]
[22601][1563803612923][shared][info]["Migrations: Walking migration","0014_sanitize_response_requestobject_rawmodedata"]
[22601][1563803612923][shared][info]["Migrations: Walking migration","0015_add_favorited_collections_table"]
[22601][1563803612923][shared][info]["Migrations: Walking migration","0016_add_permission_table"]
[22601][1563803612923][shared][info]["Migrations: Walking migration","0017_add_user_preferences_table"]
[22601][1563803612923][shared][info]["Migrations: Walking migration","0018_index_header_presets"]
[22601][1563803612923][shared][info]["Migrations: Walking migration","0019_migrate_favorite_collections_data"]
[22601][1563803612923][shared][info]["Migrations: Walking migration","0020_migrate_sync_client_revision"]
[22601][1563803612923][shared][info]["Migrations: Walking migration","0021_clear_permissions"]
[22601][1563803612923][shared][info]["Migrations: Walking migration","0022_add_workspace_header_presets"]
[22601][1563803612924][shared][info]["Migrations: Walking migration","0023_remove_collection_permissions_and_shared"]
[22601][1563803612924][shared][info]["Migrations: Starting migration","0000_initial"]
[22601][1563803612924][shared][info]["Migrations: Setting context before starting migration","0000_initial",{"0000_initial":"started"}]
[22601][1563803612925][shared][info]["Migrations: Applying migration","0000_initial"]
[22601][1563803612925][shared][info]["Migrations: Upgrading IndexedDB to version","0000_initial",1]
[22601][1563803612926][shared][info]["Migrations: Adding pending commit to queue","0000_initial"]
[22601][1563803612926][shared][info]["Migrations: Starting migration","0001_add_archived_resources_table"]
[22601][1563803612926][shared][info]["Migrations: Setting context before starting migration","0001_add_archived_resources_table",{"0000_initial":"started","0001_add_archived_resources_table":"started"}]
[22601][1563803612926][shared][info]["Migrations: Applying migration","0001_add_archived_resources_table"]
[22601][1563803612926][shared][info]["Migrations: Upgrading IndexedDB to version","0001_add_archived_resources_table",2]
[22601][1563803612927][shared][info]["Migrations: Adding pending commit to queue","0001_add_archived_resources_table"]
[22601][1563803612927][shared][info]["Migrations: Starting migration","0002_add_variable_sessions_table"]
[22601][1563803612927][shared][info]["Migrations: Setting context before starting migration","0002_add_variable_sessions_table",{"0000_initial":"started","0001_add_archived_resources_table":"started","0002_add_variable_sessions_table":"started"}]
[22601][1563803612928][shared][info]["Migrations: Applying migration","0002_add_variable_sessions_table"]
[22601][1563803612928][shared][info]["Migrations: Upgrading IndexedDB to version","0002_add_variable_sessions_table",3]
[22601][1563803612928][shared][info]["Migrations: Adding pending commit to queue","0002_add_variable_sessions_table"]
[22601][1563803612929][shared][info]["Migrations: Starting migration","0003_add_editor_tables"]
[22601][1563803612929][shared][info]["Migrations: Setting context before starting migration","0003_add_editor_tables",{"0000_initial":"started","0001_add_archived_resources_table":"started","0002_add_variable_sessions_table":"started","0003_add_editor_tables":"started"}]
[22601][1563803612929][shared][info]["Migrations: Applying migration","0003_add_editor_tables"]
[22601][1563803612929][shared][info]["Migrations: Upgrading IndexedDB to version","0003_add_editor_tables",4]
[22601][1563803612930][shared][info]["Migrations: Adding pending commit to queue","0003_add_editor_tables"]
[22601][1563803612930][shared][info]["Migrations: Starting migration","0004_migrate_ws_session_data"]
[22601][1563803612930][shared][info]["Migrations: Flushing pending migrations for","0004_migrate_ws_session_data"]
[22601][1563803612930][shared][info]["Migrations: Flushing pending commit for type","IndexeddbSchemaMigration"]
[22601][1563803612931][shared][info]["Migrations: Committing IndexedDB upgrade"]
[22601][1563803612953][shared][info]["Migrations: Updating status in migration context",{"0000_initial":"started","0001_add_archived_resources_table":"started","0002_add_variable_sessions_table":"started","0003_add_editor_tables":"started"}]
[22601][1563803612954][shared][info]["Migrations: Updated status in migration context",{"0000_initial":"finished","0001_add_archived_resources_table":"finished","0002_add_variable_sessions_table":"finished","0003_add_editor_tables":"finished"}]
[22601][1563803612954][shared][info]["Migrations: Setting context before starting migration","0004_migrate_ws_session_data",{"0000_initial":"finished","0001_add_archived_resources_table":"finished","0002_add_variable_sessions_table":"finished","0003_add_editor_tables":"finished","0004_migrate_ws_session_data":"started"}]
[22601][1563803612954][shared][info]["Migrations: Applying migration","0004_migrate_ws_session_data"]
[22601][1563803612954][shared][info]["Migrations: Processing IndexedDB data migration","0004_migrate_ws_session_data"]
[22601][1563803612958][shared][info]["Migration~Tabs: Starting migration"]
[22601][1563803612964][shared][info]["Migration~Tabs: Completed transformation"]
[22601][1563803612965][shared][info]["Migration~Tabs: Creating editors"]
[22601][1563803612966][shared][info]["Migration~Tabs: Creating editor models"]
[22601][1563803612969][shared][info]["Migrations: Saving migration context after completion","0004_migrate_ws_session_data",{"0000_initial":"finished","0001_add_archived_resources_table":"finished","0002_add_variable_sessions_table":"finished","0003_add_editor_tables":"finished","0004_migrate_ws_session_data":"started"}]
[22601][1563803612969][shared][info]["Migrations: Starting migration","0005_cleanup_request_response_and_history_body"]
[22601][1563803612970][shared][info]["Migrations: Flushing pending migrations for","0005_cleanup_request_response_and_history_body"]
[22601][1563803612970][shared][info]["Migrations: Updating status in migration context",{"0000_initial":"finished","0001_add_archived_resources_table":"finished","0002_add_variable_sessions_table":"finished","0003_add_editor_tables":"finished","0004_migrate_ws_session_data":"finished"}]
[22601][1563803612970][shared][info]["Migrations: Updated status in migration context",{"0000_initial":"finished","0001_add_archived_resources_table":"finished","0002_add_variable_sessions_table":"finished","0003_add_editor_tables":"finished","0004_migrate_ws_session_data":"finished"}]
[22601][1563803612971][shared][info]["Migrations: Setting context before starting migration","0005_cleanup_request_response_and_history_body",{"0000_initial":"finished","0001_add_archived_resources_table":"finished","0002_add_variable_sessions_table":"finished","0003_add_editor_tables":"finished","0004_migrate_ws_session_data":"finished","0005_cleanup_request_response_and_history_body":"started"}]
[22601][1563803612971][shared][info]["Migrations: Applying migration","0005_cleanup_request_response_and_history_body"]
[22601][1563803612971][shared][info]["Migrations: Processing IndexedDB data migration","0005_cleanup_request_response_and_history_body"]
[22601][1563803612978][shared][info]["Migrations: Saving migration context after completion","0005_cleanup_request_response_and_history_body",{"0000_initial":"finished","0001_add_archived_resources_table":"finished","0002_add_variable_sessions_table":"finished","0003_add_editor_tables":"finished","0004_migrate_ws_session_data":"finished","0005_cleanup_request_response_and_history_body":"started"}]
[22601][1563803612978][shared][info]["Migrations: Starting migration","0006_add_dbp_to_request_response_and_history"]
[22601][1563803612979][shared][info]["Migrations: Flushing pending migrations for","0006_add_dbp_to_request_response_and_history"]
[22601][1563803612979][shared][info]["Migrations: Updating status in migration context",{"0000_initial":"finished","0001_add_archived_resources_table":"finished","0002_add_variable_sessions_table":"finished","0003_add_editor_tables":"finished","0004_migrate_ws_session_data":"finished","0005_cleanup_request_response_and_history_body":"finished"}]
[22601][1563803612979][shared][info]["Migrations: Updated status in migration context",{"0000_initial":"finished","0001_add_archived_resources_table":"finished","0002_add_variable_sessions_table":"finished","0003_add_editor_tables":"finished","0004_migrate_ws_session_data":"finished","0005_cleanup_request_response_and_history_body":"finished"}]
[22601][1563803612979][shared][info]["Migrations: Setting context before starting migration","0006_add_dbp_to_request_response_and_history",{"0000_initial":"finished","0001_add_archived_resources_table":"finished","0002_add_variable_sessions_table":"finished","0003_add_editor_tables":"finished","0004_migrate_ws_session_data":"finished","0005_cleanup_request_response_and_history_body":"finished","0006_add_dbp_to_request_response_and_history":"started"}]
[22601][1563803612980][shared][info]["Migrations: Applying migration","0006_add_dbp_to_request_response_and_history"]
[22601][1563803612980][shared][info]["Migrations: Processing IndexedDB data migration","0006_add_dbp_to_request_response_and_history"]
[22601][1563803612986][shared][info]["Migrations: Saving migration context after completion","0006_add_dbp_to_request_response_and_history",{"0000_initial":"finished","0001_add_archived_resources_table":"finished","0002_add_variable_sessions_table":"finished","0003_add_editor_tables":"finished","0004_migrate_ws_session_data":"finished","0005_cleanup_request_response_and_history_body":"finished","0006_add_dbp_to_request_response_and_history":"started"}]
[22601][1563803612986][shared][info]["Migrations: Starting migration","0007_add_sync_client_buckets_by_order_id_table"]
[22601][1563803612987][shared][info]["Migrations: Setting context before starting migration","0007_add_sync_client_buckets_by_order_id_table",{"0000_initial":"finished","0001_add_archived_resources_table":"finished","0002_add_variable_sessions_table":"finished","0003_add_editor_tables":"finished","0004_migrate_ws_session_data":"finished","0005_cleanup_request_response_and_history_body":"finished","0006_add_dbp_to_request_response_and_history":"finished","0007_add_sync_client_buckets_by_order_id_table":"started"}]
[22601][1563803612987][shared][info]["Migrations: Applying migration","0007_add_sync_client_buckets_by_order_id_table"]
[22601][1563803612987][shared][info]["Migrations: Upgrading IndexedDB to version","0007_add_sync_client_buckets_by_order_id_table",5]
[22601][1563803612988][shared][info]["Migrations: Adding pending commit to queue","0007_add_sync_client_buckets_by_order_id_table"]
[22601][1563803612988][shared][info]["Migrations: Starting migration","0008_migrate_to_sync_client_buckets_by_order_id"]
[22601][1563803612988][shared][info]["Migrations: Flushing pending migrations for","0008_migrate_to_sync_client_buckets_by_order_id"]
[22601][1563803612988][shared][info]["Migrations: Flushing pending commit for type","IndexeddbSchemaMigration"]
[22601][1563803612988][shared][info]["Migrations: Committing IndexedDB upgrade"]
[22601][1563803612995][shared][info]["Migrations: Updating status in migration context",{"0000_initial":"finished","0001_add_archived_resources_table":"finished","0002_add_variable_sessions_table":"finished","0003_add_editor_tables":"finished","0004_migrate_ws_session_data":"finished","0005_cleanup_request_response_and_history_body":"finished","0006_add_dbp_to_request_response_and_history":"finished","0007_add_sync_client_buckets_by_order_id_table":"started"}]
[22601][1563803612995][shared][info]["Migrations: Updated status in migration context",{"0000_initial":"finished","0001_add_archived_resources_table":"finished","0002_add_variable_sessions_table":"finished","0003_add_editor_tables":"finished","0004_migrate_ws_session_data":"finished","0005_cleanup_request_response_and_history_body":"finished","0006_add_dbp_to_request_response_and_history":"finished","0007_add_sync_client_buckets_by_order_id_table":"finished"}]
[22601][1563803612995][shared][info]["Migrations: Setting context before starting migration","0008_migrate_to_sync_client_buckets_by_order_id",{"0000_initial":"finished","0001_add_archived_resources_table":"finished","0002_add_variable_sessions_table":"finished","0003_add_editor_tables":"finished","0004_migrate_ws_session_data":"finished","0005_cleanup_request_response_and_history_body":"finished","0006_add_dbp_to_request_response_and_history":"finished","0007_add_sync_client_buckets_by_order_id_table":"finished","0008_migrate_to_sync_client_buckets_by_order_id":"started"}]
[22601][1563803612996][shared][info]["Migrations: Applying migration","0008_migrate_to_sync_client_buckets_by_order_id"]
[22601][1563803612996][shared][info]["Migrations: Processing IndexedDB data migration","0008_migrate_to_sync_client_buckets_by_order_id"]
[22601][1563803613002][shared][info]["Migrations: Saving migration context after completion","0008_migrate_to_sync_client_buckets_by_order_id",{"0000_initial":"finished","0001_add_archived_resources_table":"finished","0002_add_variable_sessions_table":"finished","0003_add_editor_tables":"finished","0004_migrate_ws_session_data":"finished","0005_cleanup_request_response_and_history_body":"finished","0006_add_dbp_to_request_response_and_history":"finished","0007_add_sync_client_buckets_by_order_id_table":"finished","0008_migrate_to_sync_client_buckets_by_order_id":"started"}]
[22601][1563803613002][shared][info]["Migrations: Starting migration","0009_remove_sync_client_buckets_table"]
[22601][1563803613003][shared][info]["Migrations: Setting context before starting migration","0009_remove_sync_client_buckets_table",{"0000_initial":"finished","0001_add_archived_resources_table":"finished","0002_add_variable_sessions_table":"finished","0003_add_editor_tables":"finished","0004_migrate_ws_session_data":"finished","0005_cleanup_request_response_and_history_body":"finished","0006_add_dbp_to_request_response_and_history":"finished","0007_add_sync_client_buckets_by_order_id_table":"finished","0008_migrate_to_sync_client_buckets_by_order_id":"finished","0009_remove_sync_client_buckets_table":"started"}]
[22601][1563803613003][shared][info]["Migrations: Applying migration","0009_remove_sync_client_buckets_table"]
[22601][1563803613003][shared][info]["Migrations: Upgrading IndexedDB to version","0009_remove_sync_client_buckets_table",6]
[22601][1563803613004][shared][info]["Migrations: Adding pending commit to queue","0009_remove_sync_client_buckets_table"]
[22601][1563803613004][shared][info]["Migrations: Starting migration","0010_add_history_owner"]
[22601][1563803613004][shared][info]["Migrations: Flushing pending migrations for","0010_add_history_owner"]
[22601][1563803613004][shared][info]["Migrations: Flushing pending commit for type","IndexeddbSchemaMigration"]
[22601][1563803613004][shared][info]["Migrations: Committing IndexedDB upgrade"]
[22601][1563803613010][shared][info]["Migrations: Updating status in migration context",{"0000_initial":"finished","0001_add_archived_resources_table":"finished","0002_add_variable_sessions_table":"finished","0003_add_editor_tables":"finished","0004_migrate_ws_session_data":"finished","0005_cleanup_request_response_and_history_body":"finished","0006_add_dbp_to_request_response_and_history":"finished","0007_add_sync_client_buckets_by_order_id_table":"finished","0008_migrate_to_sync_client_buckets_by_order_id":"finished","0009_remove_sync_client_buckets_table":"started"}]
[22601][1563803613011][shared][info]["Migrations: Updated status in migration context",{"0000_initial":"finished","0001_add_archived_resources_table":"finished","0002_add_variable_sessions_table":"finished","0003_add_editor_tables":"finished","0004_migrate_ws_session_data":"finished","0005_cleanup_request_response_and_history_body":"finished","0006_add_dbp_to_request_response_and_history":"finished","0007_add_sync_client_buckets_by_order_id_table":"finished","0008_migrate_to_sync_client_buckets_by_order_id":"finished","0009_remove_sync_client_buckets_table":"finished"}]
[22601][1563803613011][shared][info]["Migrations: Setting context before starting migration","0010_add_history_owner",{"0000_initial":"finished","0001_add_archived_resources_table":"finished","0002_add_variable_sessions_table":"finished","0003_add_editor_tables":"finished","0004_migrate_ws_session_data":"finished","0005_cleanup_request_response_and_history_body":"finished","0006_add_dbp_to_request_response_and_history":"finished","0007_add_sync_client_buckets_by_order_id_table":"finished","0008_migrate_to_sync_client_buckets_by_order_id":"finished","0009_remove_sync_client_buckets_table":"finished","0010_add_history_owner":"started"}]
[22601][1563803613011][shared][info]["Migrations: Applying migration","0010_add_history_owner"]
[22601][1563803613011][shared][info]["Migrations: Processing IndexedDB data migration","0010_add_history_owner"]
[22601][1563803613022][shared][info]["Migrations: Saving migration context after completion","0010_add_history_owner",{"0000_initial":"finished","0001_add_archived_resources_table":"finished","0002_add_variable_sessions_table":"finished","0003_add_editor_tables":"finished","0004_migrate_ws_session_data":"finished","0005_cleanup_request_response_and_history_body":"finished","0006_add_dbp_to_request_response_and_history":"finished","0007_add_sync_client_buckets_by_order_id_table":"finished","0008_migrate_to_sync_client_buckets_by_order_id":"finished","0009_remove_sync_client_buckets_table":"finished","0010_add_history_owner":"started"}]
[22601][1563803613022][shared][info]["Migrations: Starting migration","0011_add_history_response_table"]
[22601][1563803613022][shared][info]["Migrations: Setting context before starting migration","0011_add_history_response_table",{"0000_initial":"finished","0001_add_archived_resources_table":"finished","0002_add_variable_sessions_table":"finished","0003_add_editor_tables":"finished","0004_migrate_ws_session_data":"finished","0005_cleanup_request_response_and_history_body":"finished","0006_add_dbp_to_request_response_and_history":"finished","0007_add_sync_client_buckets_by_order_id_table":"finished","0008_migrate_to_sync_client_buckets_by_order_id":"finished","0009_remove_sync_client_buckets_table":"finished","0010_add_history_owner":"finished","0011_add_history_response_table":"started"}]
[22601][1563803613023][shared][info]["Migrations: Applying migration","0011_add_history_response_table"]
[22601][1563803613023][shared][info]["Migrations: Upgrading IndexedDB to version","0011_add_history_response_table",7]
[22601][1563803613024][shared][info]["Migrations: Adding pending commit to queue","0011_add_history_response_table"]
[22601][1563803613024][shared][info]["Migrations: Starting migration","0012_add_user_data_table"]
[22601][1563803613024][shared][info]["Migrations: Setting context before starting migration","0012_add_user_data_table",{"0000_initial":"finished","0001_add_archived_resources_table":"finished","0002_add_variable_sessions_table":"finished","0003_add_editor_tables":"finished","0004_migrate_ws_session_data":"finished","0005_cleanup_request_response_and_history_body":"finished","0006_add_dbp_to_request_response_and_history":"finished","0007_add_sync_client_buckets_by_order_id_table":"finished","0008_migrate_to_sync_client_buckets_by_order_id":"finished","0009_remove_sync_client_buckets_table":"finished","0010_add_history_owner":"finished","0011_add_history_response_table":"started","0012_add_user_data_table":"started"}]
[22601][1563803613024][shared][info]["Migrations: Applying migration","0012_add_user_data_table"]
[22601][1563803613025][shared][info]["Migrations: Upgrading IndexedDB to version","0012_add_user_data_table",8]
[22601][1563803613025][shared][info]["Migrations: Adding pending commit to queue","0012_add_user_data_table"]
[22601][1563803613025][shared][info]["Migrations: Starting migration","0013_sanitize_request_response_and_history_methods"]
[22601][1563803613026][shared][info]["Migrations: Flushing pending migrations for","0013_sanitize_request_response_and_history_methods"]
[22601][1563803613026][shared][info]["Migrations: Flushing pending commit for type","IndexeddbSchemaMigration"]
[22601][1563803613026][shared][info]["Migrations: Committing IndexedDB upgrade"]
[22601][1563803613035][shared][info]["Migrations: Updating status in migration context",{"0000_initial":"finished","0001_add_archived_resources_table":"finished","0002_add_variable_sessions_table":"finished","0003_add_editor_tables":"finished","0004_migrate_ws_session_data":"finished","0005_cleanup_request_response_and_history_body":"finished","0006_add_dbp_to_request_response_and_history":"finished","0007_add_sync_client_buckets_by_order_id_table":"finished","0008_migrate_to_sync_client_buckets_by_order_id":"finished","0009_remove_sync_client_buckets_table":"finished","0010_add_history_owner":"finished","0011_add_history_response_table":"started","0012_add_user_data_table":"started"}]
[22601][1563803613036][shared][info]["Migrations: Updated status in migration context",{"0000_initial":"finished","0001_add_archived_resources_table":"finished","0002_add_variable_sessions_table":"finished","0003_add_editor_tables":"finished","0004_migrate_ws_session_data":"finished","0005_cleanup_request_response_and_history_body":"finished","0006_add_dbp_to_request_response_and_history":"finished","0007_add_sync_client_buckets_by_order_id_table":"finished","0008_migrate_to_sync_client_buckets_by_order_id":"finished","0009_remove_sync_client_buckets_table":"finished","0010_add_history_owner":"finished","0011_add_history_response_table":"finished","0012_add_user_data_table":"finished"}]
[22601][1563803613037][shared][info]["Migrations: Setting context before starting migration","0013_sanitize_request_response_and_history_methods",{"0000_initial":"finished","0001_add_archived_resources_table":"finished","0002_add_variable_sessions_table":"finished","0003_add_editor_tables":"finished","0004_migrate_ws_session_data":"finished","0005_cleanup_request_response_and_history_body":"finished","0006_add_dbp_to_request_response_and_history":"finished","0007_add_sync_client_buckets_by_order_id_table":"finished","0008_migrate_to_sync_client_buckets_by_order_id":"finished","0009_remove_sync_client_buckets_table":"finished","0010_add_history_owner":"finished","0011_add_history_response_table":"finished","0012_add_user_data_table":"finished","0013_sanitize_request_response_and_history_methods":"started"}]
[22601][1563803613037][shared][info]["Migrations: Applying migration","0013_sanitize_request_response_and_history_methods"]
[22601][1563803613038][shared][info]["Migrations: Processing IndexedDB data migration","0013_sanitize_request_response_and_history_methods"]
[22601][1563803613050][shared][info]["Migrations: Saving migration context after completion","0013_sanitize_request_response_and_history_methods",{"0000_initial":"finished","0001_add_archived_resources_table":"finished","0002_add_variable_sessions_table":"finished","0003_add_editor_tables":"finished","0004_migrate_ws_session_data":"finished","0005_cleanup_request_response_and_history_body":"finished","0006_add_dbp_to_request_response_and_history":"finished","0007_add_sync_client_buckets_by_order_id_table":"finished","0008_migrate_to_sync_client_buckets_by_order_id":"finished","0009_remove_sync_client_buckets_table":"finished","0010_add_history_owner":"finished","0011_add_history_response_table":"finished","0012_add_user_data_table":"finished","0013_sanitize_request_response_and_history_methods":"started"}]
[22601][1563803613051][shared][info]["Migrations: Starting migration","0014_sanitize_response_requestobject_rawmodedata"]
[22601][1563803613051][shared][info]["Migrations: Flushing pending migrations for","0014_sanitize_response_requestobject_rawmodedata"]
[22601][1563803613051][shared][info]["Migrations: Updating status in migration context",{"0000_initial":"finished","0001_add_archived_resources_table":"finished","0002_add_variable_sessions_table":"finished","0003_add_editor_tables":"finished","0004_migrate_ws_session_data":"finished","0005_cleanup_request_response_and_history_body":"finished","0006_add_dbp_to_request_response_and_history":"finished","0007_add_sync_client_buckets_by_order_id_table":"finished","0008_migrate_to_sync_client_buckets_by_order_id":"finished","0009_remove_sync_client_buckets_table":"finished","0010_add_history_owner":"finished","0011_add_history_response_table":"finished","0012_add_user_data_table":"finished","0013_sanitize_request_response_and_history_methods":"finished"}]
[22601][1563803613052][shared][info]["Migrations: Updated status in migration context",{"0000_initial":"finished","0001_add_archived_resources_table":"finished","0002_add_variable_sessions_table":"finished","0003_add_editor_tables":"finished","0004_migrate_ws_session_data":"finished","0005_cleanup_request_response_and_history_body":"finished","0006_add_dbp_to_request_response_and_history":"finished","0007_add_sync_client_buckets_by_order_id_table":"finished","0008_migrate_to_sync_client_buckets_by_order_id":"finished","0009_remove_sync_client_buckets_table":"finished","0010_add_history_owner":"finished","0011_add_history_response_table":"finished","0012_add_user_data_table":"finished","0013_sanitize_request_response_and_history_methods":"finished"}]
[22601][1563803613053][shared][info]["Migrations: Setting context before starting migration","0014_sanitize_response_requestobject_rawmodedata",{"0000_initial":"finished","0001_add_archived_resources_table":"finished","0002_add_variable_sessions_table":"finished","0003_add_editor_tables":"finished","0004_migrate_ws_session_data":"finished","0005_cleanup_request_response_and_history_body":"finished","0006_add_dbp_to_request_response_and_history":"finished","0007_add_sync_client_buckets_by_order_id_table":"finished","0008_migrate_to_sync_client_buckets_by_order_id":"finished","0009_remove_sync_client_buckets_table":"finished","0010_add_history_owner":"finished","0011_add_history_response_table":"finished","0012_add_user_data_table":"finished","0013_sanitize_request_response_and_history_methods":"finished","0014_sanitize_response_requestobject_rawmodedata":"started"}]
[22601][1563803613054][shared][info]["Migrations: Applying migration","0014_sanitize_response_requestobject_rawmodedata"]
[22601][1563803613054][shared][info]["Migrations: Processing IndexedDB data migration","0014_sanitize_response_requestobject_rawmodedata"]
[22601][1563803613061][shared][info]["Migrations: Saving migration context after completion","0014_sanitize_response_requestobject_rawmodedata",{"0000_initial":"finished","0001_add_archived_resources_table":"finished","0002_add_variable_sessions_table":"finished","0003_add_editor_tables":"finished","0004_migrate_ws_session_data":"finished","0005_cleanup_request_response_and_history_body":"finished","0006_add_dbp_to_request_response_and_history":"finished","0007_add_sync_client_buckets_by_order_id_table":"finished","0008_migrate_to_sync_client_buckets_by_order_id":"finished","0009_remove_sync_client_buckets_table":"finished","0010_add_history_owner":"finished","0011_add_history_response_table":"finished","0012_add_user_data_table":"finished","0013_sanitize_request_response_and_history_methods":"finished","0014_sanitize_response_requestobject_rawmodedata":"started"}]
[22601][1563803613061][shared][info]["Migrations: Starting migration","0015_add_favorited_collections_table"]
[22601][1563803613062][shared][info]["Migrations: Setting context before starting migration","0015_add_favorited_collections_table",{"0000_initial":"finished","0001_add_archived_resources_table":"finished","0002_add_variable_sessions_table":"finished","0003_add_editor_tables":"finished","0004_migrate_ws_session_data":"finished","0005_cleanup_request_response_and_history_body":"finished","0006_add_dbp_to_request_response_and_history":"finished","0007_add_sync_client_buckets_by_order_id_table":"finished","0008_migrate_to_sync_client_buckets_by_order_id":"finished","0009_remove_sync_client_buckets_table":"finished","0010_add_history_owner":"finished","0011_add_history_response_table":"finished","0012_add_user_data_table":"finished","0013_sanitize_request_response_and_history_methods":"finished","0014_sanitize_response_requestobject_rawmodedata":"finished","0015_add_favorited_collections_table":"started"}]
[22601][1563803613062][shared][info]["Migrations: Applying migration","0015_add_favorited_collections_table"]
[22601][1563803613062][shared][info]["Migrations: Upgrading IndexedDB to version","0015_add_favorited_collections_table",9]
[22601][1563803613063][shared][info]["Migrations: Adding pending commit to queue","0015_add_favorited_collections_table"]
[22601][1563803613063][shared][info]["Migrations: Starting migration","0016_add_permission_table"]
[22601][1563803613063][shared][info]["Migrations: Setting context before starting migration","0016_add_permission_table",{"0000_initial":"finished","0001_add_archived_resources_table":"finished","0002_add_variable_sessions_table":"finished","0003_add_editor_tables":"finished","0004_migrate_ws_session_data":"finished","0005_cleanup_request_response_and_history_body":"finished","0006_add_dbp_to_request_response_and_history":"finished","0007_add_sync_client_buckets_by_order_id_table":"finished","0008_migrate_to_sync_client_buckets_by_order_id":"finished","0009_remove_sync_client_buckets_table":"finished","0010_add_history_owner":"finished","0011_add_history_response_table":"finished","0012_add_user_data_table":"finished","0013_sanitize_request_response_and_history_methods":"finished","0014_sanitize_response_requestobject_rawmodedata":"finished","0015_add_favorited_collections_table":"started","0016_add_permission_table":"started"}]
[22601][1563803613064][shared][info]["Migrations: Applying migration","0016_add_permission_table"]
[22601][1563803613064][shared][info]["Migrations: Upgrading IndexedDB to version","0016_add_permission_table",10]
[22601][1563803613065][shared][info]["Migrations: Adding pending commit to queue","0016_add_permission_table"]
[22601][1563803613065][shared][info]["Migrations: Starting migration","0017_add_user_preferences_table"]
[22601][1563803613065][shared][info]["Migrations: Setting context before starting migration","0017_add_user_preferences_table",{"0000_initial":"finished","0001_add_archived_resources_table":"finished","0002_add_variable_sessions_table":"finished","0003_add_editor_tables":"finished","0004_migrate_ws_session_data":"finished","0005_cleanup_request_response_and_history_body":"finished","0006_add_dbp_to_request_response_and_history":"finished","0007_add_sync_client_buckets_by_order_id_table":"finished","0008_migrate_to_sync_client_buckets_by_order_id":"finished","0009_remove_sync_client_buckets_table":"finished","0010_add_history_owner":"finished","0011_add_history_response_table":"finished","0012_add_user_data_table":"finished","0013_sanitize_request_response_and_history_methods":"finished","0014_sanitize_response_requestobject_rawmodedata":"finished","0015_add_favorited_collections_table":"started","0016_add_permission_table":"started","0017_add_user_preferences_table":"started"}]
[22601][1563803613066][shared][info]["Migrations: Applying migration","0017_add_user_preferences_table"]
[22601][1563803613066][shared][info]["Migrations: Upgrading IndexedDB to version","0017_add_user_preferences_table",11]
[22601][1563803613067][shared][info]["Migrations: Adding pending commit to queue","0017_add_user_preferences_table"]
[22601][1563803613067][shared][info]["Migrations: Starting migration","0018_index_header_presets"]
[22601][1563803613067][shared][info]["Migrations: Setting context before starting migration","0018_index_header_presets",{"0000_initial":"finished","0001_add_archived_resources_table":"finished","0002_add_variable_sessions_table":"finished","0003_add_editor_tables":"finished","0004_migrate_ws_session_data":"finished","0005_cleanup_request_response_and_history_body":"finished","0006_add_dbp_to_request_response_and_history":"finished","0007_add_sync_client_buckets_by_order_id_table":"finished","0008_migrate_to_sync_client_buckets_by_order_id":"finished","0009_remove_sync_client_buckets_table":"finished","0010_add_history_owner":"finished","0011_add_history_response_table":"finished","0012_add_user_data_table":"finished","0013_sanitize_request_response_and_history_methods":"finished","0014_sanitize_response_requestobject_rawmodedata":"finished","0015_add_favorited_collections_table":"started","0016_add_permission_table":"started","0017_add_user_preferences_table":"started","0018_index_header_presets":"started"}]
[22601][1563803613068][shared][info]["Migrations: Applying migration","0018_index_header_presets"]
[22601][1563803613068][shared][info]["Migrations: Upgrading IndexedDB to version","0018_index_header_presets",12]
[22601][1563803613069][shared][info]["Migrations: Adding pending commit to queue","0018_index_header_presets"]
[22601][1563803613069][shared][info]["Migrations: Starting migration","0019_migrate_favorite_collections_data"]
[22601][1563803613069][shared][info]["Migrations: Flushing pending migrations for","0019_migrate_favorite_collections_data"]
[22601][1563803613069][shared][info]["Migrations: Flushing pending commit for type","IndexeddbSchemaMigration"]
[22601][1563803613070][shared][info]["Migrations: Committing IndexedDB upgrade"]
[22601][1563803613078][shared][info]["Migrations: Updating status in migration context",{"0000_initial":"finished","0001_add_archived_resources_table":"finished","0002_add_variable_sessions_table":"finished","0003_add_editor_tables":"finished","0004_migrate_ws_session_data":"finished","0005_cleanup_request_response_and_history_body":"finished","0006_add_dbp_to_request_response_and_history":"finished","0007_add_sync_client_buckets_by_order_id_table":"finished","0008_migrate_to_sync_client_buckets_by_order_id":"finished","0009_remove_sync_client_buckets_table":"finished","0010_add_history_owner":"finished","0011_add_history_response_table":"finished","0012_add_user_data_table":"finished","0013_sanitize_request_response_and_history_methods":"finished","0014_sanitize_response_requestobject_rawmodedata":"finished","0015_add_favorited_collections_table":"started","0016_add_permission_table":"started","0017_add_user_preferences_table":"started","0018_index_header_presets":"started"}]
[22601][1563803613078][shared][info]["Migrations: Updated status in migration context",{"0000_initial":"finished","0001_add_archived_resources_table":"finished","0002_add_variable_sessions_table":"finished","0003_add_editor_tables":"finished","0004_migrate_ws_session_data":"finished","0005_cleanup_request_response_and_history_body":"finished","0006_add_dbp_to_request_response_and_history":"finished","0007_add_sync_client_buckets_by_order_id_table":"finished","0008_migrate_to_sync_client_buckets_by_order_id":"finished","0009_remove_sync_client_buckets_table":"finished","0010_add_history_owner":"finished","0011_add_history_response_table":"finished","0012_add_user_data_table":"finished","0013_sanitize_request_response_and_history_methods":"finished","0014_sanitize_response_requestobject_rawmodedata":"finished","0015_add_favorited_collections_table":"finished","0016_add_permission_table":"finished","0017_add_user_preferences_table":"finished","0018_index_header_presets":"finished"}]
[22601][1563803613079][shared][info]["Migrations: Setting context before starting migration","0019_migrate_favorite_collections_data",{"0000_initial":"finished","0001_add_archived_resources_table":"finished","0002_add_variable_sessions_table":"finished","0003_add_editor_tables":"finished","0004_migrate_ws_session_data":"finished","0005_cleanup_request_response_and_history_body":"finished","0006_add_dbp_to_request_response_and_history":"finished","0007_add_sync_client_buckets_by_order_id_table":"finished","0008_migrate_to_sync_client_buckets_by_order_id":"finished","0009_remove_sync_client_buckets_table":"finished","0010_add_history_owner":"finished","0011_add_history_response_table":"finished","0012_add_user_data_table":"finished","0013_sanitize_request_response_and_history_methods":"finished","0014_sanitize_response_requestobject_rawmodedata":"finished","0015_add_favorited_collections_table":"finished","0016_add_permission_table":"finished","0017_add_user_preferences_table":"finished","0018_index_header_presets":"finished","0019_migrate_favorite_collections_data":"started"}]
[22601][1563803613079][shared][info]["Migrations: Applying migration","0019_migrate_favorite_collections_data"]
[22601][1563803613079][shared][info]["Migrations: Processing IndexedDB data migration","0019_migrate_favorite_collections_data"]
[22601][1563803613081][shared][info]["Migration~FavoriteCollections: Starting migration"]
[22601][1563803613086][shared][info]["Migrations: Saving migration context after completion","0019_migrate_favorite_collections_data",{"0000_initial":"finished","0001_add_archived_resources_table":"finished","0002_add_variable_sessions_table":"finished","0003_add_editor_tables":"finished","0004_migrate_ws_session_data":"finished","0005_cleanup_request_response_and_history_body":"finished","0006_add_dbp_to_request_response_and_history":"finished","0007_add_sync_client_buckets_by_order_id_table":"finished","0008_migrate_to_sync_client_buckets_by_order_id":"finished","0009_remove_sync_client_buckets_table":"finished","0010_add_history_owner":"finished","0011_add_history_response_table":"finished","0012_add_user_data_table":"finished","0013_sanitize_request_response_and_history_methods":"finished","0014_sanitize_response_requestobject_rawmodedata":"finished","0015_add_favorited_collections_table":"finished","0016_add_permission_table":"finished","0017_add_user_preferences_table":"finished","0018_index_header_presets":"finished","0019_migrate_favorite_collections_data":"started"}]
[22601][1563803613087][shared][info]["Migrations: Starting migration","0020_migrate_sync_client_revision"]
[22601][1563803613087][shared][info]["Migrations: Flushing pending migrations for","0020_migrate_sync_client_revision"]
[22601][1563803613087][shared][info]["Migrations: Updating status in migration context",{"0000_initial":"finished","0001_add_archived_resources_table":"finished","0002_add_variable_sessions_table":"finished","0003_add_editor_tables":"finished","0004_migrate_ws_session_data":"finished","0005_cleanup_request_response_and_history_body":"finished","0006_add_dbp_to_request_response_and_history":"finished","0007_add_sync_client_buckets_by_order_id_table":"finished","0008_migrate_to_sync_client_buckets_by_order_id":"finished","0009_remove_sync_client_buckets_table":"finished","0010_add_history_owner":"finished","0011_add_history_response_table":"finished","0012_add_user_data_table":"finished","0013_sanitize_request_response_and_history_methods":"finished","0014_sanitize_response_requestobject_rawmodedata":"finished","0015_add_favorited_collections_table":"finished","0016_add_permission_table":"finished","0017_add_user_preferences_table":"finished","0018_index_header_presets":"finished","0019_migrate_favorite_collections_data":"finished"}]
[22601][1563803613088][shared][info]["Migrations: Updated status in migration context",{"0000_initial":"finished","0001_add_archived_resources_table":"finished","0002_add_variable_sessions_table":"finished","0003_add_editor_tables":"finished","0004_migrate_ws_session_data":"finished","0005_cleanup_request_response_and_history_body":"finished","0006_add_dbp_to_request_response_and_history":"finished","0007_add_sync_client_buckets_by_order_id_table":"finished","0008_migrate_to_sync_client_buckets_by_order_id":"finished","0009_remove_sync_client_buckets_table":"finished","0010_add_history_owner":"finished","0011_add_history_response_table":"finished","0012_add_user_data_table":"finished","0013_sanitize_request_response_and_history_methods":"finished","0014_sanitize_response_requestobject_rawmodedata":"finished","0015_add_favorited_collections_table":"finished","0016_add_permission_table":"finished","0017_add_user_preferences_table":"finished","0018_index_header_presets":"finished","0019_migrate_favorite_collections_data":"finished"}]
[22601][1563803613088][shared][info]["Migrations: Setting context before starting migration","0020_migrate_sync_client_revision",{"0000_initial":"finished","0001_add_archived_resources_table":"finished","0002_add_variable_sessions_table":"finished","0003_add_editor_tables":"finished","0004_migrate_ws_session_data":"finished","0005_cleanup_request_response_and_history_body":"finished","0006_add_dbp_to_request_response_and_history":"finished","0007_add_sync_client_buckets_by_order_id_table":"finished","0008_migrate_to_sync_client_buckets_by_order_id":"finished","0009_remove_sync_client_buckets_table":"finished","0010_add_history_owner":"finished","0011_add_history_response_table":"finished","0012_add_user_data_table":"finished","0013_sanitize_request_response_and_history_methods":"finished","0014_sanitize_response_requestobject_rawmodedata":"finished","0015_add_favorited_collections_table":"finished","0016_add_permission_table":"finished","0017_add_user_preferences_table":"finished","0018_index_header_presets":"finished","0019_migrate_favorite_collections_data":"finished","0020_migrate_sync_client_revision":"started"}]
[22601][1563803613089][shared][info]["Migrations: Applying migration","0020_migrate_sync_client_revision"]
[22601][1563803613089][shared][info]["Migrations: Processing IndexedDB data migration","0020_migrate_sync_client_revision"]
[22601][1563803613090][shared][info]["Migration~SyncClientRevision: Migrating revision id for timelines"]
[22601][1563803613093][shared][info]["Migrations: Saving migration context after completion","0020_migrate_sync_client_revision",{"0000_initial":"finished","0001_add_archived_resources_table":"finished","0002_add_variable_sessions_table":"finished","0003_add_editor_tables":"finished","0004_migrate_ws_session_data":"finished","0005_cleanup_request_response_and_history_body":"finished","0006_add_dbp_to_request_response_and_history":"finished","0007_add_sync_client_buckets_by_order_id_table":"finished","0008_migrate_to_sync_client_buckets_by_order_id":"finished","0009_remove_sync_client_buckets_table":"finished","0010_add_history_owner":"finished","0011_add_history_response_table":"finished","0012_add_user_data_table":"finished","0013_sanitize_request_response_and_history_methods":"finished","0014_sanitize_response_requestobject_rawmodedata":"finished","0015_add_favorited_collections_table":"finished","0016_add_permission_table":"finished","0017_add_user_preferences_table":"finished","0018_index_header_presets":"finished","0019_migrate_favorite_collections_data":"finished","0020_migrate_sync_client_revision":"started"}]
[22601][1563803613094][shared][info]["Migrations: Starting migration","0021_clear_permissions"]
[22601][1563803613094][shared][info]["Migrations: Flushing pending migrations for","0021_clear_permissions"]
[22601][1563803613095][shared][info]["Migrations: Updating status in migration context",{"0000_initial":"finished","0001_add_archived_resources_table":"finished","0002_add_variable_sessions_table":"finished","0003_add_editor_tables":"finished","0004_migrate_ws_session_data":"finished","0005_cleanup_request_response_and_history_body":"finished","0006_add_dbp_to_request_response_and_history":"finished","0007_add_sync_client_buckets_by_order_id_table":"finished","0008_migrate_to_sync_client_buckets_by_order_id":"finished","0009_remove_sync_client_buckets_table":"finished","0010_add_history_owner":"finished","0011_add_history_response_table":"finished","0012_add_user_data_table":"finished","0013_sanitize_request_response_and_history_methods":"finished","0014_sanitize_response_requestobject_rawmodedata":"finished","0015_add_favorited_collections_table":"finished","0016_add_permission_table":"finished","0017_add_user_preferences_table":"finished","0018_index_header_presets":"finished","0019_migrate_favorite_collections_data":"finished","0020_migrate_sync_client_revision":"finished"}]
[22601][1563803613095][shared][info]["Migrations: Updated status in migration context",{"0000_initial":"finished","0001_add_archived_resources_table":"finished","0002_add_variable_sessions_table":"finished","0003_add_editor_tables":"finished","0004_migrate_ws_session_data":"finished","0005_cleanup_request_response_and_history_body":"finished","0006_add_dbp_to_request_response_and_history":"finished","0007_add_sync_client_buckets_by_order_id_table":"finished","0008_migrate_to_sync_client_buckets_by_order_id":"finished","0009_remove_sync_client_buckets_table":"finished","0010_add_history_owner":"finished","0011_add_history_response_table":"finished","0012_add_user_data_table":"finished","0013_sanitize_request_response_and_history_methods":"finished","0014_sanitize_response_requestobject_rawmodedata":"finished","0015_add_favorited_collections_table":"finished","0016_add_permission_table":"finished","0017_add_user_preferences_table":"finished","0018_index_header_presets":"finished","0019_migrate_favorite_collections_data":"finished","0020_migrate_sync_client_revision":"finished"}]
[22601][1563803613096][shared][info]["Migrations: Setting context before starting migration","0021_clear_permissions",{"0000_initial":"finished","0001_add_archived_resources_table":"finished","0002_add_variable_sessions_table":"finished","0003_add_editor_tables":"finished","0004_migrate_ws_session_data":"finished","0005_cleanup_request_response_and_history_body":"finished","0006_add_dbp_to_request_response_and_history":"finished","0007_add_sync_client_buckets_by_order_id_table":"finished","0008_migrate_to_sync_client_buckets_by_order_id":"finished","0009_remove_sync_client_buckets_table":"finished","0010_add_history_owner":"finished","0011_add_history_response_table":"finished","0012_add_user_data_table":"finished","0013_sanitize_request_response_and_history_methods":"finished","0014_sanitize_response_requestobject_rawmodedata":"finished","0015_add_favorited_collections_table":"finished","0016_add_permission_table":"finished","0017_add_user_preferences_table":"finished","0018_index_header_presets":"finished","0019_migrate_favorite_collections_data":"finished","0020_migrate_sync_client_revision":"finished","0021_clear_permissions":"started"}]
[22601][1563803613096][shared][info]["Migrations: Applying migration","0021_clear_permissions"]
[22601][1563803613096][shared][info]["Migrations: Processing IndexedDB data migration","0021_clear_permissions"]
[22601][1563803613099][shared][info]["Migration~Permissions: Starting migration"]
[22601][1563803613103][shared][info]["Migrations: Saving migration context after completion","0021_clear_permissions",{"0000_initial":"finished","0001_add_archived_resources_table":"finished","0002_add_variable_sessions_table":"finished","0003_add_editor_tables":"finished","0004_migrate_ws_session_data":"finished","0005_cleanup_request_response_and_history_body":"finished","0006_add_dbp_to_request_response_and_history":"finished","0007_add_sync_client_buckets_by_order_id_table":"finished","0008_migrate_to_sync_client_buckets_by_order_id":"finished","0009_remove_sync_client_buckets_table":"finished","0010_add_history_owner":"finished","0011_add_history_response_table":"finished","0012_add_user_data_table":"finished","0013_sanitize_request_response_and_history_methods":"finished","0014_sanitize_response_requestobject_rawmodedata":"finished","0015_add_favorited_collections_table":"finished","0016_add_permission_table":"finished","0017_add_user_preferences_table":"finished","0018_index_header_presets":"finished","0019_migrate_favorite_collections_data":"finished","0020_migrate_sync_client_revision":"finished","0021_clear_permissions":"started"}]
[22601][1563803613103][shared][info]["Migrations: Starting migration","0022_add_workspace_header_presets"]
[22601][1563803613103][shared][info]["Migrations: Flushing pending migrations for","0022_add_workspace_header_presets"]
[22601][1563803613104][shared][info]["Migrations: Updating status in migration context",{"0000_initial":"finished","0001_add_archived_resources_table":"finished","0002_add_variable_sessions_table":"finished","0003_add_editor_tables":"finished","0004_migrate_ws_session_data":"finished","0005_cleanup_request_response_and_history_body":"finished","0006_add_dbp_to_request_response_and_history":"finished","0007_add_sync_client_buckets_by_order_id_table":"finished","0008_migrate_to_sync_client_buckets_by_order_id":"finished","0009_remove_sync_client_buckets_table":"finished","0010_add_history_owner":"finished","0011_add_history_response_table":"finished","0012_add_user_data_table":"finished","0013_sanitize_request_response_and_history_methods":"finished","0014_sanitize_response_requestobject_rawmodedata":"finished","0015_add_favorited_collections_table":"finished","0016_add_permission_table":"finished","0017_add_user_preferences_table":"finished","0018_index_header_presets":"finished","0019_migrate_favorite_collections_data":"finished","0020_migrate_sync_client_revision":"finished","0021_clear_permissions":"finished"}]
[22601][1563803613104][shared][info]["Migrations: Updated status in migration context",{"0000_initial":"finished","0001_add_archived_resources_table":"finished","0002_add_variable_sessions_table":"finished","0003_add_editor_tables":"finished","0004_migrate_ws_session_data":"finished","0005_cleanup_request_response_and_history_body":"finished","0006_add_dbp_to_request_response_and_history":"finished","0007_add_sync_client_buckets_by_order_id_table":"finished","0008_migrate_to_sync_client_buckets_by_order_id":"finished","0009_remove_sync_client_buckets_table":"finished","0010_add_history_owner":"finished","0011_add_history_response_table":"finished","0012_add_user_data_table":"finished","0013_sanitize_request_response_and_history_methods":"finished","0014_sanitize_response_requestobject_rawmodedata":"finished","0015_add_favorited_collections_table":"finished","0016_add_permission_table":"finished","0017_add_user_preferences_table":"finished","0018_index_header_presets":"finished","0019_migrate_favorite_collections_data":"finished","0020_migrate_sync_client_revision":"finished","0021_clear_permissions":"finished"}]
[22601][1563803613105][shared][info]["Migrations: Setting context before starting migration","0022_add_workspace_header_presets",{"0000_initial":"finished","0001_add_archived_resources_table":"finished","0002_add_variable_sessions_table":"finished","0003_add_editor_tables":"finished","0004_migrate_ws_session_data":"finished","0005_cleanup_request_response_and_history_body":"finished","0006_add_dbp_to_request_response_and_history":"finished","0007_add_sync_client_buckets_by_order_id_table":"finished","0008_migrate_to_sync_client_buckets_by_order_id":"finished","0009_remove_sync_client_buckets_table":"finished","0010_add_history_owner":"finished","0011_add_history_response_table":"finished","0012_add_user_data_table":"finished","0013_sanitize_request_response_and_history_methods":"finished","0014_sanitize_response_requestobject_rawmodedata":"finished","0015_add_favorited_collections_table":"finished","0016_add_permission_table":"finished","0017_add_user_preferences_table":"finished","0018_index_header_presets":"finished","0019_migrate_favorite_collections_data":"finished","0020_migrate_sync_client_revision":"finished","0021_clear_permissions":"finished","0022_add_workspace_header_presets":"started"}]
[22601][1563803613105][shared][info]["Migrations: Applying migration","0022_add_workspace_header_presets"]
[22601][1563803613105][shared][info]["Migrations: Processing IndexedDB data migration","0022_add_workspace_header_presets"]
[22601][1563803613107][shared][info]["Migration~HeaderPresets: Add workspace property in header presets"]
[22601][1563803613111][shared][info]["Migrations: Saving migration context after completion","0022_add_workspace_header_presets",{"0000_initial":"finished","0001_add_archived_resources_table":"finished","0002_add_variable_sessions_table":"finished","0003_add_editor_tables":"finished","0004_migrate_ws_session_data":"finished","0005_cleanup_request_response_and_history_body":"finished","0006_add_dbp_to_request_response_and_history":"finished","0007_add_sync_client_buckets_by_order_id_table":"finished","0008_migrate_to_sync_client_buckets_by_order_id":"finished","0009_remove_sync_client_buckets_table":"finished","0010_add_history_owner":"finished","0011_add_history_response_table":"finished","0012_add_user_data_table":"finished","0013_sanitize_request_response_and_history_methods":"finished","0014_sanitize_response_requestobject_rawmodedata":"finished","0015_add_favorited_collections_table":"finished","0016_add_permission_table":"finished","0017_add_user_preferences_table":"finished","0018_index_header_presets":"finished","0019_migrate_favorite_collections_data":"finished","0020_migrate_sync_client_revision":"finished","0021_clear_permissions":"finished","0022_add_workspace_header_presets":"started"}]
[22601][1563803613111][shared][info]["Migrations: Starting migration","0023_remove_collection_permissions_and_shared"]
[22601][1563803613112][shared][info]["Migrations: Flushing pending migrations for","0023_remove_collection_permissions_and_shared"]
[22601][1563803613112][shared][info]["Migrations: Updating status in migration context",{"0000_initial":"finished","0001_add_archived_resources_table":"finished","0002_add_variable_sessions_table":"finished","0003_add_editor_tables":"finished","0004_migrate_ws_session_data":"finished","0005_cleanup_request_response_and_history_body":"finished","0006_add_dbp_to_request_response_and_history":"finished","0007_add_sync_client_buckets_by_order_id_table":"finished","0008_migrate_to_sync_client_buckets_by_order_id":"finished","0009_remove_sync_client_buckets_table":"finished","0010_add_history_owner":"finished","0011_add_history_response_table":"finished","0012_add_user_data_table":"finished","0013_sanitize_request_response_and_history_methods":"finished","0014_sanitize_response_requestobject_rawmodedata":"finished","0015_add_favorited_collections_table":"finished","0016_add_permission_table":"finished","0017_add_user_preferences_table":"finished","0018_index_header_presets":"finished","0019_migrate_favorite_collections_data":"finished","0020_migrate_sync_client_revision":"finished","0021_clear_permissions":"finished","0022_add_workspace_header_presets":"finished"}]
[22601][1563803613112][shared][info]["Migrations: Updated status in migration context",{"0000_initial":"finished","0001_add_archived_resources_table":"finished","0002_add_variable_sessions_table":"finished","0003_add_editor_tables":"finished","0004_migrate_ws_session_data":"finished","0005_cleanup_request_response_and_history_body":"finished","0006_add_dbp_to_request_response_and_history":"finished","0007_add_sync_client_buckets_by_order_id_table":"finished","0008_migrate_to_sync_client_buckets_by_order_id":"finished","0009_remove_sync_client_buckets_table":"finished","0010_add_history_owner":"finished","0011_add_history_response_table":"finished","0012_add_user_data_table":"finished","0013_sanitize_request_response_and_history_methods":"finished","0014_sanitize_response_requestobject_rawmodedata":"finished","0015_add_favorited_collections_table":"finished","0016_add_permission_table":"finished","0017_add_user_preferences_table":"finished","0018_index_header_presets":"finished","0019_migrate_favorite_collections_data":"finished","0020_migrate_sync_client_revision":"finished","0021_clear_permissions":"finished","0022_add_workspace_header_presets":"finished"}]
[22601][1563803613113][shared][info]["Migrations: Setting context before starting migration","0023_remove_collection_permissions_and_shared",{"0000_initial":"finished","0001_add_archived_resources_table":"finished","0002_add_variable_sessions_table":"finished","0003_add_editor_tables":"finished","0004_migrate_ws_session_data":"finished","0005_cleanup_request_response_and_history_body":"finished","0006_add_dbp_to_request_response_and_history":"finished","0007_add_sync_client_buckets_by_order_id_table":"finished","0008_migrate_to_sync_client_buckets_by_order_id":"finished","0009_remove_sync_client_buckets_table":"finished","0010_add_history_owner":"finished","0011_add_history_response_table":"finished","0012_add_user_data_table":"finished","0013_sanitize_request_response_and_history_methods":"finished","0014_sanitize_response_requestobject_rawmodedata":"finished","0015_add_favorited_collections_table":"finished","0016_add_permission_table":"finished","0017_add_user_preferences_table":"finished","0018_index_header_presets":"finished","0019_migrate_favorite_collections_data":"finished","0020_migrate_sync_client_revision":"finished","0021_clear_permissions":"finished","0022_add_workspace_header_presets":"finished","0023_remove_collection_permissions_and_shared":"started"}]
[22601][1563803613114][shared][info]["Migrations: Applying migration","0023_remove_collection_permissions_and_shared"]
[22601][1563803613114][shared][info]["Migrations: Processing IndexedDB data migration","0023_remove_collection_permissions_and_shared"]
[22601][1563803613119][shared][info]["Migrations: Saving migration context after completion","0023_remove_collection_permissions_and_shared",{"0000_initial":"finished","0001_add_archived_resources_table":"finished","0002_add_variable_sessions_table":"finished","0003_add_editor_tables":"finished","0004_migrate_ws_session_data":"finished","0005_cleanup_request_response_and_history_body":"finished","0006_add_dbp_to_request_response_and_history":"finished","0007_add_sync_client_buckets_by_order_id_table":"finished","0008_migrate_to_sync_client_buckets_by_order_id":"finished","0009_remove_sync_client_buckets_table":"finished","0010_add_history_owner":"finished","0011_add_history_response_table":"finished","0012_add_user_data_table":"finished","0013_sanitize_request_response_and_history_methods":"finished","0014_sanitize_response_requestobject_rawmodedata":"finished","0015_add_favorited_collections_table":"finished","0016_add_permission_table":"finished","0017_add_user_preferences_table":"finished","0018_index_header_presets":"finished","0019_migrate_favorite_collections_data":"finished","0020_migrate_sync_client_revision":"finished","0021_clear_permissions":"finished","0022_add_workspace_header_presets":"finished","0023_remove_collection_permissions_and_shared":"started"}]
[22601][1563803613119][shared][info]["Migrations: Flushing pending commit steps"]
[22601][1563803613120][shared][info]["Migrations: Updating status in migration context",{"0000_initial":"finished","0001_add_archived_resources_table":"finished","0002_add_variable_sessions_table":"finished","0003_add_editor_tables":"finished","0004_migrate_ws_session_data":"finished","0005_cleanup_request_response_and_history_body":"finished","0006_add_dbp_to_request_response_and_history":"finished","0007_add_sync_client_buckets_by_order_id_table":"finished","0008_migrate_to_sync_client_buckets_by_order_id":"finished","0009_remove_sync_client_buckets_table":"finished","0010_add_history_owner":"finished","0011_add_history_response_table":"finished","0012_add_user_data_table":"finished","0013_sanitize_request_response_and_history_methods":"finished","0014_sanitize_response_requestobject_rawmodedata":"finished","0015_add_favorited_collections_table":"finished","0016_add_permission_table":"finished","0017_add_user_preferences_table":"finished","0018_index_header_presets":"finished","0019_migrate_favorite_collections_data":"finished","0020_migrate_sync_client_revision":"finished","0021_clear_permissions":"finished","0022_add_workspace_header_presets":"finished","0023_remove_collection_permissions_and_shared":"finished"}]
[22601][1563803613120][shared][info]["Migrations: Updated status in migration context",{"0000_initial":"finished","0001_add_archived_resources_table":"finished","0002_add_variable_sessions_table":"finished","0003_add_editor_tables":"finished","0004_migrate_ws_session_data":"finished","0005_cleanup_request_response_and_history_body":"finished","0006_add_dbp_to_request_response_and_history":"finished","0007_add_sync_client_buckets_by_order_id_table":"finished","0008_migrate_to_sync_client_buckets_by_order_id":"finished","0009_remove_sync_client_buckets_table":"finished","0010_add_history_owner":"finished","0011_add_history_response_table":"finished","0012_add_user_data_table":"finished","0013_sanitize_request_response_and_history_methods":"finished","0014_sanitize_response_requestobject_rawmodedata":"finished","0015_add_favorited_collections_table":"finished","0016_add_permission_table":"finished","0017_add_user_preferences_table":"finished","0018_index_header_presets":"finished","0019_migrate_favorite_collections_data":"finished","0020_migrate_sync_client_revision":"finished","0021_clear_permissions":"finished","0022_add_workspace_header_presets":"finished","0023_remove_collection_permissions_and_shared":"finished"}]
[22601][1563803613120][shared][info]["Migration: Finished all migrations"]
[22601][1563803613213][shared][info]["bootstrapModels - Success"]
[22601][1563803613213][shared][info]["WLModels~boot - Success"]
[22601][1563803613232][shared][info]["initializeConfigurationsValues - Success"]
[22601][1563803613243][shared][info]["Migrate - Bailed out due to:","FRESH_INSTALL"]
[22601][1563803613252][shared][info]["AppModels~boot - Success"]
[22601][1563803613255][shared][info]["SharedRuntimeListeners~boot - Success"]
[22601][1563803613265][shared][info]["Sync~boot - Success"]
[22601][1563803613266][shared][info]["Shared~boot - Success"]
[22601][1563803613267][shared][info]["booted - shared"]
[3588][1563808902497][shared][info]["EventBus~initialize - Success"]
[3588][1563808902500][shared][info]["Messaging~boot - Success"]
[3588][1563808902515][shared][info]["bootCrashReporter~ Success"]
[3588][1563808902516][shared][info]["Telemetry~boot - Success"]
[3588][1563808902517][shared][info]["bootConfigurations~initialize - Success"]
[3588][1563808902519][shared][info]["Settings~boot - Success"]
[3588][1563808902520][shared][info]["Migrations: Skipping migrations. No migrations to apply."]
[3588][1563808902640][shared][info]["bootstrapModels - Success"]
[3588][1563808902641][shared][info]["WLModels~boot - Success"]
[3588][1563808902662][shared][info]["initializeConfigurationsValues - Success"]
[3588][1563808902670][shared][info]["Migrate - Bailed out due to:","FRESH_INSTALL"]
[3588][1563808902679][shared][info]["AppModels~boot - Success"]
[3588][1563808902682][shared][info]["SharedRuntimeListeners~boot - Success"]
[3588][1563808902690][shared][info]["Sync~boot - Success"]
[3588][1563808902691][shared][info]["Shared~boot - Success"]
[3588][1563808902692][shared][info]["booted - shared"]
[13495][1563819505695][shared][info]["EventBus~initialize - Success"]
[13495][1563819505698][shared][info]["Messaging~boot - Success"]
[13495][1563819505716][shared][info]["bootCrashReporter~ Success"]
[13495][1563819505717][shared][info]["Telemetry~boot - Success"]
[13495][1563819505719][shared][info]["bootConfigurations~initialize - Success"]
[13495][1563819505721][shared][info]["Settings~boot - Success"]
[13495][1563819505721][shared][info]["Migrations: Skipping migrations. No migrations to apply."]
[13495][1563819505841][shared][info]["bootstrapModels - Success"]
[13495][1563819505841][shared][info]["WLModels~boot - Success"]
[13495][1563819505863][shared][info]["initializeConfigurationsValues - Success"]
[13495][1563819505872][shared][info]["Migrate - Bailed out due to:","FRESH_INSTALL"]
[13495][1563819505882][shared][info]["AppModels~boot - Success"]
[13495][1563819505885][shared][info]["SharedRuntimeListeners~boot - Success"]
[13495][1563819505894][shared][info]["Sync~boot - Success"]
[13495][1563819505895][shared][info]["Shared~boot - Success"]
[13495][1563819505896][shared][info]["booted - shared"]
[4639][1563897001337][shared][info]["EventBus~initialize - Success"]
[4639][1563897001339][shared][info]["Messaging~boot - Success"]
[4639][1563897001353][shared][info]["bootCrashReporter~ Success"]
[4639][1563897001355][shared][info]["Telemetry~boot - Success"]
[4639][1563897001356][shared][info]["bootConfigurations~initialize - Success"]
[4639][1563897001357][shared][info]["Settings~boot - Success"]
[4639][1563897001357][shared][info]["Migrations: Skipping migrations. No migrations to apply."]
[4639][1563897001472][shared][info]["bootstrapModels - Success"]
[4639][1563897001473][shared][info]["WLModels~boot - Success"]
[4639][1563897001497][shared][info]["initializeConfigurationsValues - Success"]
[4639][1563897001505][shared][info]["Migrate - Bailed out due to:","FRESH_INSTALL"]
[4639][1563897001513][shared][info]["AppModels~boot - Success"]
[4639][1563897001515][shared][info]["SharedRuntimeListeners~boot - Success"]
[4639][1563897001524][shared][info]["Sync~boot - Success"]
[4639][1563897001525][shared][info]["Shared~boot - Success"]
[4639][1563897001525][shared][info]["booted - shared"]
[14277][1563898860831][shared][info]["EventBus~initialize - Success"]
[14277][1563898860834][shared][info]["Messaging~boot - Success"]
[14277][1563898860848][shared][info]["bootCrashReporter~ Success"]
[14277][1563898860850][shared][info]["Telemetry~boot - Success"]
[14277][1563898860851][shared][info]["bootConfigurations~initialize - Success"]
[14277][1563898860853][shared][info]["Settings~boot - Success"]
[14277][1563898860853][shared][info]["Migrations: Skipping migrations. No migrations to apply."]
[14277][1563898860969][shared][info]["bootstrapModels - Success"]
[14277][1563898860969][shared][info]["WLModels~boot - Success"]
[14277][1563898860988][shared][info]["initializeConfigurationsValues - Success"]
[14277][1563898860999][shared][info]["Migrate - Bailed out due to:","FRESH_INSTALL"]
[14277][1563898861009][shared][info]["AppModels~boot - Success"]
[14277][1563898861011][shared][info]["SharedRuntimeListeners~boot - Success"]
[14277][1563898861019][shared][info]["Sync~boot - Success"]
[14277][1563898861021][shared][info]["Shared~boot - Success"]
[14277][1563898861021][shared][info]["booted - shared"]
[27752][1566486292938][shared][info]["EventBus~initialize - Success"]
[27752][1566486292941][shared][info]["Messaging~boot - Success"]
[27752][1566486292957][shared][info]["bootCrashReporter~ Success"]
[27752][1566486292959][shared][info]["Telemetry~boot - Success"]
[27752][1566486292960][shared][info]["bootConfigurations~initialize - Success"]
[27752][1566486292962][shared][info]["Settings~boot - Success"]
[27752][1566486292962][shared][info]["Migrations: Skipping migrations. No migrations to apply."]
[27752][1566486293089][shared][info]["bootstrapModels - Success"]
[27752][1566486293090][shared][info]["WLModels~boot - Success"]
[27752][1566486293114][shared][info]["initializeConfigurationsValues - Success"]
[27752][1566486293122][shared][info]["Migrate - Bailed out due to:","FRESH_INSTALL"]
[27752][1566486293130][shared][info]["AppModels~boot - Success"]
[27752][1566486293133][shared][info]["SharedRuntimeListeners~boot - Success"]
[27752][1566486293141][shared][info]["Sync~boot - Success"]
[27752][1566486293142][shared][info]["Shared~boot - Success"]
[27752][1566486293143][shared][info]["booted - shared"]
