[21936][1563803603077][shell][info]["EventBus~initialize - Success"]
[21936][1563803603082][shell][info]["shellController~init: Success"]
[21936][1563803603083][shell][info]["shellMeta~init: Success"]
[21936][1563803603102][shell][info]["init~setViewAttributes - Initializing view with opts:",{"devtools":false,"id":2,"startTime":1563803602805,"type":"shared","partitionId":"default"}]
[21936][1563803603104][shell][info]["init~setViewAttributes - Success"]
[22601][1563803611104][shell][info]["EventBus~initialize - Success"]
[22601][1563803611112][shell][info]["shellController~init: Success"]
[22601][1563803611112][shell][info]["shellMeta~init: Success"]
[22601][1563803611142][shell][info]["init~setViewAttributes - Initializing view with opts:",{"devtools":false,"id":2,"startTime":1563803610764,"type":"shared","partitionId":"default"}]
[22601][1563803611143][shell][info]["init~setViewAttributes - Success"]
[22601][1563803613588][shell][info]["EventBus~initialize - Success"]
[22601][1563803613593][shell][info]["shellController~init: Success"]
[22601][1563803613594][shell][info]["shellMeta~init: Success"]
[22601][1563803613602][shell][info]["init~setViewAttributes - Initializing view with opts:",{"allIds":[3],"devtools":false,"id":3,"primaryId":3,"startTime":1563803613299,"type":"requester","partitionId":"default"}]
[22601][1563803613603][shell][info]["init~setViewAttributes - Success"]
[3588][1563808900796][shell][info]["EventBus~initialize - Success"]
[3588][1563808900801][shell][info]["shellController~init: Success"]
[3588][1563808900802][shell][info]["shellMeta~init: Success"]
[3588][1563808900823][shell][info]["init~setViewAttributes - Initializing view with opts:",{"devtools":false,"id":2,"startTime":1563808900439,"type":"shared","partitionId":"default"}]
[3588][1563808900825][shell][info]["init~setViewAttributes - Success"]
[3588][1563808903046][shell][info]["EventBus~initialize - Success"]
[3588][1563808903050][shell][info]["shellController~init: Success"]
[3588][1563808903051][shell][info]["shellMeta~init: Success"]
[3588][1563808903061][shell][info]["init~setViewAttributes - Initializing view with opts:",{"allIds":[3],"devtools":false,"id":3,"primaryId":3,"startTime":1563808902737,"type":"requester","partitionId":"default"}]
[3588][1563808903062][shell][info]["init~setViewAttributes - Success"]
[13495][1563819503924][shell][info]["EventBus~initialize - Success"]
[13495][1563819503930][shell][info]["shellController~init: Success"]
[13495][1563819503931][shell][info]["shellMeta~init: Success"]
[13495][1563819503951][shell][info]["init~setViewAttributes - Initializing view with opts:",{"devtools":false,"id":2,"startTime":1563819503578,"type":"shared","partitionId":"default"}]
[13495][1563819503953][shell][info]["init~setViewAttributes - Success"]
[13495][1563819506166][shell][info]["EventBus~initialize - Success"]
[13495][1563819506170][shell][info]["shellController~init: Success"]
[13495][1563819506170][shell][info]["shellMeta~init: Success"]
[13495][1563819506186][shell][info]["init~setViewAttributes - Initializing view with opts:",{"allIds":[3],"devtools":false,"id":3,"primaryId":3,"startTime":1563819505928,"type":"requester","partitionId":"default"}]
[13495][1563819506188][shell][info]["init~setViewAttributes - Success"]
[4639][1563896999763][shell][info]["EventBus~initialize - Success"]
[4639][1563896999768][shell][info]["shellController~init: Success"]
[4639][1563896999769][shell][info]["shellMeta~init: Success"]
[4639][1563896999787][shell][info]["init~setViewAttributes - Initializing view with opts:",{"devtools":false,"id":2,"startTime":1563896999509,"type":"shared","partitionId":"default"}]
[4639][1563896999788][shell][info]["init~setViewAttributes - Success"]
[4639][1563897001825][shell][info]["EventBus~initialize - Success"]
[4639][1563897001829][shell][info]["shellController~init: Success"]
[4639][1563897001830][shell][info]["shellMeta~init: Success"]
[4639][1563897001837][shell][info]["init~setViewAttributes - Initializing view with opts:",{"allIds":[3],"devtools":false,"id":3,"primaryId":3,"startTime":1563897001557,"type":"requester","partitionId":"default"}]
[4639][1563897001839][shell][info]["init~setViewAttributes - Success"]
[14277][1563898859232][shell][info]["EventBus~initialize - Success"]
[14277][1563898859237][shell][info]["shellController~init: Success"]
[14277][1563898859237][shell][info]["shellMeta~init: Success"]
[14277][1563898859260][shell][info]["init~setViewAttributes - Initializing view with opts:",{"devtools":false,"id":2,"startTime":1563898858950,"type":"shared","partitionId":"default"}]
[14277][1563898859262][shell][info]["init~setViewAttributes - Success"]
[14277][1563898861321][shell][info]["EventBus~initialize - Success"]
[14277][1563898861325][shell][info]["shellController~init: Success"]
[14277][1563898861325][shell][info]["shellMeta~init: Success"]
[14277][1563898861334][shell][info]["init~setViewAttributes - Initializing view with opts:",{"allIds":[3],"devtools":false,"id":3,"primaryId":3,"startTime":1563898861056,"type":"requester","partitionId":"default"}]
[14277][1563898861335][shell][info]["init~setViewAttributes - Success"]
[27752][1566486291300][shell][info]["EventBus~initialize - Success"]
[27752][1566486291305][shell][info]["shellController~init: Success"]
[27752][1566486291305][shell][info]["shellMeta~init: Success"]
[27752][1566486291327][shell][info]["init~setViewAttributes - Initializing view with opts:",{"devtools":false,"id":2,"startTime":1566486290935,"type":"shared","partitionId":"default"}]
[27752][1566486291328][shell][info]["init~setViewAttributes - Success"]
[27752][1566486293389][shell][info]["EventBus~initialize - Success"]
[27752][1566486293394][shell][info]["shellController~init: Success"]
[27752][1566486293395][shell][info]["shellMeta~init: Success"]
[27752][1566486293423][shell][info]["init~setViewAttributes - Initializing view with opts:",{"allIds":[3],"devtools":false,"id":3,"primaryId":3,"startTime":1566486293177,"type":"requester","partitionId":"default"}]
[27752][1566486293425][shell][info]["init~setViewAttributes - Success"]
