[2019-09-04 19:28:11.677] [exthost] [info] extension host started
[2019-09-04 19:28:11.721] [exthost] [info] ExtensionService#_doActivateExtension octref.vetur {"startup":false,"activationEvent":"onLanguage:vue"}
[2019-09-04 19:28:11.721] [exthost] [info] ExtensionService#loadCommonJSModule /home/ward/.vscode-oss/extensions/octref.vetur-0.22.2/dist/client/vueMain
[2019-09-04 19:28:11.780] [exthost] [info] ExtensionService#_doActivateExtension vscode.debug-auto-launch {"startup":true,"activationEvent":"*"}
[2019-09-04 19:28:11.780] [exthost] [info] ExtensionService#loadCommonJSModule /usr/lib/code/extensions/debug-auto-launch/dist/extension
[2019-09-04 19:28:11.789] [exthost] [info] ExtensionService#_doActivateExtension vscode.emmet {"startup":true,"activationEvent":"*"}
[2019-09-04 19:28:11.789] [exthost] [info] ExtensionService#loadCommonJSModule /usr/lib/code/extensions/emmet/dist/extension
[2019-09-04 19:28:11.801] [exthost] [info] ExtensionService#_doActivateExtension vscode.git {"startup":true,"activationEvent":"*"}
[2019-09-04 19:28:11.801] [exthost] [info] ExtensionService#loadCommonJSModule /usr/lib/code/extensions/git/dist/main
[2019-09-04 19:28:11.839] [exthost] [info] ExtensionService#_doActivateExtension vscode.merge-conflict {"startup":true,"activationEvent":"*"}
[2019-09-04 19:28:11.839] [exthost] [info] ExtensionService#loadCommonJSModule /usr/lib/code/extensions/merge-conflict/dist/extension
[2019-09-04 19:28:11.841] [exthost] [info] ExtensionService#_doActivateExtension HookyQR.beautify {"startup":true,"activationEvent":"*"}
[2019-09-04 19:28:11.841] [exthost] [info] ExtensionService#loadCommonJSModule /home/ward/.vscode-oss/extensions/hookyqr.beautify-1.5.0/extension
[2019-09-04 19:28:11.879] [exthost] [info] ExtensionService#_doActivateExtension ritwickdey.LiveServer {"startup":true,"activationEvent":"*"}
[2019-09-04 19:28:11.879] [exthost] [info] ExtensionService#loadCommonJSModule /home/ward/.vscode-oss/extensions/ritwickdey.liveserver-5.6.1/out/src/extension
[2019-09-04 19:28:12.177] [exthost] [info] ExtensionService#_doActivateExtension vscode.npm {"startup":true,"activationEvent":"workspaceContains:package.json"}
[2019-09-04 19:28:12.177] [exthost] [info] ExtensionService#loadCommonJSModule /usr/lib/code/extensions/npm/dist/main
[2019-09-04 19:28:12.183] [exthost] [info] ExtensionService#_doActivateExtension yzhang.markdown-all-in-one {"startup":true,"activationEvent":"workspaceContains:README.md"}
[2019-09-04 19:28:12.183] [exthost] [info] ExtensionService#loadCommonJSModule /home/ward/.vscode-oss/extensions/yzhang.markdown-all-in-one-2.4.2/dist/extension
[2019-09-04 19:28:12.468] [exthost] [info] eager extensions activated
[2019-09-04 19:30:20.824] [exthost] [info] ExtensionService#_doActivateExtension vscode.typescript-language-features {"startup":false,"activationEvent":"onLanguage:javascript"}
[2019-09-04 19:30:20.824] [exthost] [info] ExtensionService#loadCommonJSModule /usr/lib/code/extensions/typescript-language-features/dist/extension
[2019-09-04 19:35:14.558] [exthost] [info] ExtensionService#_doActivateExtension vscode.extension-editing {"startup":false,"activationEvent":"onLanguage:typescript"}
[2019-09-04 19:35:14.558] [exthost] [info] ExtensionService#loadCommonJSModule /usr/lib/code/extensions/extension-editing/dist/extension
[2019-09-04 19:36:59.021] [exthost] [error] [octref.vetur] provider FAILED
[2019-09-04 19:36:59.025] [exthost] [error] Error: name must not be falsy
	at Function.validate (/usr/lib/code/out/vs/workbench/services/extensions/node/extensionHostProcess.js:356:724)
	at new w (/usr/lib/code/out/vs/workbench/services/extensions/node/extensionHostProcess.js:356:673)
	at new w (/usr/lib/code/out/vs/workbench/services/extensions/node/extensionHostProcess.js:345:619)
	at asSymbolInformation (/home/ward/.vscode-oss/extensions/octref.vetur-0.22.2/node_modules/vscode-languageclient/lib/protocolConverter.js:411:22)
	at values.map.information (/home/ward/.vscode-oss/extensions/octref.vetur-0.22.2/node_modules/vscode-languageclient/lib/protocolConverter.js:400:42)
	at Array.map (<anonymous>)
	at Object.asSymbolInformations (/home/ward/.vscode-oss/extensions/octref.vetur-0.22.2/node_modules/vscode-languageclient/lib/protocolConverter.js:400:23)
	at registerLanguageProvider.client.sendRequest.then (/home/ward/.vscode-oss/extensions/octref.vetur-0.22.2/node_modules/vscode-languageclient/lib/client.js:1005:62)
[2019-09-04 19:37:11.249] [exthost] [error] [octref.vetur] provider FAILED
[2019-09-04 19:37:11.250] [exthost] [error] Error: name must not be falsy
	at Function.validate (/usr/lib/code/out/vs/workbench/services/extensions/node/extensionHostProcess.js:356:724)
	at new w (/usr/lib/code/out/vs/workbench/services/extensions/node/extensionHostProcess.js:356:673)
	at new w (/usr/lib/code/out/vs/workbench/services/extensions/node/extensionHostProcess.js:345:619)
	at asSymbolInformation (/home/ward/.vscode-oss/extensions/octref.vetur-0.22.2/node_modules/vscode-languageclient/lib/protocolConverter.js:411:22)
	at values.map.information (/home/ward/.vscode-oss/extensions/octref.vetur-0.22.2/node_modules/vscode-languageclient/lib/protocolConverter.js:400:42)
	at Array.map (<anonymous>)
	at Object.asSymbolInformations (/home/ward/.vscode-oss/extensions/octref.vetur-0.22.2/node_modules/vscode-languageclient/lib/protocolConverter.js:400:23)
	at registerLanguageProvider.client.sendRequest.then (/home/ward/.vscode-oss/extensions/octref.vetur-0.22.2/node_modules/vscode-languageclient/lib/client.js:1005:62)
[2019-09-04 19:37:11.697] [exthost] [error] [octref.vetur] provider FAILED
[2019-09-04 19:37:11.697] [exthost] [error] Error: name must not be falsy
	at Function.validate (/usr/lib/code/out/vs/workbench/services/extensions/node/extensionHostProcess.js:356:724)
	at new w (/usr/lib/code/out/vs/workbench/services/extensions/node/extensionHostProcess.js:356:673)
	at new w (/usr/lib/code/out/vs/workbench/services/extensions/node/extensionHostProcess.js:345:619)
	at asSymbolInformation (/home/ward/.vscode-oss/extensions/octref.vetur-0.22.2/node_modules/vscode-languageclient/lib/protocolConverter.js:411:22)
	at values.map.information (/home/ward/.vscode-oss/extensions/octref.vetur-0.22.2/node_modules/vscode-languageclient/lib/protocolConverter.js:400:42)
	at Array.map (<anonymous>)
	at Object.asSymbolInformations (/home/ward/.vscode-oss/extensions/octref.vetur-0.22.2/node_modules/vscode-languageclient/lib/protocolConverter.js:400:23)
	at registerLanguageProvider.client.sendRequest.then (/home/ward/.vscode-oss/extensions/octref.vetur-0.22.2/node_modules/vscode-languageclient/lib/client.js:1005:62)
[2019-09-04 19:37:18.568] [exthost] [error] [octref.vetur] provider FAILED
[2019-09-04 19:37:18.568] [exthost] [error] Error: name must not be falsy
	at Function.validate (/usr/lib/code/out/vs/workbench/services/extensions/node/extensionHostProcess.js:356:724)
	at new w (/usr/lib/code/out/vs/workbench/services/extensions/node/extensionHostProcess.js:356:673)
	at new w (/usr/lib/code/out/vs/workbench/services/extensions/node/extensionHostProcess.js:345:619)
	at asSymbolInformation (/home/ward/.vscode-oss/extensions/octref.vetur-0.22.2/node_modules/vscode-languageclient/lib/protocolConverter.js:411:22)
	at values.map.information (/home/ward/.vscode-oss/extensions/octref.vetur-0.22.2/node_modules/vscode-languageclient/lib/protocolConverter.js:400:42)
	at Array.map (<anonymous>)
	at Object.asSymbolInformations (/home/ward/.vscode-oss/extensions/octref.vetur-0.22.2/node_modules/vscode-languageclient/lib/protocolConverter.js:400:23)
	at registerLanguageProvider.client.sendRequest.then (/home/ward/.vscode-oss/extensions/octref.vetur-0.22.2/node_modules/vscode-languageclient/lib/client.js:1005:62)
[2019-09-04 20:37:05.310] [exthost] [error] [octref.vetur] provider FAILED
[2019-09-04 20:37:05.310] [exthost] [error] Error: name must not be falsy
	at Function.validate (/usr/lib/code/out/vs/workbench/services/extensions/node/extensionHostProcess.js:356:724)
	at new w (/usr/lib/code/out/vs/workbench/services/extensions/node/extensionHostProcess.js:356:673)
	at new w (/usr/lib/code/out/vs/workbench/services/extensions/node/extensionHostProcess.js:345:619)
	at asSymbolInformation (/home/ward/.vscode-oss/extensions/octref.vetur-0.22.2/node_modules/vscode-languageclient/lib/protocolConverter.js:411:22)
	at values.map.information (/home/ward/.vscode-oss/extensions/octref.vetur-0.22.2/node_modules/vscode-languageclient/lib/protocolConverter.js:400:42)
	at Array.map (<anonymous>)
	at Object.asSymbolInformations (/home/ward/.vscode-oss/extensions/octref.vetur-0.22.2/node_modules/vscode-languageclient/lib/protocolConverter.js:400:23)
	at registerLanguageProvider.client.sendRequest.then (/home/ward/.vscode-oss/extensions/octref.vetur-0.22.2/node_modules/vscode-languageclient/lib/client.js:1005:62)
