[2019-09-22 19:24:05.618] [renderer1] [error] Line 4: Unexpected token }: Error: Line 4: Unexpected token }
	at ErrorHandler.constructError (/home/ward/.vscode-oss/extensions/filipesabella.live-p5-1.3.0/node_modules/esprima/dist/esprima.js:5012:22)
	at ErrorHandler.createError (/home/ward/.vscode-oss/extensions/filipesabella.live-p5-1.3.0/node_modules/esprima/dist/esprima.js:5028:27)
	at Parser.unexpectedTokenError (/home/ward/.vscode-oss/extensions/filipesabella.live-p5-1.3.0/node_modules/esprima/dist/esprima.js:1985:39)
	at Parser.throwUnexpectedToken (/home/ward/.vscode-oss/extensions/filipesabella.live-p5-1.3.0/node_modules/esprima/dist/esprima.js:1995:21)
	at Parser.parsePrimaryExpression (/home/ward/.vscode-oss/extensions/filipesabella.live-p5-1.3.0/node_modules/esprima/dist/esprima.js:2366:38)
	at Parser.inheritCoverGrammar (/home/ward/.vscode-oss/extensions/filipesabella.live-p5-1.3.0/node_modules/esprima/dist/esprima.js:2285:37)
	at Parser.parseLeftHandSideExpressionAllowCall (/home/ward/.vscode-oss/extensions/filipesabella.live-p5-1.3.0/node_modules/esprima/dist/esprima.js:2899:26)
	at Parser.inheritCoverGrammar (/home/ward/.vscode-oss/extensions/filipesabella.live-p5-1.3.0/node_modules/esprima/dist/esprima.js:2285:37)
	at Parser.parseUpdateExpression (/home/ward/.vscode-oss/extensions/filipesabella.live-p5-1.3.0/node_modules/esprima/dist/esprima.js:3004:26)
	at Parser.parseUnaryExpression (/home/ward/.vscode-oss/extensions/filipesabella.live-p5-1.3.0/node_modules/esprima/dist/esprima.js:3048:26)
	at Parser.inheritCoverGrammar (/home/ward/.vscode-oss/extensions/filipesabella.live-p5-1.3.0/node_modules/esprima/dist/esprima.js:2285:37)
	at Parser.parseExponentiationExpression (/home/ward/.vscode-oss/extensions/filipesabella.live-p5-1.3.0/node_modules/esprima/dist/esprima.js:3054:26)
	at Parser.isolateCoverGrammar (/home/ward/.vscode-oss/extensions/filipesabella.live-p5-1.3.0/node_modules/esprima/dist/esprima.js:2269:37)
	at Parser.parseBinaryExpression (/home/ward/.vscode-oss/extensions/filipesabella.live-p5-1.3.0/node_modules/esprima/dist/esprima.js:3098:31)
	at Parser.inheritCoverGrammar (/home/ward/.vscode-oss/extensions/filipesabella.live-p5-1.3.0/node_modules/esprima/dist/esprima.js:2285:37)
	at Parser.parseConditionalExpression (/home/ward/.vscode-oss/extensions/filipesabella.live-p5-1.3.0/node_modules/esprima/dist/esprima.js:3141:26)
	at Parser.parseAssignmentExpression (/home/ward/.vscode-oss/extensions/filipesabella.live-p5-1.3.0/node_modules/esprima/dist/esprima.js:3250:26)
	at Parser.isolateCoverGrammar (/home/ward/.vscode-oss/extensions/filipesabella.live-p5-1.3.0/node_modules/esprima/dist/esprima.js:2269:37)
	at Parser.parseExpression (/home/ward/.vscode-oss/extensions/filipesabella.live-p5-1.3.0/node_modules/esprima/dist/esprima.js:3341:26)
	at Parser.parseLabelledStatement (/home/ward/.vscode-oss/extensions/filipesabella.live-p5-1.3.0/node_modules/esprima/dist/esprima.js:3996:26)
	at Parser.parseStatement (/home/ward/.vscode-oss/extensions/filipesabella.live-p5-1.3.0/node_modules/esprima/dist/esprima.js:4122:97)
	at Parser.parseStatementListItem (/home/ward/.vscode-oss/extensions/filipesabella.live-p5-1.3.0/node_modules/esprima/dist/esprima.js:3393:31)
	at Parser.parseFunctionSourceElements (/home/ward/.vscode-oss/extensions/filipesabella.live-p5-1.3.0/node_modules/esprima/dist/esprima.js:4195:29)
	at Parser.parseFunctionDeclaration (/home/ward/.vscode-oss/extensions/filipesabella.live-p5-1.3.0/node_modules/esprima/dist/esprima.js:4347:26)
	at Parser.parseStatementListItem (/home/ward/.vscode-oss/extensions/filipesabella.live-p5-1.3.0/node_modules/esprima/dist/esprima.js:3379:39)
	at Parser.parseScript (/home/ward/.vscode-oss/extensions/filipesabella.live-p5-1.3.0/node_modules/esprima/dist/esprima.js:4723:29)
	at Object.parse (/home/ward/.vscode-oss/extensions/filipesabella.live-p5-1.3.0/node_modules/esprima/dist/esprima.js:122:61)
	at Object.parse (/home/ward/.vscode-oss/extensions/filipesabella.live-p5-1.3.0/node_modules/recast/parsers/esprima.js:13:34)
	at Object.parse (/home/ward/.vscode-oss/extensions/filipesabella.live-p5-1.3.0/node_modules/recast/lib/parser.js:31:30)
	at astFromUserCode (/home/ward/.vscode-oss/extensions/filipesabella.live-p5-1.3.0/out/src/code-parser.js:71:51)
	at Object.codeHasChanged (/home/ward/.vscode-oss/extensions/filipesabella.live-p5-1.3.0/out/src/code-parser.js:11:30)
	at vscode.workspace.onDidChangeTextDocument.e (/home/ward/.vscode-oss/extensions/filipesabella.live-p5-1.3.0/out/src/extension.js:24:20)
	at u.fire (/usr/lib/code/out/vs/workbench/services/extensions/node/extensionHostProcess.js:50:207)
	at c.$acceptModelChanged (/usr/lib/code/out/vs/workbench/services/extensions/node/extensionHostProcess.js:540:850)
	at d._doInvokeHandler (/usr/lib/code/out/vs/workbench/services/extensions/node/extensionHostProcess.js:668:1006)
	at d._invokeHandler (/usr/lib/code/out/vs/workbench/services/extensions/node/extensionHostProcess.js:668:698)
	at d._receiveRequest (/usr/lib/code/out/vs/workbench/services/extensions/node/extensionHostProcess.js:667:346)
	at d._receiveOneMessage (/usr/lib/code/out/vs/workbench/services/extensions/node/extensionHostProcess.js:666:141)
	at define.constructor._protocol.onMessage.e (/usr/lib/code/out/vs/workbench/services/extensions/node/extensionHostProcess.js:664:400)
	at u.fire (/usr/lib/code/out/vs/workbench/services/extensions/node/extensionHostProcess.js:50:207)
	at a (/usr/lib/code/out/vs/workbench/services/extensions/node/extensionHostProcess.js:179:815)
	at e (/usr/lib/code/out/vs/workbench/services/extensions/node/extensionHostProcess.js:179:861)
	at u.fire (/usr/lib/code/out/vs/workbench/services/extensions/node/extensionHostProcess.js:50:207)
	at n.constructor.e.onMessage.e (/usr/lib/code/out/vs/workbench/services/extensions/node/extensionHostProcess.js:775:104)
	at u.fire (/usr/lib/code/out/vs/workbench/services/extensions/node/extensionHostProcess.js:50:207)
	at a (/usr/lib/code/out/vs/workbench/services/extensions/node/extensionHostProcess.js:179:815)
	at e (/usr/lib/code/out/vs/workbench/services/extensions/node/extensionHostProcess.js:179:861)
	at u.fire (/usr/lib/code/out/vs/workbench/services/extensions/node/extensionHostProcess.js:50:207)
	at y._receiveMessage (/usr/lib/code/out/vs/workbench/services/extensions/node/extensionHostProcess.js:188:834)
	at define.constructor._socketDisposables.push._socketReader.onMessage.e (/usr/lib/code/out/vs/workbench/services/extensions/node/extensionHostProcess.js:186:116)
	at u.fire (/usr/lib/code/out/vs/workbench/services/extensions/node/extensionHostProcess.js:50:207)
	at f.acceptChunk (/usr/lib/code/out/vs/workbench/services/extensions/node/extensionHostProcess.js:182:588)
	at define.constructor._register._socket.onData.e (/usr/lib/code/out/vs/workbench/services/extensions/node/extensionHostProcess.js:181:919)
	at Socket.t (/usr/lib/code/out/vs/workbench/services/extensions/node/extensionHostProcess.js:190:329)
	at Socket.emit (events.js:182:13)
	at addChunk (_stream_readable.js:283:12)
	at readableAddChunk (_stream_readable.js:264:11)
	at Socket.Readable.push (_stream_readable.js:219:10)
	at Pipe.onStreamRead [as onread] (internal/stream_base_commons.js:94:17)
