[2019-09-04 19:25:05.134] [exthost] [info] extension host started
[2019-09-04 19:25:05.146] [exthost] [info] ExtensionService#_doActivateExtension vscode.debug-auto-launch {"startup":true,"activationEvent":"*"}
[2019-09-04 19:25:05.146] [exthost] [info] ExtensionService#loadCommonJSModule /usr/lib/code/extensions/debug-auto-launch/dist/extension
[2019-09-04 19:25:05.148] [exthost] [info] ExtensionService#_doActivateExtension vscode.emmet {"startup":true,"activationEvent":"*"}
[2019-09-04 19:25:05.148] [exthost] [info] ExtensionService#loadCommonJSModule /usr/lib/code/extensions/emmet/dist/extension
[2019-09-04 19:25:05.186] [exthost] [info] ExtensionService#_doActivateExtension vscode.git {"startup":true,"activationEvent":"*"}
[2019-09-04 19:25:05.186] [exthost] [info] ExtensionService#loadCommonJSModule /usr/lib/code/extensions/git/dist/main
[2019-09-04 19:25:05.266] [exthost] [info] ExtensionService#_doActivateExtension vscode.merge-conflict {"startup":true,"activationEvent":"*"}
[2019-09-04 19:25:05.266] [exthost] [info] ExtensionService#loadCommonJSModule /usr/lib/code/extensions/merge-conflict/dist/extension
[2019-09-04 19:25:05.270] [exthost] [info] ExtensionService#_doActivateExtension HookyQR.beautify {"startup":true,"activationEvent":"*"}
[2019-09-04 19:25:05.270] [exthost] [info] ExtensionService#loadCommonJSModule /home/ward/.vscode-oss/extensions/hookyqr.beautify-1.5.0/extension
[2019-09-04 19:25:05.313] [exthost] [info] ExtensionService#_doActivateExtension ritwickdey.LiveServer {"startup":true,"activationEvent":"*"}
[2019-09-04 19:25:05.313] [exthost] [info] ExtensionService#loadCommonJSModule /home/ward/.vscode-oss/extensions/ritwickdey.liveserver-5.6.1/out/src/extension
[2019-09-04 19:25:05.569] [exthost] [info] ExtensionService#_doActivateExtension vscode.npm {"startup":true,"activationEvent":"workspaceContains:package.json"}
[2019-09-04 19:25:05.569] [exthost] [info] ExtensionService#loadCommonJSModule /usr/lib/code/extensions/npm/dist/main
[2019-09-04 19:25:05.584] [exthost] [info] ExtensionService#_doActivateExtension yzhang.markdown-all-in-one {"startup":true,"activationEvent":"workspaceContains:README.md"}
[2019-09-04 19:25:05.584] [exthost] [info] ExtensionService#loadCommonJSModule /home/ward/.vscode-oss/extensions/yzhang.markdown-all-in-one-2.4.2/dist/extension
[2019-09-04 19:25:05.843] [exthost] [info] eager extensions activated
[2019-09-04 19:25:19.754] [exthost] [info] ExtensionService#_doActivateExtension vscode.typescript-language-features {"startup":false,"activationEvent":"onLanguage:javascript"}
[2019-09-04 19:25:19.754] [exthost] [info] ExtensionService#loadCommonJSModule /usr/lib/code/extensions/typescript-language-features/dist/extension
[2019-09-04 19:25:29.696] [exthost] [info] ExtensionService#_doActivateExtension vscode.extension-editing {"startup":false,"activationEvent":"onLanguage:markdown"}
[2019-09-04 19:25:29.696] [exthost] [info] ExtensionService#loadCommonJSModule /usr/lib/code/extensions/extension-editing/dist/extension
[2019-09-04 19:25:29.738] [exthost] [info] ExtensionService#_doActivateExtension vscode.markdown-language-features {"startup":false,"activationEvent":"onLanguage:markdown"}
[2019-09-04 19:25:29.738] [exthost] [info] ExtensionService#loadCommonJSModule /usr/lib/code/extensions/markdown-language-features/dist/extension
[2019-09-04 19:25:30.154] [exthost] [info] ExtensionService#_doActivateExtension vscode.configuration-editing {"startup":false,"activationEvent":"onLanguage:json"}
[2019-09-04 19:25:30.154] [exthost] [info] ExtensionService#loadCommonJSModule /usr/lib/code/extensions/configuration-editing/dist/extension
[2019-09-04 19:25:30.161] [exthost] [info] ExtensionService#_doActivateExtension vscode.json-language-features {"startup":false,"activationEvent":"onLanguage:json"}
[2019-09-04 19:25:30.161] [exthost] [info] ExtensionService#loadCommonJSModule /usr/lib/code/extensions/json-language-features/client/dist/jsonMain
[2019-09-04 19:25:51.997] [exthost] [info] ExtensionService#_doActivateExtension octref.vetur {"startup":false,"activationEvent":"onLanguage:vue"}
[2019-09-04 19:25:51.997] [exthost] [info] ExtensionService#loadCommonJSModule /home/ward/.vscode-oss/extensions/octref.vetur-0.22.2/dist/client/vueMain
